#
# There is insufficient memory for the Java Runtime Environment to continue.
# Native memory allocation (mmap) failed to map 134217728 bytes for Failed to commit area from 0x0000000081c00000 to 0x0000000089c00000 of length 134217728.
# Possible reasons:
#   The system is out of physical RAM or swap space
#   The process is running with CompressedOops enabled, and the Java Heap may be blocking the growth of the native heap
# Possible solutions:
#   Reduce memory load on the system
#   Increase physical memory or swap space
#   Check if swap backing store is full
#   Decrease Java heap size (-Xmx/-Xms)
#   Decrease number of Java threads
#   Decrease Java thread stack sizes (-Xss)
#   Set larger code cache with -XX:ReservedCodeCacheSize=
# This output file may be truncated or incomplete.
#
#  Out of Memory Error (src/hotspot/os/windows/os_windows.cpp:3627), pid=9476, tid=9292
#
# JRE version:  (11.0.15) (build )
# Java VM: OpenJDK 64-Bit Server VM (11.0.15+0-b2043.56-9505619, mixed mode, sharing, tiered, compressed oops, g1 gc, windows-amd64)
# No core dump will be written. Minidumps are not enabled by default on client versions of Windows
#

---------------  S U M M A R Y ------------

Command Line: org.jetbrains.kotlin.cli.jvm.K2JVMCompiler @C:\Users\julia\OneDrive\DTU\4. semester\project kursus\AndroidStudioProjects\app\build\20230420_3835774917712208579.compiler.options

Host: Intel(R) Core(TM) i5-8250U CPU @ 1.60GHz, 8 cores, 7G,  Windows 10 , 64 bit Build 19041 (10.0.19041.1741)
Time: Thu Apr 20 08:50:53 2023 Rom, sommertid elapsed time: 0.011850 seconds (0d 0h 0m 0s)

---------------  T H R E A D  ---------------

Current thread (0x000001baf0bc4000):  JavaThread "Unknown thread" [_thread_in_vm, id=9292, stack(0x0000003420700000,0x0000003420800000)]

Stack: [0x0000003420700000,0x0000003420800000]
Native frames: (J=compiled Java code, j=interpreted, Vv=VM code, C=native code)
V  [jvm.dll+0x64135a]
V  [jvm.dll+0x7d39f9]
V  [jvm.dll+0x7d51b9]
V  [jvm.dll+0x7d58a3]
V  [jvm.dll+0x2691c5]
V  [jvm.dll+0x63e4e9]
V  [jvm.dll+0x632985]
V  [jvm.dll+0x3231ac]
V  [jvm.dll+0x323032]
V  [jvm.dll+0x327c06]
V  [jvm.dll+0x36ffa2]
V  [jvm.dll+0x36fa01]
V  [jvm.dll+0x2fea28]
V  [jvm.dll+0x2ffb25]
V  [jvm.dll+0x7accd7]
V  [jvm.dll+0x7ae49f]
V  [jvm.dll+0x37d299]
V  [jvm.dll+0x78ef9f]
V  [jvm.dll+0x3ec847]
V  [jvm.dll+0x3eed31]
C  [jli.dll+0x52cb]
C  [ucrtbase.dll+0x21bb2]
C  [KERNEL32.DLL+0x17034]
C  [ntdll.dll+0x52651]


---------------  P R O C E S S  ---------------

Threads class SMR info:
_java_thread_list=0x000001baeeaf3bb0, length=0, elements={
}

Java Threads: ( => current thread )

Other Threads:
  0x000001baf0bdc800 GCTaskThread "GC Thread#0" [stack: 0x0000003420800000,0x0000003420900000] [id=18860]
  0x000001baf0c0d800 ConcurrentGCThread "G1 Main Marker" [stack: 0x0000003420900000,0x0000003420a00000] [id=22968]
  0x000001baf0c10000 ConcurrentGCThread "G1 Conc#0" [stack: 0x0000003420a00000,0x0000003420b00000] [id=23764]

[error occurred during error reporting (printing all threads), id 0xc0000005, EXCEPTION_ACCESS_VIOLATION (0xc0000005) at pc=0x00007ffdcb28f3e7]

VM state:not at safepoint (not fully initialized)

VM Mutex/Monitor currently owned by a thread:  ([mutex/lock_event])
[0x000001baf0bc1290] Heap_lock - owner thread: 0x000001baf0bc4000

Heap address: 0x0000000081c00000, size: 2020 MB, Compressed Oops mode: Non-zero based: 0x0000000081c00000
Narrow klass base: 0x0000000000000000, Narrow klass shift: 0

GC Heap History (0 events):
No events

Deoptimization events (0 events):
No events

Classes redefined (0 events):
No events

Internal exceptions (0 events):
No events

Events (1 events):
Event: 0.008 Loaded shared library C:\Program Files\Android\Android Studio\jbr\bin\zip.dll


Dynamic libraries:
0x00007ff6f8730000 - 0x00007ff6f873a000 	C:\Program Files\Android\Android Studio\jbr\bin\java.exe
0x00007ffe6cc90000 - 0x00007ffe6ce87000 	C:\WINDOWS\SYSTEM32\ntdll.dll
0x00007ffe6cb10000 - 0x00007ffe6cbcd000 	C:\WINDOWS\System32\KERNEL32.DLL
0x00007ffe6a3b0000 - 0x00007ffe6a67d000 	C:\WINDOWS\System32\KERNELBASE.dll
0x00007ffe6a910000 - 0x00007ffe6aa10000 	C:\WINDOWS\System32\ucrtbase.dll
0x00007ffe65660000 - 0x00007ffe65677000 	C:\Program Files\Android\Android Studio\jbr\bin\jli.dll
0x00007ffe65560000 - 0x00007ffe6557b000 	C:\Program Files\Android\Android Studio\jbr\bin\VCRUNTIME140.dll
0x00007ffe6b5a0000 - 0x00007ffe6b740000 	C:\WINDOWS\System32\USER32.dll
0x00007ffe6aa10000 - 0x00007ffe6aa32000 	C:\WINDOWS\System32\win32u.dll
0x00007ffe51920000 - 0x00007ffe51bba000 	C:\WINDOWS\WinSxS\amd64_microsoft.windows.common-controls_6595b64144ccf1df_6.0.19041.1110_none_60b5254171f9507e\COMCTL32.dll
0x00007ffe6c280000 - 0x00007ffe6c2aa000 	C:\WINDOWS\System32\GDI32.dll
0x00007ffe6af10000 - 0x00007ffe6afae000 	C:\WINDOWS\System32\msvcrt.dll
0x00007ffe6abe0000 - 0x00007ffe6aceb000 	C:\WINDOWS\System32\gdi32full.dll
0x00007ffe6a680000 - 0x00007ffe6a71d000 	C:\WINDOWS\System32\msvcp_win.dll
0x00007ffe6aee0000 - 0x00007ffe6af10000 	C:\WINDOWS\System32\IMM32.DLL
0x00007ffe64230000 - 0x00007ffe6423c000 	C:\Program Files\Android\Android Studio\jbr\bin\vcruntime140_1.dll
0x00007ffe5dac0000 - 0x00007ffe5db4d000 	C:\Program Files\Android\Android Studio\jbr\bin\msvcp140.dll
0x00007ffdcaf80000 - 0x00007ffdcbb3c000 	C:\Program Files\Android\Android Studio\jbr\bin\server\jvm.dll
0x00007ffe6b3d0000 - 0x00007ffe6b47e000 	C:\WINDOWS\System32\ADVAPI32.dll
0x00007ffe6c2b0000 - 0x00007ffe6c34c000 	C:\WINDOWS\System32\sechost.dll
0x00007ffe6adb0000 - 0x00007ffe6aed5000 	C:\WINDOWS\System32\RPCRT4.dll
0x00007ffe6c260000 - 0x00007ffe6c268000 	C:\WINDOWS\System32\PSAPI.DLL
0x00007ffe58140000 - 0x00007ffe58149000 	C:\WINDOWS\SYSTEM32\WSOCK32.dll
0x00007ffe58650000 - 0x00007ffe58677000 	C:\WINDOWS\SYSTEM32\WINMM.dll
0x00007ffe623c0000 - 0x00007ffe623ca000 	C:\WINDOWS\SYSTEM32\VERSION.dll
0x00007ffe6c820000 - 0x00007ffe6c88b000 	C:\WINDOWS\System32\WS2_32.dll
0x00007ffe68c70000 - 0x00007ffe68c82000 	C:\WINDOWS\SYSTEM32\kernel.appcore.dll
0x00007ffe65710000 - 0x00007ffe65720000 	C:\Program Files\Android\Android Studio\jbr\bin\verify.dll
0x00007ffe681a0000 - 0x00007ffe68384000 	C:\WINDOWS\SYSTEM32\DBGHELP.DLL
0x00007ffe51bc0000 - 0x00007ffe51bec000 	C:\WINDOWS\SYSTEM32\dbgcore.DLL
0x00007ffe6a720000 - 0x00007ffe6a7a2000 	C:\WINDOWS\System32\bcryptPrimitives.dll
0x00007ffe53550000 - 0x00007ffe53578000 	C:\Program Files\Android\Android Studio\jbr\bin\java.dll
0x00007ffe65690000 - 0x00007ffe6569a000 	C:\Program Files\Android\Android Studio\jbr\bin\jimage.dll
0x00007ffe64290000 - 0x00007ffe642a8000 	C:\Program Files\Android\Android Studio\jbr\bin\zip.dll

dbghelp: loaded successfully - version: 4.0.5 - missing functions: none
symbol engine: initialized successfully - sym options: 0x614 - pdb path: .;C:\Program Files\Android\Android Studio\jbr\bin;C:\WINDOWS\SYSTEM32;C:\WINDOWS\WinSxS\amd64_microsoft.windows.common-controls_6595b64144ccf1df_6.0.19041.1110_none_60b5254171f9507e;C:\Program Files\Android\Android Studio\jbr\bin\server

VM Arguments:
java_command: org.jetbrains.kotlin.cli.jvm.K2JVMCompiler @C:\Users\julia\OneDrive\DTU\4. semester\project kursus\AndroidStudioProjects\app\build\20230420_3835774917712208579.compiler.options
java_class_path (initial): C:\Users\julia\.gradle\caches\modules-2\files-2.1\org.jetbrains.kotlin\kotlin-compiler-embeddable\1.7.0\4d09852239f61842072b40b524882fa3caaed371\kotlin-compiler-embeddable-1.7.0.jar;C:\Users\julia\.gradle\caches\modules-2\files-2.1\org.jetbrains.kotlin\kotlin-reflect\1.7.0\e660b0079fdaf744dc9cc7f6f3aa3c761ec839b0\kotlin-reflect-1.7.0.jar;C:\Users\julia\.gradle\caches\modules-2\files-2.1\org.jetbrains.kotlin\kotlin-stdlib\1.7.0\a5f42c684ad9003160ef0d0f693ecf0ba7b13549\kotlin-stdlib-1.7.0.jar;C:\Users\julia\.gradle\caches\modules-2\files-2.1\org.jetbrains.kotlin\kotlin-script-runtime\1.7.0\3acea1d447587e61bc3e1b3ed6227d9e9ed4ddf1\kotlin-script-runtime-1.7.0.jar;C:\Users\julia\.gradle\caches\modules-2\files-2.1\org.jetbrains.kotlin\kotlin-daemon-embeddable\1.7.0\fd56798de80825c673ac93808284c5198ffa2b50\kotlin-daemon-embeddable-1.7.0.jar;C:\Users\julia\.gradle\caches\modules-2\files-2.1\org.jetbrains.intellij.deps\trove4j\1.0.20200330\3afb14d5f9ceb459d724e907a21145e8ff394f02\trove4j-1.0.20200330.jar;C:\Users\julia\.gradle\caches\modules-2\files-2.1\net.java.dev.jna\jna\5.6.0\330f2244e9030119ab3030fc3fededc86713d9cc\jna-5.6.0.jar;C:\Users\julia\.gradle\caches\modules-2\files-2.1\org.jetbrains.kotlin\kotlin-stdlib-common\1.7.0\51736992f422993a1e741051bdf3c12801bc1ca1\kotlin-stdlib-common-1.7.0.jar;C:\Users\julia\.gradle\caches\modules-2\files-2.1\org.jetbrains\annotations\13.0\919f0dfe192fb4e063e7dacadee7f8bb9a2672a9\annotations-13.0.jar
Launcher Type: SUN_STANDARD

[Global flags]
     intx CICompilerCount                          = 4                                         {product} {ergonomic}
     uint ConcGCThreads                            = 2                                         {product} {ergonomic}
     uint G1ConcRefinementThreads                  = 8                                         {product} {ergonomic}
   size_t G1HeapRegionSize                         = 1048576                                   {product} {ergonomic}
    uintx GCDrainStackTargetSize                   = 64                                        {product} {ergonomic}
   size_t InitialHeapSize                          = 134217728                                 {product} {ergonomic}
   size_t MarkStackSize                            = 4194304                                   {product} {ergonomic}
   size_t MaxHeapSize                              = 2118123520                                {product} {ergonomic}
   size_t MinHeapDeltaBytes                        = 1048576                                   {product} {ergonomic}
    uintx NonNMethodCodeHeapSize                   = 5836300                                {pd product} {ergonomic}
    uintx NonProfiledCodeHeapSize                  = 122910970                              {pd product} {ergonomic}
    uintx ProfiledCodeHeapSize                     = 122910970                              {pd product} {ergonomic}
    uintx ReservedCodeCacheSize                    = 251658240                              {pd product} {ergonomic}
     bool SegmentedCodeCache                       = true                                      {product} {ergonomic}
     bool UseCompressedClassPointers               = true                                 {lp64_product} {ergonomic}
     bool UseCompressedOops                        = true                                 {lp64_product} {ergonomic}
     bool UseG1GC                                  = true                                      {product} {ergonomic}
     bool UseLargePagesIndividualAllocation        = false                                  {pd product} {ergonomic}

Logging:
Log output configuration:
 #0: stdout all=warning uptime,level,tags
 #1: stderr all=off uptime,level,tags

Environment Variables:
PATH=C:\Program Files\Zulu\zulu-8\bin\;C:\Program Files\Common Files\Oracle\Java\javapath;C:\Program Files (x86)\Common Files\Oracle\Java\javapath;C:\Program Files (x86)\Intel\Intel(R) Management Engine Components\iCLS\;C:\Program Files\Intel\Intel(R) Management Engine Components\iCLS\;C:\WINDOWS\system32;C:\WINDOWS;C:\WINDOWS\System32\Wbem;C:\WINDOWS\System32\WindowsPowerShell\v1.0\;C:\WINDOWS\System32\OpenSSH\;C:\Program Files (x86)\Intel\Intel(R) Management Engine Components\DAL;C:\Program Files\Intel\Intel(R) Management Engine Components\DAL;C:\Program Files\Intel\WiFi\bin\;C:\Program Files\Common Files\Intel\WirelessCommon\;C:\Program Files\jEdit;C:\Program Files\Git\cmd;C:\Program Files\MATLAB\R2022a\bin;C:\Users\julia\AppData\Local\Microsoft\WindowsApps;C:\Users\julia\AppData\Local\Programs\Microsoft VS Code\bin;C:\Program Files\JetBrains\IntelliJ IDEA 2021.3.2\bin;;C:\Users\julia\AppData\Local\Programs\MiKTeX\miktex\bin\x64\
USERNAME=julia
OS=Windows_NT
PROCESSOR_IDENTIFIER=Intel64 Family 6 Model 142 Stepping 10, GenuineIntel



---------------  S Y S T E M  ---------------

OS: Windows 10 , 64 bit Build 19041 (10.0.19041.1741)
OS uptime: 15 days 11:07 hours

CPU:total 8 (initial active 8) (4 cores per cpu, 2 threads per core) family 6 model 142 stepping 10 microcode 0xb4, cmov, cx8, fxsr, mmx, sse, sse2, sse3, ssse3, sse4.1, sse4.2, popcnt, avx, avx2, aes, clmul, erms, 3dnowpref, lzcnt, ht, tsc, tscinvbit, bmi1, bmi2, adx, fma

Memory: 4k page, system-wide physical 8074M (298M free)
TotalPageFile size 32650M (AvailPageFile size 104M)
current process WorkingSet (physical memory assigned to process): 9M, peak: 9M
current process commit charge ("private bytes"): 60M, peak: 187M

vm_info: OpenJDK 64-Bit Server VM (11.0.15+0-b2043.56-9505619) for windows-amd64 JRE (11.0.15+0-b2043.56-9505619), built on Jan 19 2023 02:48:00 by "builduser" with unknown MS VC++:1929

END.
