#
# There is insufficient memory for the Java Runtime Environment to continue.
# Native memory allocation (mmap) failed to map 42991616 bytes for Failed to commit area from 0x000000008cb00000 to 0x000000008f400000 of length 42991616.
# Possible reasons:
#   The system is out of physical RAM or swap space
#   The process is running with CompressedOops enabled, and the Java Heap may be blocking the growth of the native heap
# Possible solutions:
#   Reduce memory load on the system
#   Increase physical memory or swap space
#   Check if swap backing store is full
#   Decrease Java heap size (-Xmx/-Xms)
#   Decrease number of Java threads
#   Decrease Java thread stack sizes (-Xss)
#   Set larger code cache with -XX:ReservedCodeCacheSize=
#   JVM is running with Unscaled Compressed Oops mode in which the Java heap is
#     placed in the first 4GB address space. The Java Heap base address is the
#     maximum limit for the native heap growth. Please use -XX:HeapBaseMinAddress
#     to set the Java Heap base and to place the Java Heap above 4GB virtual address.
# This output file may be truncated or incomplete.
#
#  Out of Memory Error (src/hotspot/os/windows/os_windows.cpp:3627), pid=23904, tid=2204
#
# JRE version: OpenJDK Runtime Environment (11.0.15) (build 11.0.15+0-b2043.56-9505619)
# Java VM: OpenJDK 64-Bit Server VM (11.0.15+0-b2043.56-9505619, mixed mode, tiered, compressed oops, g1 gc, windows-amd64)
# No core dump will be written. Minidumps are not enabled by default on client versions of Windows
#

---------------  S U M M A R Y ------------

Command Line: --add-opens=java.base/java.util=ALL-UNNAMED --add-opens=java.base/java.lang=ALL-UNNAMED --add-opens=java.base/java.lang.invoke=ALL-UNNAMED --add-opens=java.base/java.util=ALL-UNNAMED --add-opens=java.prefs/java.util.prefs=ALL-UNNAMED --add-opens=java.prefs/java.util.prefs=ALL-UNNAMED --add-opens=java.base/java.nio.charset=ALL-UNNAMED --add-opens=java.base/java.net=ALL-UNNAMED --add-opens=java.base/java.util.concurrent.atomic=ALL-UNNAMED -Xmx2048m -Dfile.encoding=UTF-8 -Duser.country=DK -Duser.language=da -Duser.variant org.gradle.launcher.daemon.bootstrap.GradleDaemon 7.5

Host: Intel(R) Core(TM) i5-8250U CPU @ 1.60GHz, 8 cores, 7G,  Windows 10 , 64 bit Build 19041 (10.0.19041.1741)
Time: Thu Apr 20 09:12:56 2023 Rom, sommertid elapsed time: 22.228586 seconds (0d 0h 0m 22s)

---------------  T H R E A D  ---------------

Current thread (0x0000023759935000):  VMThread "VM Thread" [stack: 0x000000e804700000,0x000000e804800000] [id=2204]

Stack: [0x000000e804700000,0x000000e804800000]
[error occurred during error reporting (printing stack bounds), id 0xc0000005, EXCEPTION_ACCESS_VIOLATION (0xc0000005) at pc=0x0000023742fb112d]

Native frames: (J=compiled Java code, j=interpreted, Vv=VM code, C=native code)
V  [jvm.dll+0x64135a]
V  [jvm.dll+0x7d39f9]
V  [jvm.dll+0x7d51b9]
V  [jvm.dll+0x7d5805]
V  [jvm.dll+0x7d57bb]
V  [jvm.dll+0x640655]
V  [jvm.dll+0x640d68]
C  [ntdll.dll+0xa209f]
C  [ntdll.dll+0x51454]
C  [ntdll.dll+0xa0bce]
C  0x0000023742fb112d

VM_Operation (0x000000e80dcfd980): G1CollectForAllocation, mode: safepoint, requested by thread 0x000002375debc800


---------------  P R O C E S S  ---------------

Threads class SMR info:
_java_thread_list=0x000002375dcfd670, length=148, elements={
0x000002373f480000, 0x0000023759939000, 0x000002375993a800, 0x000002375a2c4800,
0x000002375a2c6000, 0x000002375a2c8000, 0x000002375a2cd800, 0x000002375a2d2000,
0x000002375a2d3000, 0x000002375a424800, 0x000002375cdb2800, 0x000002375c934000,
0x000002375cf20800, 0x000002375c97b000, 0x000002375c82e000, 0x000002375b150800,
0x000002375bd9e000, 0x000002375c2ca800, 0x000002375b245000, 0x000002375b589000,
0x000002375ca3b800, 0x000002375ca39800, 0x000002375ca37000, 0x000002375ca39000,
0x000002375ca36800, 0x000002375ca3a800, 0x000002375ca38000, 0x000002375ca35800,
0x000002375ca3c000, 0x0000023760afa800, 0x0000023760af8800, 0x0000023760af9000,
0x0000023760afc800, 0x0000023760b02000, 0x0000023760b01800, 0x0000023760afe000,
0x0000023760b06000, 0x0000023760b00800, 0x0000023760b07000, 0x000002375c32b000,
0x000002375c32e000, 0x000002375c32b800, 0x000002375c328800, 0x000002375c32c800,
0x000002375c32d800, 0x000002375c32f000, 0x000002375c329000, 0x000002375c32a000,
0x000002375fa4e000, 0x000002375fa48800, 0x000002375fa4d000, 0x000002375fa4f000,
0x000002375fa4a800, 0x000002375fa49000, 0x000002375fa4f800, 0x000002375fa4b800,
0x000002375fa4a000, 0x000002375fa50800, 0x000002375fa52000, 0x000002375fa51000,
0x000002375fa4c800, 0x000002375fa53000, 0x000002375fa56000, 0x000002375fa55800,
0x000002375fa57000, 0x000002375fa53800, 0x000002375fa54800, 0x000002375d9a7800,
0x000002375d9ad000, 0x000002375d9aa800, 0x000002375d9a9000, 0x000002375d9ab800,
0x000002375d9ae000, 0x000002375d9a8000, 0x000002375d9af000, 0x000002375d9ac800,
0x000002375d9af800, 0x000002375d9aa000, 0x000002375d9b3800, 0x000002375d9b1000,
0x000002375d9b5800, 0x000002375d9b0800, 0x000002375d9b2000, 0x000002375d9b6000,
0x000002375d9b3000, 0x000002375d9b4800, 0x000002375b916800, 0x000002375b915000,
0x000002375b914000, 0x000002375b919000, 0x000002375b91b800, 0x000002375b91a800,
0x000002375b917800, 0x000002375b916000, 0x000002375b91a000, 0x000002375b91c800,
0x000002375b91d000, 0x000002375b91e000, 0x000002375b918800, 0x000002375b920800,
0x000002375b923000, 0x000002375b91f000, 0x000002375b91f800, 0x000002375b921800,
0x000002375b922000, 0x000002375b39e800, 0x000002375b39c000, 0x000002375b39f000,
0x000002375b3a0000, 0x000002375b39b000, 0x000002375b39a000, 0x000002375b3a2800,
0x000002375b39c800, 0x000002375b3a3000, 0x000002375b39d800, 0x000002375b3a4000,
0x000002375b3a5800, 0x000002375b3a5000, 0x000002375b3a6800, 0x000002375b3a0800,
0x000002375b3a7000, 0x000002375ccdd800, 0x000002375b3a1800, 0x000002375b3a8000,
0x000002375b032000, 0x000002375b033000, 0x000002375b031000, 0x000002375b033800,
0x000002375b034800, 0x000002375b035800, 0x000002375b02f800, 0x000002375b036000,
0x000002375deb6000, 0x000002375deb9800, 0x000002375deba000, 0x000002375deb7000,
0x000002375deb7800, 0x000002375debb000, 0x000002375deb5800, 0x000002375debd800,
0x000002375debc800, 0x000002375debe800, 0x000002375debf000, 0x000002375dec0000,
0x000002375dec0800, 0x000002375dec1800, 0x000002375debc000, 0x000002375dec2800
}

Java Threads: ( => current thread )
  0x000002373f480000 JavaThread "main" [_thread_blocked, id=3384, stack(0x000000e804100000,0x000000e804200000)]
  0x0000023759939000 JavaThread "Reference Handler" daemon [_thread_blocked, id=11780, stack(0x000000e804800000,0x000000e804900000)]
  0x000002375993a800 JavaThread "Finalizer" daemon [_thread_blocked, id=8588, stack(0x000000e804900000,0x000000e804a00000)]
  0x000002375a2c4800 JavaThread "Signal Dispatcher" daemon [_thread_blocked, id=12244, stack(0x000000e804a00000,0x000000e804b00000)]
  0x000002375a2c6000 JavaThread "Attach Listener" daemon [_thread_blocked, id=25488, stack(0x000000e804b00000,0x000000e804c00000)]
  0x000002375a2c8000 JavaThread "Service Thread" daemon [_thread_blocked, id=12792, stack(0x000000e804c00000,0x000000e804d00000)]
  0x000002375a2cd800 JavaThread "C2 CompilerThread0" daemon [_thread_in_native, id=23424, stack(0x000000e804d00000,0x000000e804e00000)]
  0x000002375a2d2000 JavaThread "C1 CompilerThread0" daemon [_thread_blocked, id=21036, stack(0x000000e804e00000,0x000000e804f00000)]
  0x000002375a2d3000 JavaThread "Sweeper thread" daemon [_thread_blocked, id=17184, stack(0x000000e804f00000,0x000000e805000000)]
  0x000002375a424800 JavaThread "Common-Cleaner" daemon [_thread_blocked, id=332, stack(0x000000e805000000,0x000000e805100000)]
  0x000002375cdb2800 JavaThread "Daemon health stats" [_thread_blocked, id=24836, stack(0x000000e805600000,0x000000e805700000)]
  0x000002375c934000 JavaThread "Incoming local TCP Connector on port 60030" [_thread_in_native, id=23624, stack(0x000000e805200000,0x000000e805300000)]
  0x000002375cf20800 JavaThread "Daemon periodic checks" [_thread_blocked, id=25296, stack(0x000000e805500000,0x000000e805600000)]
  0x000002375c97b000 JavaThread "Daemon" [_thread_blocked, id=20808, stack(0x000000e805700000,0x000000e805800000)]
  0x000002375c82e000 JavaThread "Handler for socket connection from /127.0.0.1:60030 to /127.0.0.1:60031" [_thread_in_native, id=16240, stack(0x000000e805800000,0x000000e805900000)]
  0x000002375b150800 JavaThread "Cancel handler" [_thread_blocked, id=23636, stack(0x000000e805900000,0x000000e805a00000)]
  0x000002375bd9e000 JavaThread "Daemon worker" [_thread_blocked, id=10664, stack(0x000000e805a00000,0x000000e805b00000)]
  0x000002375c2ca800 JavaThread "Asynchronous log dispatcher for DefaultDaemonConnection: socket connection from /127.0.0.1:60030 to /127.0.0.1:60031" [_thread_blocked, id=24860, stack(0x000000e805b00000,0x000000e805c00000)]
  0x000002375b245000 JavaThread "Stdin handler" [_thread_blocked, id=7184, stack(0x000000e805c00000,0x000000e805d00000)]
  0x000002375b589000 JavaThread "Daemon client event forwarder" [_thread_blocked, id=3528, stack(0x000000e805d00000,0x000000e805e00000)]
  0x000002375ca3b800 JavaThread "Cache worker for journal cache (C:\Users\julia\.gradle\caches\journal-1)" [_thread_blocked, id=24392, stack(0x000000e805f00000,0x000000e806000000)]
  0x000002375ca39800 JavaThread "File lock request listener" [_thread_in_native, id=10116, stack(0x000000e806000000,0x000000e806100000)]
  0x000002375ca37000 JavaThread "Cache worker for file hash cache (C:\Users\julia\.gradle\caches\7.5\fileHashes)" [_thread_blocked, id=16656, stack(0x000000e806600000,0x000000e806700000)]
  0x000002375ca39000 JavaThread "File watcher server" daemon [_thread_blocked, id=7712, stack(0x000000e806900000,0x000000e806a00000)]
  0x000002375ca36800 JavaThread "File watcher consumer" daemon [_thread_blocked, id=20232, stack(0x000000e806a00000,0x000000e806b00000)]
  0x000002375ca3a800 JavaThread "Cache worker for checksums cache (C:\Users\julia\OneDrive\DTU\4. semester\project kursus\AndroidStudioProjects\.gradle\7.5\checksums)" [_thread_blocked, id=17296, stack(0x000000e806b00000,0x000000e806c00000)]
  0x000002375ca38000 JavaThread "Cache worker for cache directory md-rule (C:\Users\julia\.gradle\caches\7.5\md-rule)" [_thread_blocked, id=12800, stack(0x000000e806c00000,0x000000e806d00000)]
  0x000002375ca35800 JavaThread "Cache worker for file content cache (C:\Users\julia\.gradle\caches\7.5\fileContent)" [_thread_blocked, id=24932, stack(0x000000e806d00000,0x000000e806e00000)]
  0x000002375ca3c000 JavaThread "Cache worker for file hash cache (C:\Users\julia\OneDrive\DTU\4. semester\project kursus\AndroidStudioProjects\.gradle\7.5\fileHashes)" [_thread_blocked, id=25248, stack(0x000000e806e00000,0x000000e806f00000)]
  0x0000023760afa800 JavaThread "Cache worker for cache directory md-supplier (C:\Users\julia\.gradle\caches\7.5\md-supplier)" [_thread_blocked, id=25328, stack(0x000000e806f00000,0x000000e807000000)]
  0x0000023760af8800 JavaThread "Cache worker for execution history cache (C:\Users\julia\.gradle\caches\7.5\executionHistory)" [_thread_blocked, id=19528, stack(0x000000e806800000,0x000000e806900000)]
  0x0000023760af9000 JavaThread "jar transforms" [_thread_blocked, id=22848, stack(0x000000e807000000,0x000000e807100000)]
  0x0000023760afc800 JavaThread "jar transforms Thread 2" [_thread_blocked, id=13152, stack(0x000000e807100000,0x000000e807200000)]
  0x0000023760b02000 JavaThread "jar transforms Thread 3" [_thread_blocked, id=15712, stack(0x000000e807300000,0x000000e807400000)]
  0x0000023760b01800 JavaThread "jar transforms Thread 4" [_thread_blocked, id=26048, stack(0x000000e807400000,0x000000e807500000)]
  0x0000023760afe000 JavaThread "Cache worker for dependencies-accessors (C:\Users\julia\OneDrive\DTU\4. semester\project kursus\AndroidStudioProjects\.gradle\7.5\dependencies-accessors)" [_thread_blocked, id=19208, stack(0x000000e807500000,0x000000e807600000)]
  0x0000023760b06000 JavaThread "jar transforms Thread 5" [_thread_blocked, id=21304, stack(0x000000e807600000,0x000000e807700000)]
  0x0000023760b00800 JavaThread "Cache worker for Build Output Cleanup Cache (C:\Users\julia\OneDrive\DTU\4. semester\project kursus\AndroidStudioProjects\.gradle\buildOutputCleanup)" [_thread_blocked, id=392, stack(0x000000e807700000,0x000000e807800000)]
  0x0000023760b07000 JavaThread "Unconstrained build operations" [_thread_blocked, id=1780, stack(0x000000e807800000,0x000000e807900000)]
  0x000002375c32b000 JavaThread "Unconstrained build operations Thread 2" [_thread_blocked, id=6240, stack(0x000000e807900000,0x000000e807a00000)]
  0x000002375c32e000 JavaThread "Unconstrained build operations Thread 3" [_thread_blocked, id=6404, stack(0x000000e807a00000,0x000000e807b00000)]
  0x000002375c32b800 JavaThread "Unconstrained build operations Thread 4" [_thread_blocked, id=9648, stack(0x000000e807b00000,0x000000e807c00000)]
  0x000002375c328800 JavaThread "Unconstrained build operations Thread 5" [_thread_blocked, id=19660, stack(0x000000e807c00000,0x000000e807d00000)]
  0x000002375c32c800 JavaThread "Unconstrained build operations Thread 6" [_thread_blocked, id=7016, stack(0x000000e807d00000,0x000000e807e00000)]
  0x000002375c32d800 JavaThread "Unconstrained build operations Thread 7" [_thread_blocked, id=26012, stack(0x000000e807e00000,0x000000e807f00000)]
  0x000002375c32f000 JavaThread "Unconstrained build operations Thread 8" [_thread_blocked, id=2568, stack(0x000000e807f00000,0x000000e808000000)]
  0x000002375c329000 JavaThread "Unconstrained build operations Thread 9" [_thread_blocked, id=1616, stack(0x000000e808000000,0x000000e808100000)]
  0x000002375c32a000 JavaThread "Unconstrained build operations Thread 10" [_thread_blocked, id=2100, stack(0x000000e807200000,0x000000e807300000)]
  0x000002375fa4e000 JavaThread "Unconstrained build operations Thread 11" [_thread_blocked, id=27484, stack(0x000000e808100000,0x000000e808200000)]
  0x000002375fa48800 JavaThread "Unconstrained build operations Thread 12" [_thread_blocked, id=23420, stack(0x000000e808200000,0x000000e808300000)]
  0x000002375fa4d000 JavaThread "Unconstrained build operations Thread 13" [_thread_blocked, id=9460, stack(0x000000e808300000,0x000000e808400000)]
  0x000002375fa4f000 JavaThread "Unconstrained build operations Thread 14" [_thread_blocked, id=23408, stack(0x000000e808400000,0x000000e808500000)]
  0x000002375fa4a800 JavaThread "Unconstrained build operations Thread 15" [_thread_blocked, id=18852, stack(0x000000e808500000,0x000000e808600000)]
  0x000002375fa49000 JavaThread "Unconstrained build operations Thread 16" [_thread_blocked, id=24024, stack(0x000000e808600000,0x000000e808700000)]
  0x000002375fa4f800 JavaThread "Unconstrained build operations Thread 17" [_thread_blocked, id=23108, stack(0x000000e808700000,0x000000e808800000)]
  0x000002375fa4b800 JavaThread "Unconstrained build operations Thread 18" [_thread_blocked, id=16496, stack(0x000000e808800000,0x000000e808900000)]
  0x000002375fa4a000 JavaThread "Unconstrained build operations Thread 19" [_thread_blocked, id=7596, stack(0x000000e808900000,0x000000e808a00000)]
  0x000002375fa50800 JavaThread "Unconstrained build operations Thread 20" [_thread_blocked, id=3572, stack(0x000000e808a00000,0x000000e808b00000)]
  0x000002375fa52000 JavaThread "Unconstrained build operations Thread 21" [_thread_blocked, id=17776, stack(0x000000e808b00000,0x000000e808c00000)]
  0x000002375fa51000 JavaThread "Unconstrained build operations Thread 22" [_thread_blocked, id=19700, stack(0x000000e808c00000,0x000000e808d00000)]
  0x000002375fa4c800 JavaThread "Unconstrained build operations Thread 23" [_thread_blocked, id=21508, stack(0x000000e808d00000,0x000000e808e00000)]
  0x000002375fa53000 JavaThread "Unconstrained build operations Thread 24" [_thread_blocked, id=14912, stack(0x000000e808e00000,0x000000e808f00000)]
  0x000002375fa56000 JavaThread "Unconstrained build operations Thread 25" [_thread_blocked, id=18928, stack(0x000000e808f00000,0x000000e809000000)]
  0x000002375fa55800 JavaThread "Unconstrained build operations Thread 26" [_thread_blocked, id=19408, stack(0x000000e809000000,0x000000e809100000)]
  0x000002375fa57000 JavaThread "Unconstrained build operations Thread 27" [_thread_blocked, id=19428, stack(0x000000e809100000,0x000000e809200000)]
  0x000002375fa53800 JavaThread "Unconstrained build operations Thread 28" [_thread_blocked, id=24464, stack(0x000000e809200000,0x000000e809300000)]
  0x000002375fa54800 JavaThread "Unconstrained build operations Thread 29" [_thread_blocked, id=14932, stack(0x000000e809300000,0x000000e809400000)]
  0x000002375d9a7800 JavaThread "Unconstrained build operations Thread 30" [_thread_blocked, id=16180, stack(0x000000e809400000,0x000000e809500000)]
  0x000002375d9ad000 JavaThread "Unconstrained build operations Thread 31" [_thread_blocked, id=5576, stack(0x000000e809500000,0x000000e809600000)]
  0x000002375d9aa800 JavaThread "Unconstrained build operations Thread 32" [_thread_blocked, id=25236, stack(0x000000e809600000,0x000000e809700000)]
  0x000002375d9a9000 JavaThread "Unconstrained build operations Thread 33" [_thread_blocked, id=8060, stack(0x000000e809700000,0x000000e809800000)]
  0x000002375d9ab800 JavaThread "Unconstrained build operations Thread 34" [_thread_blocked, id=25664, stack(0x000000e809800000,0x000000e809900000)]
  0x000002375d9ae000 JavaThread "Unconstrained build operations Thread 35" [_thread_blocked, id=5560, stack(0x000000e809900000,0x000000e809a00000)]
  0x000002375d9a8000 JavaThread "Unconstrained build operations Thread 36" [_thread_blocked, id=21224, stack(0x000000e809a00000,0x000000e809b00000)]
  0x000002375d9af000 JavaThread "Unconstrained build operations Thread 37" [_thread_blocked, id=21704, stack(0x000000e809b00000,0x000000e809c00000)]
  0x000002375d9ac800 JavaThread "Unconstrained build operations Thread 38" [_thread_blocked, id=20812, stack(0x000000e809c00000,0x000000e809d00000)]
  0x000002375d9af800 JavaThread "Unconstrained build operations Thread 39" [_thread_blocked, id=1572, stack(0x000000e809d00000,0x000000e809e00000)]
  0x000002375d9aa000 JavaThread "Unconstrained build operations Thread 40" [_thread_blocked, id=84, stack(0x000000e809e00000,0x000000e809f00000)]
  0x000002375d9b3800 JavaThread "Unconstrained build operations Thread 41" [_thread_blocked, id=10452, stack(0x000000e809f00000,0x000000e80a000000)]
  0x000002375d9b1000 JavaThread "Unconstrained build operations Thread 42" [_thread_blocked, id=25652, stack(0x000000e80a000000,0x000000e80a100000)]
  0x000002375d9b5800 JavaThread "Unconstrained build operations Thread 43" [_thread_blocked, id=22712, stack(0x000000e80a100000,0x000000e80a200000)]
  0x000002375d9b0800 JavaThread "Unconstrained build operations Thread 44" [_thread_blocked, id=15732, stack(0x000000e80a200000,0x000000e80a300000)]
  0x000002375d9b2000 JavaThread "Unconstrained build operations Thread 45" [_thread_blocked, id=23668, stack(0x000000e80a300000,0x000000e80a400000)]
  0x000002375d9b6000 JavaThread "Unconstrained build operations Thread 46" [_thread_blocked, id=15228, stack(0x000000e80a400000,0x000000e80a500000)]
  0x000002375d9b3000 JavaThread "Unconstrained build operations Thread 47" [_thread_blocked, id=24168, stack(0x000000e80a500000,0x000000e80a600000)]
  0x000002375d9b4800 JavaThread "Unconstrained build operations Thread 48" [_thread_blocked, id=10968, stack(0x000000e80a600000,0x000000e80a700000)]
  0x000002375b916800 JavaThread "Unconstrained build operations Thread 49" [_thread_blocked, id=17496, stack(0x000000e80a700000,0x000000e80a800000)]
  0x000002375b915000 JavaThread "Unconstrained build operations Thread 50" [_thread_blocked, id=26596, stack(0x000000e80a800000,0x000000e80a900000)]
  0x000002375b914000 JavaThread "Unconstrained build operations Thread 51" [_thread_blocked, id=19508, stack(0x000000e80a900000,0x000000e80aa00000)]
  0x000002375b919000 JavaThread "Unconstrained build operations Thread 52" [_thread_blocked, id=26128, stack(0x000000e80aa00000,0x000000e80ab00000)]
  0x000002375b91b800 JavaThread "Unconstrained build operations Thread 53" [_thread_blocked, id=12996, stack(0x000000e80ab00000,0x000000e80ac00000)]
  0x000002375b91a800 JavaThread "Unconstrained build operations Thread 54" [_thread_blocked, id=15096, stack(0x000000e80ac00000,0x000000e80ad00000)]
  0x000002375b917800 JavaThread "Unconstrained build operations Thread 55" [_thread_blocked, id=16176, stack(0x000000e80ad00000,0x000000e80ae00000)]
  0x000002375b916000 JavaThread "Unconstrained build operations Thread 56" [_thread_blocked, id=13692, stack(0x000000e80ae00000,0x000000e80af00000)]
  0x000002375b91a000 JavaThread "Unconstrained build operations Thread 57" [_thread_blocked, id=23188, stack(0x000000e80af00000,0x000000e80b000000)]
  0x000002375b91c800 JavaThread "Unconstrained build operations Thread 58" [_thread_blocked, id=12068, stack(0x000000e80b000000,0x000000e80b100000)]
  0x000002375b91d000 JavaThread "Unconstrained build operations Thread 59" [_thread_blocked, id=7604, stack(0x000000e80b100000,0x000000e80b200000)]
  0x000002375b91e000 JavaThread "Unconstrained build operations Thread 60" [_thread_blocked, id=16824, stack(0x000000e80b200000,0x000000e80b300000)]
  0x000002375b918800 JavaThread "Unconstrained build operations Thread 61" [_thread_blocked, id=24700, stack(0x000000e80b300000,0x000000e80b400000)]
  0x000002375b920800 JavaThread "Unconstrained build operations Thread 62" [_thread_blocked, id=24080, stack(0x000000e80b400000,0x000000e80b500000)]
  0x000002375b923000 JavaThread "Unconstrained build operations Thread 63" [_thread_blocked, id=21832, stack(0x000000e80b500000,0x000000e80b600000)]
  0x000002375b91f000 JavaThread "Unconstrained build operations Thread 64" [_thread_blocked, id=2776, stack(0x000000e80b600000,0x000000e80b700000)]
  0x000002375b91f800 JavaThread "Unconstrained build operations Thread 65" [_thread_blocked, id=11184, stack(0x000000e80b700000,0x000000e80b800000)]
  0x000002375b921800 JavaThread "Unconstrained build operations Thread 66" [_thread_blocked, id=25980, stack(0x000000e80b800000,0x000000e80b900000)]
  0x000002375b922000 JavaThread "Unconstrained build operations Thread 67" [_thread_blocked, id=22144, stack(0x000000e80b900000,0x000000e80ba00000)]
  0x000002375b39e800 JavaThread "Unconstrained build operations Thread 68" [_thread_blocked, id=19876, stack(0x000000e80ba00000,0x000000e80bb00000)]
  0x000002375b39c000 JavaThread "Unconstrained build operations Thread 69" [_thread_blocked, id=10344, stack(0x000000e80bb00000,0x000000e80bc00000)]
  0x000002375b39f000 JavaThread "Unconstrained build operations Thread 70" [_thread_blocked, id=22584, stack(0x000000e80bc00000,0x000000e80bd00000)]
  0x000002375b3a0000 JavaThread "Unconstrained build operations Thread 71" [_thread_blocked, id=25832, stack(0x000000e80bd00000,0x000000e80be00000)]
  0x000002375b39b000 JavaThread "Unconstrained build operations Thread 72" [_thread_blocked, id=19188, stack(0x000000e80be00000,0x000000e80bf00000)]
  0x000002375b39a000 JavaThread "Unconstrained build operations Thread 73" [_thread_blocked, id=24356, stack(0x000000e80bf00000,0x000000e80c000000)]
  0x000002375b3a2800 JavaThread "Unconstrained build operations Thread 74" [_thread_blocked, id=10780, stack(0x000000e80c000000,0x000000e80c100000)]
  0x000002375b39c800 JavaThread "Unconstrained build operations Thread 75" [_thread_blocked, id=11448, stack(0x000000e80c100000,0x000000e80c200000)]
  0x000002375b3a3000 JavaThread "Unconstrained build operations Thread 76" [_thread_blocked, id=5060, stack(0x000000e80c200000,0x000000e80c300000)]
  0x000002375b39d800 JavaThread "Unconstrained build operations Thread 77" [_thread_blocked, id=2188, stack(0x000000e80c300000,0x000000e80c400000)]
  0x000002375b3a4000 JavaThread "Unconstrained build operations Thread 78" [_thread_blocked, id=25800, stack(0x000000e80c400000,0x000000e80c500000)]
  0x000002375b3a5800 JavaThread "Unconstrained build operations Thread 79" [_thread_blocked, id=16084, stack(0x000000e80c500000,0x000000e80c600000)]
  0x000002375b3a5000 JavaThread "Unconstrained build operations Thread 80" [_thread_blocked, id=13812, stack(0x000000e80c600000,0x000000e80c700000)]
  0x000002375b3a6800 JavaThread "jar transforms Thread 6" [_thread_blocked, id=26468, stack(0x000000e80c700000,0x000000e80c800000)]
  0x000002375b3a0800 JavaThread "jar transforms Thread 7" [_thread_blocked, id=24112, stack(0x000000e80c800000,0x000000e80c900000)]
  0x000002375b3a7000 JavaThread "jar transforms Thread 8" [_thread_blocked, id=24264, stack(0x000000e80c900000,0x000000e80ca00000)]
  0x000002375ccdd800 JavaThread "C2 CompilerThread1" daemon [_thread_in_native, id=9544, stack(0x000000e806700000,0x000000e806800000)]
  0x000002375b3a1800 JavaThread "build event listener" [_thread_blocked, id=24876, stack(0x000000e80ca00000,0x000000e80cb00000)]
  0x000002375b3a8000 JavaThread "Memory manager" [_thread_blocked, id=22172, stack(0x000000e80cc00000,0x000000e80cd00000)]
  0x000002375b032000 JavaThread "included builds" [_thread_blocked, id=16796, stack(0x000000e80cb00000,0x000000e80cc00000)]
  0x000002375b033000 JavaThread "Execution worker" [_thread_blocked, id=7988, stack(0x000000e80cd00000,0x000000e80ce00000)]
  0x000002375b031000 JavaThread "Execution worker Thread 2" [_thread_blocked, id=19192, stack(0x000000e80ce00000,0x000000e80cf00000)]
  0x000002375b033800 JavaThread "Execution worker Thread 3" [_thread_blocked, id=16468, stack(0x000000e80cf00000,0x000000e80d000000)]
  0x000002375b034800 JavaThread "Execution worker Thread 4" [_thread_blocked, id=13852, stack(0x000000e80d000000,0x000000e80d100000)]
  0x000002375b035800 JavaThread "Execution worker Thread 5" [_thread_blocked, id=3428, stack(0x000000e80d100000,0x000000e80d200000)]
  0x000002375b02f800 JavaThread "Execution worker Thread 6" [_thread_blocked, id=24044, stack(0x000000e80d200000,0x000000e80d300000)]
  0x000002375b036000 JavaThread "Execution worker Thread 7" [_thread_blocked, id=604, stack(0x000000e80d300000,0x000000e80d400000)]
  0x000002375deb6000 JavaThread "Cache worker for execution history cache (C:\Users\julia\OneDrive\DTU\4. semester\project kursus\AndroidStudioProjects\.gradle\7.5\executionHistory)" [_thread_blocked, id=12828, stack(0x000000e80d400000,0x000000e80d500000)]
  0x000002375deb9800 JavaThread "WorkerExecutor Queue" [_thread_blocked, id=21424, stack(0x000000e80d500000,0x000000e80d600000)]
  0x000002375deba000 JavaThread "WorkerExecutor Queue Thread 2" [_thread_blocked, id=26436, stack(0x000000e80d600000,0x000000e80d700000)]
  0x000002375deb7000 JavaThread "WorkerExecutor Queue Thread 3" [_thread_blocked, id=17500, stack(0x000000e80d700000,0x000000e80d800000)]
  0x000002375deb7800 JavaThread "WorkerExecutor Queue Thread 4" [_thread_blocked, id=14692, stack(0x000000e80d800000,0x000000e80d900000)]
  0x000002375debb000 JavaThread "pool-3-thread-1" [_thread_blocked, id=24648, stack(0x000000e80d900000,0x000000e80da00000)]
  0x000002375deb5800 JavaThread "stderr" [_thread_in_native, id=2108, stack(0x000000e80da00000,0x000000e80db00000)]
  0x000002375debd800 JavaThread "stdout" [_thread_in_native, id=18408, stack(0x000000e80db00000,0x000000e80dc00000)]
  0x000002375debc800 JavaThread "ForkJoinPool-1-worker-3" daemon [_thread_blocked, id=19636, stack(0x000000e80dc00000,0x000000e80dd00000)]
  0x000002375debe800 JavaThread "ForkJoinPool-1-worker-5" daemon [_thread_blocked, id=7164, stack(0x000000e80dd00000,0x000000e80de00000)]
  0x000002375debf000 JavaThread "ForkJoinPool-1-worker-7" daemon [_thread_blocked, id=25220, stack(0x000000e80de00000,0x000000e80df00000)]
  0x000002375dec0000 JavaThread "ForkJoinPool-1-worker-9" daemon [_thread_blocked, id=24136, stack(0x000000e80df00000,0x000000e80e000000)]
  0x000002375dec0800 JavaThread "ForkJoinPool-1-worker-11" daemon [_thread_blocked, id=5844, stack(0x000000e80e000000,0x000000e80e100000)]
  0x000002375dec1800 JavaThread "ForkJoinPool-1-worker-13" daemon [_thread_blocked, id=6872, stack(0x000000e80e100000,0x000000e80e200000)]
  0x000002375debc000 JavaThread "ForkJoinPool-1-worker-15" daemon [_thread_blocked, id=26784, stack(0x000000e80e200000,0x000000e80e300000)]
  0x000002375dec2800 JavaThread "ForkJoinPool-1-worker-1" daemon [_thread_blocked, id=19036, stack(0x000000e80e300000,0x000000e80e400000)]

Other Threads:
=>0x0000023759935000 VMThread "VM Thread" [stack: 0x000000e804700000,0x000000e804800000] [id=2204]
  0x000002375a450800 WatcherThread [stack: 0x000000e805100000,0x000000e805200000] [id=26116]
  0x000002373f49a800 GCTaskThread "GC Thread#0" [stack: 0x000000e804200000,0x000000e804300000] [id=16852]
  0x000002375b554000 GCTaskThread "GC Thread#1" [stack: 0x000000e805300000,0x000000e805400000] [id=17768]
  0x000002375aea4800 GCTaskThread "GC Thread#2" [stack: 0x000000e805400000,0x000000e805500000] [id=12856]
  0x000002375b539000 GCTaskThread "GC Thread#3" [stack: 0x000000e806100000,0x000000e806200000] [id=27288]
  0x000002375d01e800 GCTaskThread "GC Thread#4" [stack: 0x000000e806200000,0x000000e806300000] [id=19460]
  0x000002375cd17000 GCTaskThread "GC Thread#5" [stack: 0x000000e806300000,0x000000e806400000] [id=8668]
  0x000002375bd22800 GCTaskThread "GC Thread#6" [stack: 0x000000e806400000,0x000000e806500000] [id=15364]
  0x000002375ad2f800 GCTaskThread "GC Thread#7" [stack: 0x000000e806500000,0x000000e806600000] [id=21740]
  0x000002373f4ce000 ConcurrentGCThread "G1 Main Marker" [stack: 0x000000e804300000,0x000000e804400000] [id=23076]
  0x000002373f4d0000 ConcurrentGCThread "G1 Conc#0" [stack: 0x000000e804400000,0x000000e804500000] [id=27188]
  0x000002375c737000 ConcurrentGCThread "G1 Conc#1" [stack: 0x000000e805e00000,0x000000e805f00000] [id=24100]
  0x000002373f55e800 ConcurrentGCThread "G1 Refine#0" [stack: 0x000000e804500000,0x000000e804600000] [id=25904]
  0x000002376388b800 ConcurrentGCThread "G1 Refine#1" [stack: 0x000000e80e400000,0x000000e80e500000] [id=19340]
  0x000002376388a800 ConcurrentGCThread "G1 Refine#2" [stack: 0x000000e80e500000,0x000000e80e600000] [id=11452]
  0x0000023759780800 ConcurrentGCThread "G1 Young RemSet Sampling" [stack: 0x000000e804600000,0x000000e804700000] [id=24444]

Threads with active compile tasks:
C2 CompilerThread0    22262 11172 %     4       com.android.tools.r8.dex.i::l @ 64 (2158 bytes)
C1 CompilerThread0    22262 11594       2       com.android.tools.r8.dex.i::b (271 bytes)
C2 CompilerThread1    22262 11292   !   4       org.gradle.internal.classloader.CachingClassLoader::loadClass (85 bytes)

VM state:at safepoint (normal execution)

VM Mutex/Monitor currently owned by a thread:  ([mutex/lock_event])
[0x000002373f47d1d0] Threads_lock - owner thread: 0x0000023759935000
[0x000002373f47d800] Heap_lock - owner thread: 0x000002375debc800

Heap address: 0x0000000080000000, size: 2048 MB, Compressed Oops mode: 32-bit
Narrow klass base: 0x0000000000000000, Narrow klass shift: 3
Compressed class space size: 1073741824 Address: 0x0000000100000000

Heap:
 garbage-first heap   total 249856K, used 171188K [0x0000000080000000, 0x0000000100000000)
  region size 1024K, 2 young (2048K), 2 survivors (2048K)
 Metaspace       used 98923K, capacity 101694K, committed 101928K, reserved 1136640K
  class space    used 13041K, capacity 14071K, committed 14104K, reserved 1048576K
Heap Regions: E=young(eden), S=young(survivor), O=old, HS=humongous(starts), HC=humongous(continues), CS=collection set, F=free, A=archive, TAMS=top-at-mark-start (previous, next)
|   0|0x0000000080000000, 0x0000000080100000, 0x0000000080100000|100%| O|  |TAMS 0x0000000080100000, 0x0000000080100000| Untracked 
|   1|0x0000000080100000, 0x0000000080200000, 0x0000000080200000|100%| O|  |TAMS 0x0000000080200000, 0x0000000080200000| Untracked 
|   2|0x0000000080200000, 0x0000000080300000, 0x0000000080300000|100%| O|  |TAMS 0x0000000080300000, 0x0000000080300000| Untracked 
|   3|0x0000000080300000, 0x0000000080400000, 0x0000000080400000|100%|HS|  |TAMS 0x0000000080400000, 0x0000000080400000| Complete 
|   4|0x0000000080400000, 0x0000000080500000, 0x0000000080500000|100%|HC|  |TAMS 0x0000000080500000, 0x0000000080500000| Complete 
|   5|0x0000000080500000, 0x0000000080600000, 0x0000000080600000|100%|HC|  |TAMS 0x0000000080600000, 0x0000000080600000| Complete 
|   6|0x0000000080600000, 0x0000000080700000, 0x0000000080700000|100%| O|  |TAMS 0x0000000080700000, 0x0000000080700000| Untracked 
|   7|0x0000000080700000, 0x0000000080800000, 0x0000000080800000|100%| O|  |TAMS 0x0000000080800000, 0x0000000080800000| Untracked 
|   8|0x0000000080800000, 0x0000000080900000, 0x0000000080900000|100%| O|  |TAMS 0x0000000080900000, 0x0000000080900000| Untracked 
|   9|0x0000000080900000, 0x0000000080a00000, 0x0000000080a00000|100%| O|  |TAMS 0x0000000080a00000, 0x0000000080a00000| Untracked 
|  10|0x0000000080a00000, 0x0000000080b00000, 0x0000000080b00000|100%| O|  |TAMS 0x0000000080b00000, 0x0000000080b00000| Untracked 
|  11|0x0000000080b00000, 0x0000000080c00000, 0x0000000080c00000|100%| O|  |TAMS 0x0000000080c00000, 0x0000000080c00000| Untracked 
|  12|0x0000000080c00000, 0x0000000080d00000, 0x0000000080d00000|100%| O|  |TAMS 0x0000000080d00000, 0x0000000080d00000| Untracked 
|  13|0x0000000080d00000, 0x0000000080e00000, 0x0000000080e00000|100%| O|  |TAMS 0x0000000080e00000, 0x0000000080e00000| Untracked 
|  14|0x0000000080e00000, 0x0000000080f00000, 0x0000000080f00000|100%| O|  |TAMS 0x0000000080f00000, 0x0000000080f00000| Untracked 
|  15|0x0000000080f00000, 0x0000000081000000, 0x0000000081000000|100%| O|  |TAMS 0x0000000081000000, 0x0000000081000000| Untracked 
|  16|0x0000000081000000, 0x0000000081100000, 0x0000000081100000|100%| O|  |TAMS 0x0000000081100000, 0x0000000081100000| Untracked 
|  17|0x0000000081100000, 0x0000000081200000, 0x0000000081200000|100%|HS|  |TAMS 0x0000000081200000, 0x0000000081200000| Complete 
|  18|0x0000000081200000, 0x0000000081300000, 0x0000000081300000|100%| O|  |TAMS 0x0000000081300000, 0x0000000081300000| Untracked 
|  19|0x0000000081300000, 0x0000000081400000, 0x0000000081400000|100%| O|  |TAMS 0x0000000081400000, 0x0000000081400000| Untracked 
|  20|0x0000000081400000, 0x0000000081500000, 0x0000000081500000|100%| O|  |TAMS 0x0000000081500000, 0x0000000081500000| Untracked 
|  21|0x0000000081500000, 0x0000000081600000, 0x0000000081600000|100%| O|  |TAMS 0x0000000081600000, 0x0000000081600000| Untracked 
|  22|0x0000000081600000, 0x0000000081700000, 0x0000000081700000|100%| O|  |TAMS 0x0000000081700000, 0x0000000081700000| Untracked 
|  23|0x0000000081700000, 0x0000000081800000, 0x0000000081800000|100%| O|  |TAMS 0x0000000081800000, 0x0000000081800000| Untracked 
|  24|0x0000000081800000, 0x0000000081900000, 0x0000000081900000|100%|HS|  |TAMS 0x0000000081900000, 0x0000000081900000| Complete 
|  25|0x0000000081900000, 0x0000000081a00000, 0x0000000081a00000|100%|HS|  |TAMS 0x0000000081a00000, 0x0000000081a00000| Complete 
|  26|0x0000000081a00000, 0x0000000081b00000, 0x0000000081b00000|100%|HS|  |TAMS 0x0000000081b00000, 0x0000000081b00000| Complete 
|  27|0x0000000081b00000, 0x0000000081c00000, 0x0000000081c00000|100%|HC|  |TAMS 0x0000000081c00000, 0x0000000081c00000| Complete 
|  28|0x0000000081c00000, 0x0000000081d00000, 0x0000000081d00000|100%|HC|  |TAMS 0x0000000081d00000, 0x0000000081d00000| Complete 
|  29|0x0000000081d00000, 0x0000000081e00000, 0x0000000081e00000|100%| O|  |TAMS 0x0000000081e00000, 0x0000000081e00000| Untracked 
|  30|0x0000000081e00000, 0x0000000081f00000, 0x0000000081f00000|100%| O|  |TAMS 0x0000000081f00000, 0x0000000081f00000| Untracked 
|  31|0x0000000081f00000, 0x0000000082000000, 0x0000000082000000|100%| O|  |TAMS 0x0000000082000000, 0x0000000082000000| Untracked 
|  32|0x0000000082000000, 0x0000000082100000, 0x0000000082100000|100%| O|  |TAMS 0x0000000082100000, 0x0000000082100000| Untracked 
|  33|0x0000000082100000, 0x0000000082200000, 0x0000000082200000|100%| O|  |TAMS 0x0000000082200000, 0x0000000082200000| Untracked 
|  34|0x0000000082200000, 0x0000000082300000, 0x0000000082300000|100%| O|  |TAMS 0x0000000082300000, 0x0000000082300000| Untracked 
|  35|0x0000000082300000, 0x0000000082400000, 0x0000000082400000|100%| O|  |TAMS 0x0000000082400000, 0x0000000082400000| Untracked 
|  36|0x0000000082400000, 0x0000000082500000, 0x0000000082500000|100%| O|  |TAMS 0x0000000082500000, 0x0000000082500000| Untracked 
|  37|0x0000000082500000, 0x0000000082600000, 0x0000000082600000|100%| O|  |TAMS 0x0000000082600000, 0x0000000082600000| Untracked 
|  38|0x0000000082600000, 0x0000000082700000, 0x0000000082700000|100%| O|  |TAMS 0x0000000082700000, 0x0000000082700000| Untracked 
|  39|0x0000000082700000, 0x0000000082800000, 0x0000000082800000|100%| O|  |TAMS 0x0000000082800000, 0x0000000082800000| Untracked 
|  40|0x0000000082800000, 0x0000000082900000, 0x0000000082900000|100%| O|  |TAMS 0x0000000082900000, 0x0000000082900000| Untracked 
|  41|0x0000000082900000, 0x0000000082a00000, 0x0000000082a00000|100%| O|  |TAMS 0x0000000082a00000, 0x0000000082a00000| Untracked 
|  42|0x0000000082a00000, 0x0000000082b00000, 0x0000000082b00000|100%| O|  |TAMS 0x0000000082b00000, 0x0000000082b00000| Untracked 
|  43|0x0000000082b00000, 0x0000000082c00000, 0x0000000082c00000|100%| O|  |TAMS 0x0000000082c00000, 0x0000000082c00000| Untracked 
|  44|0x0000000082c00000, 0x0000000082d00000, 0x0000000082d00000|100%| O|  |TAMS 0x0000000082d00000, 0x0000000082d00000| Untracked 
|  45|0x0000000082d00000, 0x0000000082e00000, 0x0000000082e00000|100%| O|  |TAMS 0x0000000082e00000, 0x0000000082e00000| Untracked 
|  46|0x0000000082e00000, 0x0000000082f00000, 0x0000000082f00000|100%| O|  |TAMS 0x0000000082f00000, 0x0000000082f00000| Untracked 
|  47|0x0000000082f00000, 0x0000000083000000, 0x0000000083000000|100%| O|  |TAMS 0x0000000083000000, 0x0000000083000000| Untracked 
|  48|0x0000000083000000, 0x0000000083100000, 0x0000000083100000|100%| O|  |TAMS 0x0000000083100000, 0x0000000083100000| Untracked 
|  49|0x0000000083100000, 0x0000000083200000, 0x0000000083200000|100%| O|  |TAMS 0x0000000083200000, 0x0000000083200000| Untracked 
|  50|0x0000000083200000, 0x0000000083300000, 0x0000000083300000|100%| O|  |TAMS 0x0000000083300000, 0x0000000083300000| Untracked 
|  51|0x0000000083300000, 0x0000000083400000, 0x0000000083400000|100%| O|  |TAMS 0x0000000083400000, 0x0000000083400000| Untracked 
|  52|0x0000000083400000, 0x0000000083500000, 0x0000000083500000|100%| O|  |TAMS 0x0000000083500000, 0x0000000083500000| Untracked 
|  53|0x0000000083500000, 0x0000000083600000, 0x0000000083600000|100%| O|  |TAMS 0x0000000083600000, 0x0000000083600000| Untracked 
|  54|0x0000000083600000, 0x0000000083700000, 0x0000000083700000|100%| O|  |TAMS 0x0000000083700000, 0x0000000083700000| Untracked 
|  55|0x0000000083700000, 0x0000000083800000, 0x0000000083800000|100%| O|  |TAMS 0x0000000083800000, 0x0000000083800000| Untracked 
|  56|0x0000000083800000, 0x0000000083900000, 0x0000000083900000|100%| O|  |TAMS 0x0000000083900000, 0x0000000083900000| Untracked 
|  57|0x0000000083900000, 0x0000000083a00000, 0x0000000083a00000|100%| O|  |TAMS 0x0000000083a00000, 0x0000000083a00000| Untracked 
|  58|0x0000000083a00000, 0x0000000083b00000, 0x0000000083b00000|100%| O|  |TAMS 0x0000000083b00000, 0x0000000083b00000| Untracked 
|  59|0x0000000083b00000, 0x0000000083c00000, 0x0000000083c00000|100%| O|  |TAMS 0x0000000083c00000, 0x0000000083c00000| Untracked 
|  60|0x0000000083c00000, 0x0000000083d00000, 0x0000000083d00000|100%| O|  |TAMS 0x0000000083d00000, 0x0000000083d00000| Untracked 
|  61|0x0000000083d00000, 0x0000000083e00000, 0x0000000083e00000|100%| O|  |TAMS 0x0000000083e00000, 0x0000000083e00000| Untracked 
|  62|0x0000000083e00000, 0x0000000083f00000, 0x0000000083f00000|100%| O|  |TAMS 0x0000000083f00000, 0x0000000083f00000| Untracked 
|  63|0x0000000083f00000, 0x0000000084000000, 0x0000000084000000|100%| O|  |TAMS 0x0000000084000000, 0x0000000084000000| Untracked 
|  64|0x0000000084000000, 0x0000000084100000, 0x0000000084100000|100%| O|  |TAMS 0x0000000084100000, 0x0000000084100000| Untracked 
|  65|0x0000000084100000, 0x0000000084200000, 0x0000000084200000|100%| O|  |TAMS 0x0000000084200000, 0x0000000084200000| Untracked 
|  66|0x0000000084200000, 0x0000000084300000, 0x0000000084300000|100%| O|  |TAMS 0x0000000084300000, 0x0000000084300000| Untracked 
|  67|0x0000000084300000, 0x0000000084400000, 0x0000000084400000|100%| O|  |TAMS 0x0000000084400000, 0x0000000084400000| Untracked 
|  68|0x0000000084400000, 0x0000000084500000, 0x0000000084500000|100%| O|  |TAMS 0x0000000084500000, 0x0000000084500000| Untracked 
|  69|0x0000000084500000, 0x0000000084600000, 0x0000000084600000|100%| O|  |TAMS 0x0000000084600000, 0x0000000084600000| Untracked 
|  70|0x0000000084600000, 0x0000000084700000, 0x0000000084700000|100%| O|  |TAMS 0x0000000084700000, 0x0000000084700000| Untracked 
|  71|0x0000000084700000, 0x0000000084800000, 0x0000000084800000|100%| O|  |TAMS 0x0000000084800000, 0x0000000084800000| Untracked 
|  72|0x0000000084800000, 0x0000000084900000, 0x0000000084900000|100%| O|  |TAMS 0x0000000084900000, 0x0000000084900000| Untracked 
|  73|0x0000000084900000, 0x0000000084a00000, 0x0000000084a00000|100%| O|  |TAMS 0x0000000084a00000, 0x0000000084a00000| Untracked 
|  74|0x0000000084a00000, 0x0000000084b00000, 0x0000000084b00000|100%| O|  |TAMS 0x0000000084b00000, 0x0000000084b00000| Untracked 
|  75|0x0000000084b00000, 0x0000000084c00000, 0x0000000084c00000|100%| O|  |TAMS 0x0000000084c00000, 0x0000000084c00000| Untracked 
|  76|0x0000000084c00000, 0x0000000084d00000, 0x0000000084d00000|100%| O|  |TAMS 0x0000000084d00000, 0x0000000084d00000| Untracked 
|  77|0x0000000084d00000, 0x0000000084e00000, 0x0000000084e00000|100%| O|  |TAMS 0x0000000084e00000, 0x0000000084e00000| Untracked 
|  78|0x0000000084e00000, 0x0000000084f00000, 0x0000000084f00000|100%| O|  |TAMS 0x0000000084f00000, 0x0000000084f00000| Untracked 
|  79|0x0000000084f00000, 0x0000000085000000, 0x0000000085000000|100%| O|  |TAMS 0x0000000085000000, 0x0000000085000000| Untracked 
|  80|0x0000000085000000, 0x0000000085100000, 0x0000000085100000|100%| O|  |TAMS 0x0000000085100000, 0x0000000085100000| Untracked 
|  81|0x0000000085100000, 0x0000000085200000, 0x0000000085200000|100%| O|  |TAMS 0x0000000085200000, 0x0000000085200000| Untracked 
|  82|0x0000000085200000, 0x0000000085300000, 0x0000000085300000|100%| O|  |TAMS 0x0000000085300000, 0x0000000085300000| Untracked 
|  83|0x0000000085300000, 0x0000000085400000, 0x0000000085400000|100%|HS|  |TAMS 0x0000000085400000, 0x0000000085400000| Complete 
|  84|0x0000000085400000, 0x0000000085500000, 0x0000000085500000|100%|HC|  |TAMS 0x0000000085500000, 0x0000000085500000| Complete 
|  85|0x0000000085500000, 0x0000000085600000, 0x0000000085600000|100%|HS|  |TAMS 0x0000000085600000, 0x0000000085600000| Complete 
|  86|0x0000000085600000, 0x0000000085700000, 0x0000000085700000|100%|HC|  |TAMS 0x0000000085700000, 0x0000000085700000| Complete 
|  87|0x0000000085700000, 0x0000000085800000, 0x0000000085800000|100%|HS|  |TAMS 0x0000000085800000, 0x0000000085800000| Complete 
|  88|0x0000000085800000, 0x0000000085900000, 0x0000000085900000|100%|HS|  |TAMS 0x0000000085900000, 0x0000000085900000| Complete 
|  89|0x0000000085900000, 0x0000000085a00000, 0x0000000085a00000|100%|HC|  |TAMS 0x0000000085a00000, 0x0000000085a00000| Complete 
|  90|0x0000000085a00000, 0x0000000085b00000, 0x0000000085b00000|100%|HS|  |TAMS 0x0000000085b00000, 0x0000000085b00000| Complete 
|  91|0x0000000085b00000, 0x0000000085c00000, 0x0000000085c00000|100%|HS|  |TAMS 0x0000000085c00000, 0x0000000085c00000| Complete 
|  92|0x0000000085c00000, 0x0000000085d00000, 0x0000000085d00000|100%|HC|  |TAMS 0x0000000085d00000, 0x0000000085d00000| Complete 
|  93|0x0000000085d00000, 0x0000000085e00000, 0x0000000085e00000|100%|HS|  |TAMS 0x0000000085e00000, 0x0000000085e00000| Complete 
|  94|0x0000000085e00000, 0x0000000085f00000, 0x0000000085f00000|100%|HC|  |TAMS 0x0000000085f00000, 0x0000000085f00000| Complete 
|  95|0x0000000085f00000, 0x0000000086000000, 0x0000000086000000|100%|HS|  |TAMS 0x0000000086000000, 0x0000000086000000| Complete 
|  96|0x0000000086000000, 0x0000000086100000, 0x0000000086100000|100%|HC|  |TAMS 0x0000000086100000, 0x0000000086100000| Complete 
|  97|0x0000000086100000, 0x0000000086200000, 0x0000000086200000|100%|HC|  |TAMS 0x0000000086200000, 0x0000000086200000| Complete 
|  98|0x0000000086200000, 0x0000000086300000, 0x0000000086300000|100%|HS|  |TAMS 0x0000000086300000, 0x0000000086300000| Complete 
|  99|0x0000000086300000, 0x0000000086400000, 0x0000000086400000|100%| O|  |TAMS 0x0000000086400000, 0x0000000086400000| Untracked 
| 100|0x0000000086400000, 0x0000000086500000, 0x0000000086500000|100%| O|  |TAMS 0x0000000086500000, 0x0000000086500000| Untracked 
| 101|0x0000000086500000, 0x0000000086600000, 0x0000000086600000|100%| O|  |TAMS 0x0000000086600000, 0x0000000086600000| Untracked 
| 102|0x0000000086600000, 0x0000000086700000, 0x0000000086700000|100%| O|  |TAMS 0x0000000086700000, 0x0000000086700000| Untracked 
| 103|0x0000000086700000, 0x0000000086800000, 0x0000000086800000|100%| O|  |TAMS 0x0000000086800000, 0x0000000086800000| Untracked 
| 104|0x0000000086800000, 0x0000000086900000, 0x0000000086900000|100%| O|  |TAMS 0x0000000086900000, 0x0000000086900000| Untracked 
| 105|0x0000000086900000, 0x0000000086a00000, 0x0000000086a00000|100%| O|  |TAMS 0x0000000086a00000, 0x0000000086a00000| Untracked 
| 106|0x0000000086a00000, 0x0000000086b00000, 0x0000000086b00000|100%|HS|  |TAMS 0x0000000086b00000, 0x0000000086b00000| Complete 
| 107|0x0000000086b00000, 0x0000000086c00000, 0x0000000086c00000|100%|HC|  |TAMS 0x0000000086c00000, 0x0000000086c00000| Complete 
| 108|0x0000000086c00000, 0x0000000086d00000, 0x0000000086d00000|100%| O|  |TAMS 0x0000000086d00000, 0x0000000086d00000| Untracked 
| 109|0x0000000086d00000, 0x0000000086e00000, 0x0000000086e00000|100%| O|  |TAMS 0x0000000086e00000, 0x0000000086e00000| Untracked 
| 110|0x0000000086e00000, 0x0000000086f00000, 0x0000000086f00000|100%| O|  |TAMS 0x0000000086f00000, 0x0000000086f00000| Untracked 
| 111|0x0000000086f00000, 0x0000000087000000, 0x0000000087000000|100%|HS|  |TAMS 0x0000000087000000, 0x0000000087000000| Complete 
| 112|0x0000000087000000, 0x0000000087100000, 0x0000000087100000|100%|HC|  |TAMS 0x0000000087100000, 0x0000000087100000| Complete 
| 113|0x0000000087100000, 0x0000000087200000, 0x0000000087200000|100%| O|  |TAMS 0x0000000087200000, 0x0000000087200000| Untracked 
| 114|0x0000000087200000, 0x0000000087300000, 0x0000000087300000|100%|HS|  |TAMS 0x0000000087300000, 0x0000000087300000| Complete 
| 115|0x0000000087300000, 0x0000000087400000, 0x0000000087400000|100%| O|  |TAMS 0x0000000087400000, 0x0000000087400000| Untracked 
| 116|0x0000000087400000, 0x0000000087500000, 0x0000000087500000|100%| O|  |TAMS 0x0000000087500000, 0x0000000087500000| Untracked 
| 117|0x0000000087500000, 0x0000000087600000, 0x0000000087600000|100%| O|  |TAMS 0x00000000875da000, 0x0000000087600000| Untracked 
| 118|0x0000000087600000, 0x0000000087700000, 0x0000000087700000|100%|HS|  |TAMS 0x0000000087700000, 0x0000000087700000| Complete 
| 119|0x0000000087700000, 0x0000000087800000, 0x0000000087800000|100%|HC|  |TAMS 0x0000000087800000, 0x0000000087800000| Complete 
| 120|0x0000000087800000, 0x0000000087900000, 0x0000000087900000|100%|HS|  |TAMS 0x0000000087800000, 0x0000000087900000| Complete 
| 121|0x0000000087900000, 0x0000000087a00000, 0x0000000087a00000|100%|HS|  |TAMS 0x0000000087900000, 0x0000000087a00000| Complete 
| 122|0x0000000087a00000, 0x0000000087b00000, 0x0000000087b00000|100%|HS|  |TAMS 0x0000000087b00000, 0x0000000087b00000| Complete 
| 123|0x0000000087b00000, 0x0000000087c00000, 0x0000000087c00000|100%| O|  |TAMS 0x0000000087b00000, 0x0000000087c00000| Untracked 
| 124|0x0000000087c00000, 0x0000000087d00000, 0x0000000087d00000|100%| O|  |TAMS 0x0000000087c00000, 0x0000000087d00000| Untracked 
| 125|0x0000000087d00000, 0x0000000087e00000, 0x0000000087e00000|100%| O|  |TAMS 0x0000000087d00000, 0x0000000087e00000| Untracked 
| 126|0x0000000087e00000, 0x0000000087f00000, 0x0000000087f00000|100%|HS|  |TAMS 0x0000000087f00000, 0x0000000087f00000| Complete 
| 127|0x0000000087f00000, 0x0000000088000000, 0x0000000088000000|100%|HC|  |TAMS 0x0000000088000000, 0x0000000088000000| Complete 
| 128|0x0000000088000000, 0x0000000088100000, 0x0000000088100000|100%| O|  |TAMS 0x0000000088000000, 0x0000000088100000| Untracked 
| 129|0x0000000088100000, 0x0000000088200000, 0x0000000088200000|100%| O|  |TAMS 0x0000000088100000, 0x0000000088200000| Untracked 
| 130|0x0000000088200000, 0x0000000088300000, 0x0000000088300000|100%| O|  |TAMS 0x0000000088200000, 0x0000000088300000| Untracked 
| 131|0x0000000088300000, 0x0000000088400000, 0x0000000088400000|100%| O|  |TAMS 0x0000000088300000, 0x0000000088400000| Untracked 
| 132|0x0000000088400000, 0x0000000088500000, 0x0000000088500000|100%| O|  |TAMS 0x0000000088400000, 0x0000000088500000| Untracked 
| 133|0x0000000088500000, 0x0000000088600000, 0x0000000088600000|100%| O|  |TAMS 0x0000000088500000, 0x0000000088600000| Untracked 
| 134|0x0000000088600000, 0x0000000088700000, 0x0000000088700000|100%| O|  |TAMS 0x0000000088600000, 0x0000000088700000| Untracked 
| 135|0x0000000088700000, 0x0000000088800000, 0x0000000088800000|100%| O|  |TAMS 0x0000000088700000, 0x0000000088800000| Untracked 
| 136|0x0000000088800000, 0x0000000088900000, 0x0000000088900000|100%| O|  |TAMS 0x0000000088800000, 0x0000000088900000| Untracked 
| 137|0x0000000088900000, 0x0000000088a00000, 0x0000000088a00000|100%| O|  |TAMS 0x0000000088900000, 0x0000000088a00000| Untracked 
| 138|0x0000000088a00000, 0x0000000088b00000, 0x0000000088b00000|100%| O|  |TAMS 0x0000000088a00000, 0x0000000088b00000| Untracked 
| 139|0x0000000088b00000, 0x0000000088c00000, 0x0000000088c00000|100%|HS|  |TAMS 0x0000000088c00000, 0x0000000088c00000| Complete 
| 140|0x0000000088c00000, 0x0000000088d00000, 0x0000000088d00000|100%|HC|  |TAMS 0x0000000088d00000, 0x0000000088d00000| Complete 
| 141|0x0000000088d00000, 0x0000000088e00000, 0x0000000088e00000|100%| O|  |TAMS 0x0000000088d00000, 0x0000000088e00000| Untracked 
| 142|0x0000000088e00000, 0x0000000088f00000, 0x0000000088f00000|100%| O|  |TAMS 0x0000000088e00000, 0x0000000088f00000| Untracked 
| 143|0x0000000088f00000, 0x0000000089000000, 0x0000000089000000|100%| O|  |TAMS 0x0000000088f00000, 0x0000000089000000| Untracked 
| 144|0x0000000089000000, 0x0000000089100000, 0x0000000089100000|100%| O|  |TAMS 0x0000000089000000, 0x0000000089100000| Untracked 
| 145|0x0000000089100000, 0x0000000089200000, 0x0000000089200000|100%| O|  |TAMS 0x0000000089100000, 0x0000000089200000| Untracked 
| 146|0x0000000089200000, 0x0000000089300000, 0x0000000089300000|100%| O|  |TAMS 0x0000000089200000, 0x0000000089300000| Untracked 
| 147|0x0000000089300000, 0x0000000089400000, 0x0000000089400000|100%|HS|  |TAMS 0x0000000089400000, 0x0000000089400000| Complete 
| 148|0x0000000089400000, 0x0000000089500000, 0x0000000089500000|100%|HC|  |TAMS 0x0000000089500000, 0x0000000089500000| Complete 
| 149|0x0000000089500000, 0x0000000089600000, 0x0000000089600000|100%|HC|  |TAMS 0x0000000089600000, 0x0000000089600000| Complete 
| 150|0x0000000089600000, 0x0000000089700000, 0x0000000089700000|100%| O|  |TAMS 0x0000000089600000, 0x0000000089700000| Untracked 
| 151|0x0000000089700000, 0x0000000089800000, 0x0000000089800000|100%|HS|  |TAMS 0x0000000089800000, 0x0000000089800000| Complete 
| 152|0x0000000089800000, 0x0000000089900000, 0x0000000089900000|100%| O|  |TAMS 0x0000000089800000, 0x0000000089900000| Untracked 
| 153|0x0000000089900000, 0x0000000089a00000, 0x0000000089a00000|100%| O|  |TAMS 0x0000000089900000, 0x0000000089a00000| Untracked 
| 154|0x0000000089a00000, 0x0000000089a2d200, 0x0000000089b00000| 17%| O|  |TAMS 0x0000000089a00000, 0x0000000089a2d200| Untracked 
| 155|0x0000000089b00000, 0x0000000089b00000, 0x0000000089c00000|  0%| F|  |TAMS 0x0000000089b00000, 0x0000000089b00000| Untracked 
| 156|0x0000000089c00000, 0x0000000089c00000, 0x0000000089d00000|  0%| F|  |TAMS 0x0000000089c00000, 0x0000000089c00000| Untracked 
| 157|0x0000000089d00000, 0x0000000089d00000, 0x0000000089e00000|  0%| F|  |TAMS 0x0000000089d00000, 0x0000000089d00000| Untracked 
| 158|0x0000000089e00000, 0x0000000089e00000, 0x0000000089f00000|  0%| F|  |TAMS 0x0000000089e00000, 0x0000000089e00000| Untracked 
| 159|0x0000000089f00000, 0x0000000089f00000, 0x000000008a000000|  0%| F|  |TAMS 0x0000000089f00000, 0x0000000089f00000| Untracked 
| 160|0x000000008a000000, 0x000000008a000000, 0x000000008a100000|  0%| F|  |TAMS 0x000000008a000000, 0x000000008a000000| Untracked 
| 161|0x000000008a100000, 0x000000008a100000, 0x000000008a200000|  0%| F|  |TAMS 0x000000008a100000, 0x000000008a100000| Untracked 
| 162|0x000000008a200000, 0x000000008a200000, 0x000000008a300000|  0%| F|  |TAMS 0x000000008a200000, 0x000000008a200000| Untracked 
| 163|0x000000008a300000, 0x000000008a300000, 0x000000008a400000|  0%| F|  |TAMS 0x000000008a300000, 0x000000008a300000| Untracked 
| 164|0x000000008a400000, 0x000000008a400000, 0x000000008a500000|  0%| F|  |TAMS 0x000000008a400000, 0x000000008a400000| Untracked 
| 165|0x000000008a500000, 0x000000008a500000, 0x000000008a600000|  0%| F|  |TAMS 0x000000008a500000, 0x000000008a500000| Untracked 
| 166|0x000000008a600000, 0x000000008a600000, 0x000000008a700000|  0%| F|  |TAMS 0x000000008a600000, 0x000000008a600000| Untracked 
| 167|0x000000008a700000, 0x000000008a700000, 0x000000008a800000|  0%| F|  |TAMS 0x000000008a700000, 0x000000008a700000| Untracked 
| 168|0x000000008a800000, 0x000000008a800000, 0x000000008a900000|  0%| F|  |TAMS 0x000000008a800000, 0x000000008a800000| Untracked 
| 169|0x000000008a900000, 0x000000008a900000, 0x000000008aa00000|  0%| F|  |TAMS 0x000000008a900000, 0x000000008a900000| Untracked 
| 170|0x000000008aa00000, 0x000000008aa00000, 0x000000008ab00000|  0%| F|  |TAMS 0x000000008aa00000, 0x000000008aa00000| Untracked 
| 171|0x000000008ab00000, 0x000000008ab00000, 0x000000008ac00000|  0%| F|  |TAMS 0x000000008ab00000, 0x000000008ab00000| Untracked 
| 172|0x000000008ac00000, 0x000000008ac00000, 0x000000008ad00000|  0%| F|  |TAMS 0x000000008ac00000, 0x000000008ac00000| Untracked 
| 173|0x000000008ad00000, 0x000000008ad00000, 0x000000008ae00000|  0%| F|  |TAMS 0x000000008ad00000, 0x000000008ad00000| Untracked 
| 174|0x000000008ae00000, 0x000000008ae00000, 0x000000008af00000|  0%| F|  |TAMS 0x000000008ae00000, 0x000000008ae00000| Untracked 
| 175|0x000000008af00000, 0x000000008af00000, 0x000000008b000000|  0%| F|  |TAMS 0x000000008af00000, 0x000000008af00000| Untracked 
| 176|0x000000008b000000, 0x000000008b000000, 0x000000008b100000|  0%| F|  |TAMS 0x000000008b000000, 0x000000008b000000| Untracked 
| 177|0x000000008b100000, 0x000000008b100000, 0x000000008b200000|  0%| F|  |TAMS 0x000000008b100000, 0x000000008b100000| Untracked 
| 178|0x000000008b200000, 0x000000008b200000, 0x000000008b300000|  0%| F|  |TAMS 0x000000008b200000, 0x000000008b200000| Untracked 
| 179|0x000000008b300000, 0x000000008b300000, 0x000000008b400000|  0%| F|  |TAMS 0x000000008b300000, 0x000000008b300000| Untracked 
| 180|0x000000008b400000, 0x000000008b500000, 0x000000008b500000|100%| S|CS|TAMS 0x000000008b400000, 0x000000008b400000| Complete 
| 181|0x000000008b500000, 0x000000008b600000, 0x000000008b600000|100%| S|CS|TAMS 0x000000008b500000, 0x000000008b500000| Complete 
| 182|0x000000008b600000, 0x000000008b600000, 0x000000008b700000|  0%| F|  |TAMS 0x000000008b600000, 0x000000008b600000| Untracked 
| 183|0x000000008b700000, 0x000000008b700000, 0x000000008b800000|  0%| F|  |TAMS 0x000000008b700000, 0x000000008b700000| Untracked 
| 184|0x000000008b800000, 0x000000008b800000, 0x000000008b900000|  0%| F|  |TAMS 0x000000008b800000, 0x000000008b800000| Untracked 
| 185|0x000000008b900000, 0x000000008b900000, 0x000000008ba00000|  0%| F|  |TAMS 0x000000008b900000, 0x000000008b900000| Untracked 
| 186|0x000000008ba00000, 0x000000008bb00000, 0x000000008bb00000|100%| O|  |TAMS 0x000000008bb00000, 0x000000008bb00000| Untracked 
| 187|0x000000008bb00000, 0x000000008bb00000, 0x000000008bc00000|  0%| F|  |TAMS 0x000000008bb00000, 0x000000008bb00000| Untracked 
| 188|0x000000008bc00000, 0x000000008bd00000, 0x000000008bd00000|100%| O|  |TAMS 0x000000008bd00000, 0x000000008bd00000| Untracked 
| 189|0x000000008bd00000, 0x000000008be00000, 0x000000008be00000|100%| O|  |TAMS 0x000000008be00000, 0x000000008be00000| Untracked 
| 190|0x000000008be00000, 0x000000008bf00000, 0x000000008bf00000|100%| O|  |TAMS 0x000000008bf00000, 0x000000008bf00000| Untracked 
| 191|0x000000008bf00000, 0x000000008bf00000, 0x000000008c000000|  0%| F|  |TAMS 0x000000008bf00000, 0x000000008bf00000| Untracked 
| 192|0x000000008c000000, 0x000000008c100000, 0x000000008c100000|100%| O|  |TAMS 0x000000008c100000, 0x000000008c100000| Untracked 
| 193|0x000000008c100000, 0x000000008c100000, 0x000000008c200000|  0%| F|  |TAMS 0x000000008c100000, 0x000000008c100000| Untracked 
| 194|0x000000008c200000, 0x000000008c200000, 0x000000008c300000|  0%| F|  |TAMS 0x000000008c200000, 0x000000008c200000| Untracked 
| 195|0x000000008c300000, 0x000000008c400000, 0x000000008c400000|100%| O|  |TAMS 0x000000008c400000, 0x000000008c400000| Untracked 
| 196|0x000000008c400000, 0x000000008c400000, 0x000000008c500000|  0%| F|  |TAMS 0x000000008c400000, 0x000000008c400000| Untracked 
| 197|0x000000008c500000, 0x000000008c600000, 0x000000008c600000|100%| O|  |TAMS 0x000000008c600000, 0x000000008c600000| Untracked 
| 198|0x000000008c600000, 0x000000008c700000, 0x000000008c700000|100%| O|  |TAMS 0x000000008c700000, 0x000000008c700000| Untracked 
| 199|0x000000008c700000, 0x000000008c700000, 0x000000008c800000|  0%| F|  |TAMS 0x000000008c700000, 0x000000008c700000| Untracked 
| 200|0x000000008c800000, 0x000000008c900000, 0x000000008c900000|100%| O|  |TAMS 0x000000008c900000, 0x000000008c900000| Untracked 
| 201|0x000000008c900000, 0x000000008ca00000, 0x000000008ca00000|100%| O|  |TAMS 0x000000008ca00000, 0x000000008ca00000| Untracked 
| 202|0x000000008ca00000, 0x000000008cb00000, 0x000000008cb00000|100%| O|  |TAMS 0x000000008cb00000, 0x000000008cb00000| Untracked 

Card table byte_map: [0x00000237526e0000,0x0000023752ae0000] _byte_map_base: 0x00000237522e0000

Marking Bits (Prev, Next): (CMBitMap*) 0x000002373f4c4f78, (CMBitMap*) 0x000002373f4c4fb0
 Prev Bits: [0x0000023752ee0000, 0x0000023754ee0000)
 Next Bits: [0x0000023754ee0000, 0x0000023756ee0000)

Polling page: 0x000002373d460000

Metaspace:

Usage:
  Non-class:     85.57 MB capacity,    83.87 MB ( 98%) used,     1.39 MB (  2%) free+waste,   319.81 KB ( <1%) overhead. 
      Class:     13.74 MB capacity,    12.74 MB ( 93%) used,   882.26 KB (  6%) free+waste,   146.81 KB (  1%) overhead. 
       Both:     99.31 MB capacity,    96.61 MB ( 97%) used,     2.25 MB (  2%) free+waste,   466.62 KB ( <1%) overhead. 

Virtual space:
  Non-class space:       86.00 MB reserved,      85.77 MB (>99%) committed 
      Class space:        1.00 GB reserved,      13.77 MB (  1%) committed 
             Both:        1.08 GB reserved,      99.54 MB (  9%) committed 

Chunk freelists:
   Non-Class:  73.00 KB
       Class:  9.00 KB
        Both:  82.00 KB

MaxMetaspaceSize: 17179869184.00 GB
CompressedClassSpaceSize: 1.00 GB
Initial GC threshold: 20.80 MB
Current GC threshold: 162.77 MB
CDS: off

CodeHeap 'non-profiled nmethods': size=120000Kb used=6903Kb max_used=6903Kb free=113096Kb
 bounds [0x000002374aa80000, 0x000002374b140000, 0x0000023751fb0000]
CodeHeap 'profiled nmethods': size=120000Kb used=24558Kb max_used=24558Kb free=95441Kb
 bounds [0x0000023743550000, 0x0000023744d50000, 0x000002374aa80000]
CodeHeap 'non-nmethods': size=5760Kb used=2419Kb max_used=2461Kb free=3340Kb
 bounds [0x0000023742fb0000, 0x0000023743230000, 0x0000023743550000]
 total_blobs=12341 nmethods=11395 adapters=858
 compilation: enabled
              stopped_count=0, restarted_count=0
 full_count=0

Compilation events (20 events):
Event: 22.214 Thread 0x000002375a2d2000 nmethod 11582 0x0000023744d46e90 code [0x0000023744d47120, 0x0000023744d47b48]
Event: 22.214 Thread 0x000002375a2d2000 11440       2       com.android.tools.r8.dex.h::<init> (19 bytes)
Event: 22.214 Thread 0x000002375a2d2000 nmethod 11440 0x0000023744d48410 code [0x0000023744d485c0, 0x0000023744d48778]
Event: 22.214 Thread 0x000002375a2d2000 11441       2       com.android.tools.r8.dex.h::<init> (7 bytes)
Event: 22.214 Thread 0x000002375a2d2000 nmethod 11441 0x0000023744d48810 code [0x0000023744d489c0, 0x0000023744d48b78]
Event: 22.214 Thread 0x000002375a2d2000 11544       2       com.android.tools.r8.graph.c0$a::m0 (31 bytes)
Event: 22.215 Thread 0x000002375a2d2000 nmethod 11544 0x0000023744d48c10 code [0x0000023744d48de0, 0x0000023744d48f38]
Event: 22.215 Thread 0x000002375a2d2000 11532       2       com.android.tools.r8.dex.i::e (6 bytes)
Event: 22.215 Thread 0x000002375a2d2000 nmethod 11532 0x0000023744d49010 code [0x0000023744d491c0, 0x0000023744d492c8]
Event: 22.215 Thread 0x000002375a2d2000 11539       2       com.android.tools.r8.graph.c0::<init> (5 bytes)
Event: 22.215 Thread 0x000002375a2d2000 nmethod 11539 0x0000023744d49390 code [0x0000023744d49540, 0x0000023744d49638]
Event: 22.215 Thread 0x000002375a2d2000 11540       2       com.android.tools.r8.graph.c0$a::<init> (41 bytes)
Event: 22.215 Thread 0x000002375a2d2000 nmethod 11540 0x0000023744d49710 code [0x0000023744d498c0, 0x0000023744d49a78]
Event: 22.215 Thread 0x000002375a2d2000 11533       2       com.android.tools.r8.dex.i$$Lambda$1345/0x0000000100bf6440::get (8 bytes)
Event: 22.216 Thread 0x000002375a2d2000 nmethod 11533 0x0000023744d49b10 code [0x0000023744d49cc0, 0x0000023744d49de8]
Event: 22.216 Thread 0x000002375a2d2000 11517       2       com.android.tools.r8.graph.A::h (20 bytes)
Event: 22.216 Thread 0x000002375a2d2000 nmethod 11517 0x0000023744d49f10 code [0x0000023744d4a0c0, 0x0000023744d4a1d8]
Event: 22.216 Thread 0x000002375a2d2000 11592       2       com.android.tools.r8.dex.i::a (274 bytes)
Event: 22.218 Thread 0x000002375a2d2000 nmethod 11592 0x0000023744d4a310 code [0x0000023744d4a5e0, 0x0000023744d4b348]
Event: 22.218 Thread 0x000002375a2d2000 11594       2       com.android.tools.r8.dex.i::b (271 bytes)

GC Heap History (20 events):
Event: 18.174 GC heap after
{Heap after GC invocations=18 (full 0):
 garbage-first heap   total 189440K, used 69489K [0x0000000080000000, 0x0000000100000000)
  region size 1024K, 10 young (10240K), 10 survivors (10240K)
 Metaspace       used 81324K, capacity 83304K, committed 83368K, reserved 1122304K
  class space    used 10620K, capacity 11374K, committed 11416K, reserved 1048576K
}
Event: 18.914 GC heap before
{Heap before GC invocations=18 (full 0):
 garbage-first heap   total 189440K, used 144241K [0x0000000080000000, 0x0000000100000000)
  region size 1024K, 83 young (84992K), 10 survivors (10240K)
 Metaspace       used 84244K, capacity 86295K, committed 86312K, reserved 1124352K
  class space    used 10983K, capacity 11783K, committed 11800K, reserved 1048576K
}
Event: 18.927 GC heap after
{Heap after GC invocations=19 (full 0):
 garbage-first heap   total 189440K, used 77109K [0x0000000080000000, 0x0000000100000000)
  region size 1024K, 11 young (11264K), 11 survivors (11264K)
 Metaspace       used 84244K, capacity 86295K, committed 86312K, reserved 1124352K
  class space    used 10983K, capacity 11783K, committed 11800K, reserved 1048576K
}
Event: 19.720 GC heap before
{Heap before GC invocations=19 (full 0):
 garbage-first heap   total 189440K, used 147765K [0x0000000080000000, 0x0000000100000000)
  region size 1024K, 80 young (81920K), 11 survivors (11264K)
 Metaspace       used 86768K, capacity 89252K, committed 89512K, reserved 1126400K
  class space    used 11440K, capacity 12381K, committed 12440K, reserved 1048576K
}
Event: 19.735 GC heap after
{Heap after GC invocations=20 (full 0):
 garbage-first heap   total 189440K, used 85100K [0x0000000080000000, 0x0000000100000000)
  region size 1024K, 8 young (8192K), 8 survivors (8192K)
 Metaspace       used 86768K, capacity 89252K, committed 89512K, reserved 1126400K
  class space    used 11440K, capacity 12381K, committed 12440K, reserved 1048576K
}
Event: 20.528 GC heap before
{Heap before GC invocations=20 (full 0):
 garbage-first heap   total 189440K, used 149612K [0x0000000080000000, 0x0000000100000000)
  region size 1024K, 72 young (73728K), 8 survivors (8192K)
 Metaspace       used 89012K, capacity 91667K, committed 91816K, reserved 1128448K
  class space    used 11636K, capacity 12626K, committed 12696K, reserved 1048576K
}
Event: 20.540 GC heap after
{Heap after GC invocations=21 (full 0):
 garbage-first heap   total 189440K, used 89768K [0x0000000080000000, 0x0000000100000000)
  region size 1024K, 5 young (5120K), 5 survivors (5120K)
 Metaspace       used 89012K, capacity 91667K, committed 91816K, reserved 1128448K
  class space    used 11636K, capacity 12626K, committed 12696K, reserved 1048576K
}
Event: 20.979 GC heap before
{Heap before GC invocations=21 (full 0):
 garbage-first heap   total 189440K, used 145064K [0x0000000080000000, 0x0000000100000000)
  region size 1024K, 61 young (62464K), 5 survivors (5120K)
 Metaspace       used 90656K, capacity 93389K, committed 93608K, reserved 1130496K
  class space    used 11823K, capacity 12848K, committed 12952K, reserved 1048576K
}
Event: 20.990 GC heap after
{Heap after GC invocations=22 (full 0):
 garbage-first heap   total 189440K, used 91822K [0x0000000080000000, 0x0000000100000000)
  region size 1024K, 7 young (7168K), 7 survivors (7168K)
 Metaspace       used 90656K, capacity 93389K, committed 93608K, reserved 1130496K
  class space    used 11823K, capacity 12848K, committed 12952K, reserved 1048576K
}
Event: 21.422 GC heap before
{Heap before GC invocations=23 (full 0):
 garbage-first heap   total 189440K, used 155310K [0x0000000080000000, 0x0000000100000000)
  region size 1024K, 55 young (56320K), 7 survivors (7168K)
 Metaspace       used 95642K, capacity 98203K, committed 98856K, reserved 1134592K
  class space    used 12433K, capacity 13406K, committed 13592K, reserved 1048576K
}
Event: 21.433 GC heap after
{Heap after GC invocations=24 (full 0):
 garbage-first heap   total 189440K, used 114018K [0x0000000080000000, 0x0000000100000000)
  region size 1024K, 9 young (9216K), 9 survivors (9216K)
 Metaspace       used 95642K, capacity 98203K, committed 98856K, reserved 1134592K
  class space    used 12433K, capacity 13406K, committed 13592K, reserved 1048576K
}
Event: 21.636 GC heap before
{Heap before GC invocations=25 (full 0):
 garbage-first heap   total 189440K, used 187746K [0x0000000080000000, 0x0000000100000000)
  region size 1024K, 42 young (43008K), 9 survivors (9216K)
 Metaspace       used 96446K, capacity 99014K, committed 99496K, reserved 1134592K
  class space    used 12533K, capacity 13525K, committed 13720K, reserved 1048576K
}
Event: 21.650 GC heap after
{Heap after GC invocations=26 (full 0):
 garbage-first heap   total 207872K, used 140222K [0x0000000080000000, 0x0000000100000000)
  region size 1024K, 7 young (7168K), 7 survivors (7168K)
 Metaspace       used 96446K, capacity 99014K, committed 99496K, reserved 1134592K
  class space    used 12533K, capacity 13525K, committed 13720K, reserved 1048576K
}
Event: 21.751 GC heap before
{Heap before GC invocations=26 (full 0):
 garbage-first heap   total 207872K, used 159678K [0x0000000080000000, 0x0000000100000000)
  region size 1024K, 28 young (28672K), 7 survivors (7168K)
 Metaspace       used 96573K, capacity 99220K, committed 99752K, reserved 1136640K
  class space    used 12549K, capacity 13530K, committed 13720K, reserved 1048576K
}
Event: 21.764 GC heap after
{Heap after GC invocations=27 (full 0):
 garbage-first heap   total 207872K, used 148328K [0x0000000080000000, 0x0000000100000000)
  region size 1024K, 5 young (5120K), 5 survivors (5120K)
 Metaspace       used 96573K, capacity 99220K, committed 99752K, reserved 1136640K
  class space    used 12549K, capacity 13530K, committed 13720K, reserved 1048576K
}
Event: 21.979 GC heap before
{Heap before GC invocations=27 (full 0):
 garbage-first heap   total 207872K, used 171880K [0x0000000080000000, 0x0000000100000000)
  region size 1024K, 27 young (27648K), 5 survivors (5120K)
 Metaspace       used 97401K, capacity 100099K, committed 100392K, reserved 1136640K
  class space    used 12705K, capacity 13725K, committed 13848K, reserved 1048576K
}
Event: 21.993 GC heap after
{Heap after GC invocations=28 (full 0):
 garbage-first heap   total 207872K, used 158679K [0x0000000080000000, 0x0000000100000000)
  region size 1024K, 4 young (4096K), 4 survivors (4096K)
 Metaspace       used 97401K, capacity 100099K, committed 100392K, reserved 1136640K
  class space    used 12705K, capacity 13725K, committed 13848K, reserved 1048576K
}
Event: 22.168 GC heap before
{Heap before GC invocations=29 (full 0):
 garbage-first heap   total 207872K, used 173015K [0x0000000080000000, 0x0000000100000000)
  region size 1024K, 19 young (19456K), 4 survivors (4096K)
 Metaspace       used 98892K, capacity 101693K, committed 101928K, reserved 1136640K
  class space    used 13041K, capacity 14071K, committed 14104K, reserved 1048576K
}
Event: 22.180 GC heap after
{Heap after GC invocations=30 (full 0):
 garbage-first heap   total 207872K, used 165456K [0x0000000080000000, 0x0000000100000000)
  region size 1024K, 3 young (3072K), 3 survivors (3072K)
 Metaspace       used 98892K, capacity 101693K, committed 101928K, reserved 1136640K
  class space    used 13041K, capacity 14071K, committed 14104K, reserved 1048576K
}
Event: 22.219 GC heap before
{Heap before GC invocations=30 (full 0):
 garbage-first heap   total 207872K, used 175696K [0x0000000080000000, 0x0000000100000000)
  region size 1024K, 13 young (13312K), 3 survivors (3072K)
 Metaspace       used 98923K, capacity 101694K, committed 101928K, reserved 1136640K
  class space    used 13041K, capacity 14071K, committed 14104K, reserved 1048576K
}

Deoptimization events (20 events):
Event: 21.420 Thread 0x000002375deb7000 DEOPT PACKING pc=0x000002374ae46edc sp=0x000000e80d7fd2b0
Event: 21.420 Thread 0x000002375deb7000 DEOPT UNPACKING pc=0x0000023742ffa1af sp=0x000000e80d7fd170 mode 2
Event: 21.662 Thread 0x000002375deb7000 DEOPT PACKING pc=0x0000023744b433d5 sp=0x000000e80d7fce50
Event: 21.662 Thread 0x000002375deb7000 DEOPT UNPACKING pc=0x0000023742ffa95e sp=0x000000e80d7fc370 mode 0
Event: 21.704 Thread 0x000002375deb7000 DEOPT PACKING pc=0x0000023744b433f6 sp=0x000000e80d7fcf70
Event: 21.704 Thread 0x000002375deb7000 DEOPT UNPACKING pc=0x0000023742ffa95e sp=0x000000e80d7fc490 mode 0
Event: 21.705 Thread 0x000002375deb7000 DEOPT PACKING pc=0x0000023744b433f6 sp=0x000000e80d7fcf70
Event: 21.705 Thread 0x000002375deb7000 DEOPT UNPACKING pc=0x0000023742ffa95e sp=0x000000e80d7fc490 mode 0
Event: 21.714 Thread 0x000002375deb7000 DEOPT PACKING pc=0x0000023744cb4c1b sp=0x000000e80d7fcea0
Event: 21.714 Thread 0x000002375deb7000 DEOPT UNPACKING pc=0x0000023742ffa95e sp=0x000000e80d7fc460 mode 0
Event: 21.715 Thread 0x000002375deb7000 DEOPT PACKING pc=0x0000023744b433d5 sp=0x000000e80d7fcf70
Event: 21.715 Thread 0x000002375deb7000 DEOPT UNPACKING pc=0x0000023742ffa95e sp=0x000000e80d7fc490 mode 0
Event: 21.737 Thread 0x000002375deb9800 Uncommon trap: trap_request=0xffffff4d fr.pc=0x000002374ab5ee9c relative=0x000000000000043c
Event: 21.737 Thread 0x000002375deb9800 Uncommon trap: reason=unstable_if action=reinterpret pc=0x000002374ab5ee9c method=sun.nio.cs.UTF_8$Encoder.encodeArrayLoop(Ljava/nio/CharBuffer;Ljava/nio/ByteBuffer;)Ljava/nio/charset/CoderResult; @ 113 c2
Event: 21.737 Thread 0x000002375deb9800 DEOPT PACKING pc=0x000002374ab5ee9c sp=0x000000e80d5fd190
Event: 21.737 Thread 0x000002375deb9800 DEOPT UNPACKING pc=0x0000023742ffa1af sp=0x000000e80d5fd0f8 mode 2
Event: 21.741 Thread 0x000002375deb7000 Uncommon trap: trap_request=0xffffff4d fr.pc=0x000002374b11b27c relative=0x00000000000011bc
Event: 21.741 Thread 0x000002375deb7000 Uncommon trap: reason=unstable_if action=reinterpret pc=0x000002374b11b27c method=java.util.concurrent.ConcurrentHashMap.putVal(Ljava/lang/Object;Ljava/lang/Object;Z)Ljava/lang/Object; @ 401 c2
Event: 21.741 Thread 0x000002375deb7000 DEOPT PACKING pc=0x000002374b11b27c sp=0x000000e80d7fd100
Event: 21.741 Thread 0x000002375deb7000 DEOPT UNPACKING pc=0x0000023742ffa1af sp=0x000000e80d7fd0a0 mode 2

Classes redefined (0 events):
No events

Internal exceptions (20 events):
Event: 20.408 Thread 0x000002375b033800 Exception <a 'sun/nio/fs/WindowsException'{0x000000008834eaa8}> (0x000000008834eaa8) thrown at [src/hotspot/share/prims/jni.cpp, line 617]
Event: 20.408 Thread 0x000002375b033800 Exception <a 'sun/nio/fs/WindowsException'{0x000000008834f998}> (0x000000008834f998) thrown at [src/hotspot/share/prims/jni.cpp, line 617]
Event: 20.408 Thread 0x000002375b033800 Exception <a 'sun/nio/fs/WindowsException'{0x000000008834fcf8}> (0x000000008834fcf8) thrown at [src/hotspot/share/prims/jni.cpp, line 617]
Event: 20.408 Thread 0x000002375b033800 Exception <a 'sun/nio/fs/WindowsException'{0x0000000088350bb8}> (0x0000000088350bb8) thrown at [src/hotspot/share/prims/jni.cpp, line 617]
Event: 20.408 Thread 0x000002375b033800 Exception <a 'sun/nio/fs/WindowsException'{0x0000000088350f30}> (0x0000000088350f30) thrown at [src/hotspot/share/prims/jni.cpp, line 617]
Event: 20.432 Thread 0x000002375b033800 Exception <a 'java/lang/NoSuchMethodError'{0x0000000088140558}: <clinit>> (0x0000000088140558) thrown at [src/hotspot/share/prims/jni.cpp, line 1367]
Event: 20.436 Thread 0x000002375b033800 Exception <a 'java/lang/NoSuchMethodError'{0x0000000088174008}: <clinit>> (0x0000000088174008) thrown at [src/hotspot/share/prims/jni.cpp, line 1367]
Event: 20.448 Thread 0x000002375b033800 Exception <a 'java/lang/NoSuchMethodError'{0x00000000881a0210}: <clinit>> (0x00000000881a0210) thrown at [src/hotspot/share/prims/jni.cpp, line 1367]
Event: 20.449 Thread 0x000002375b033800 Exception <a 'java/lang/NoSuchMethodError'{0x00000000881b2998}: <clinit>> (0x00000000881b2998) thrown at [src/hotspot/share/prims/jni.cpp, line 1367]
Event: 21.158 Thread 0x000002375deb7000 Exception <a 'sun/nio/fs/WindowsException'{0x000000008a938738}> (0x000000008a938738) thrown at [src/hotspot/share/prims/jni.cpp, line 617]
Event: 21.227 Thread 0x000002375deb7000 Exception <a 'java/lang/NoSuchMethodError'{0x000000008a285dd0}: 'java.lang.Object java.lang.invoke.DirectMethodHandle$Holder.newInvokeSpecial(java.lang.Object, int)'> (0x000000008a285dd0) thrown at [src/hotspot/share/interpreter/linkResolver.cpp, line 773]
Event: 21.408 Thread 0x000002375deb7000 Exception <a 'java/lang/NoSuchMethodError'{0x0000000088be75b8}: 'java.lang.Object java.lang.invoke.DirectMethodHandle$Holder.invokeStaticInit(java.lang.Object, java.lang.Object, java.lang.Object, java.lang.Object, java.lang.Object, java.lang.Object, java.lang.Object, java.lang.Object, java.lang.Object, java.lang.Object, java.lang.Object, java.lang.Object, java.lang.Object, java.lang.Object, java.lang.Object, java.lang.Object, java.lang.Object, java.lang.Object, java.lang.Object, int, java.lang.Object, java
Event: 21.588 Thread 0x000002375deb9800 Exception <a 'java/lang/NoSuchMethodError'{0x000000008a2362b8}: 'void java.lang.invoke.DirectMethodHandle$Holder.invokeStatic(java.lang.Object, long)'> (0x000000008a2362b8) thrown at [src/hotspot/share/interpreter/linkResolver.cpp, line 773]
Event: 21.589 Thread 0x000002375deb9800 Exception <a 'java/lang/NoSuchMethodError'{0x000000008a23b778}: 'java.lang.Object java.lang.invoke.DirectMethodHandle$Holder.invokeStatic(java.lang.Object, long)'> (0x000000008a23b778) thrown at [src/hotspot/share/interpreter/linkResolver.cpp, line 773]
Event: 21.589 Thread 0x000002375deb9800 Exception <a 'java/lang/NoSuchMethodError'{0x000000008a23ed48}: 'java.lang.Object java.lang.invoke.DirectMethodHandle$Holder.invokeSpecial(java.lang.Object, java.lang.Object, long)'> (0x000000008a23ed48) thrown at [src/hotspot/share/interpreter/linkResolver.cpp, line 773]
Event: 21.591 Thread 0x000002375deb9800 Exception <a 'java/lang/NoSuchMethodError'{0x000000008a249bf0}: 'java.lang.Object java.lang.invoke.DirectMethodHandle$Holder.invokeStaticInit(java.lang.Object, java.lang.Object, long, java.lang.Object)'> (0x000000008a249bf0) thrown at [src/hotspot/share/interpreter/linkResolver.cpp, line 773]
Event: 21.736 Thread 0x000002375deb9800 Exception <a 'java/lang/NoSuchMethodError'{0x000000008a7dd620}: 'int java.lang.invoke.DirectMethodHandle$Holder.invokeSpecialIFC(java.lang.Object, java.lang.Object, java.lang.Object)'> (0x000000008a7dd620) thrown at [src/hotspot/share/interpreter/linkResolver.cpp, line 773]
Event: 21.937 Thread 0x000002375debe800 Exception <a 'java/lang/IncompatibleClassChangeError'{0x000000008ab8f450}: Found class java.lang.Object, but interface was expected> (0x000000008ab8f450) thrown at [src/hotspot/share/interpreter/linkResolver.cpp, line 839]
Event: 21.953 Thread 0x000002375debe800 Exception <a 'java/lang/IncompatibleClassChangeError'{0x000000008aa287f8}: Found class java.lang.Object, but interface was expected> (0x000000008aa287f8) thrown at [src/hotspot/share/interpreter/linkResolver.cpp, line 839]
Event: 21.958 Thread 0x000002375debe800 Exception <a 'java/lang/IncompatibleClassChangeError'{0x000000008aa49960}: Found class java.lang.Object, but interface was expected> (0x000000008aa49960) thrown at [src/hotspot/share/interpreter/linkResolver.cpp, line 839]

Events (20 events):
Event: 22.154 loading class com/android/tools/r8/internal/RL done
Event: 22.155 loading class com/android/tools/r8/internal/b30
Event: 22.155 loading class com/android/tools/r8/internal/b30 done
Event: 22.156 loading class com/android/tools/r8/graph/X0
Event: 22.156 loading class com/android/tools/r8/graph/X0 done
Event: 22.156 loading class com/android/tools/r8/graph/R2
Event: 22.156 loading class com/android/tools/r8/graph/R2 done
Event: 22.156 loading class com/android/tools/r8/graph/R2
Event: 22.156 loading class com/android/tools/r8/graph/R2 done
Event: 22.156 loading class com/android/tools/r8/graph/R2
Event: 22.156 loading class com/android/tools/r8/graph/R2 done
Event: 22.157 loading class com/android/tools/r8/internal/PL
Event: 22.157 loading class com/android/tools/r8/internal/PL done
Event: 22.157 loading class com/android/tools/r8/internal/UL
Event: 22.157 loading class com/android/tools/r8/internal/UL done
Event: 22.165 loading class com/android/tools/r8/internal/EH
Event: 22.165 loading class com/android/tools/r8/internal/EH done
Event: 22.168 Executing VM operation: G1CollectForAllocation
Event: 22.180 Executing VM operation: G1CollectForAllocation done
Event: 22.219 Executing VM operation: G1CollectForAllocation


Dynamic libraries:
0x00007ff6f8730000 - 0x00007ff6f873a000 	C:\Program Files\Android\Android Studio\jbr\bin\java.exe
0x00007ffe6cc90000 - 0x00007ffe6ce87000 	C:\WINDOWS\SYSTEM32\ntdll.dll
0x00007ffe6cb10000 - 0x00007ffe6cbcd000 	C:\WINDOWS\System32\KERNEL32.DLL
0x00007ffe6a3b0000 - 0x00007ffe6a67d000 	C:\WINDOWS\System32\KERNELBASE.dll
0x00007ffe6a910000 - 0x00007ffe6aa10000 	C:\WINDOWS\System32\ucrtbase.dll
0x00007ffe5d970000 - 0x00007ffe5d987000 	C:\Program Files\Android\Android Studio\jbr\bin\jli.dll
0x00007ffe525d0000 - 0x00007ffe525eb000 	C:\Program Files\Android\Android Studio\jbr\bin\VCRUNTIME140.dll
0x00007ffe6b5a0000 - 0x00007ffe6b740000 	C:\WINDOWS\System32\USER32.dll
0x00007ffe6aa10000 - 0x00007ffe6aa32000 	C:\WINDOWS\System32\win32u.dll
0x00007ffe51920000 - 0x00007ffe51bba000 	C:\WINDOWS\WinSxS\amd64_microsoft.windows.common-controls_6595b64144ccf1df_6.0.19041.1110_none_60b5254171f9507e\COMCTL32.dll
0x00007ffe6c280000 - 0x00007ffe6c2aa000 	C:\WINDOWS\System32\GDI32.dll
0x00007ffe6af10000 - 0x00007ffe6afae000 	C:\WINDOWS\System32\msvcrt.dll
0x00007ffe6abe0000 - 0x00007ffe6aceb000 	C:\WINDOWS\System32\gdi32full.dll
0x00007ffe6a680000 - 0x00007ffe6a71d000 	C:\WINDOWS\System32\msvcp_win.dll
0x00007ffe6aee0000 - 0x00007ffe6af10000 	C:\WINDOWS\System32\IMM32.DLL
0x00007ffe64230000 - 0x00007ffe6423c000 	C:\Program Files\Android\Android Studio\jbr\bin\vcruntime140_1.dll
0x00007ffe3b760000 - 0x00007ffe3b7ed000 	C:\Program Files\Android\Android Studio\jbr\bin\msvcp140.dll
0x00007ffdcaf80000 - 0x00007ffdcbb3c000 	C:\Program Files\Android\Android Studio\jbr\bin\server\jvm.dll
0x00007ffe6b3d0000 - 0x00007ffe6b47e000 	C:\WINDOWS\System32\ADVAPI32.dll
0x00007ffe6c2b0000 - 0x00007ffe6c34c000 	C:\WINDOWS\System32\sechost.dll
0x00007ffe6adb0000 - 0x00007ffe6aed5000 	C:\WINDOWS\System32\RPCRT4.dll
0x00007ffe6c260000 - 0x00007ffe6c268000 	C:\WINDOWS\System32\PSAPI.DLL
0x00007ffe58650000 - 0x00007ffe58677000 	C:\WINDOWS\SYSTEM32\WINMM.dll
0x00007ffe58140000 - 0x00007ffe58149000 	C:\WINDOWS\SYSTEM32\WSOCK32.dll
0x00007ffe623c0000 - 0x00007ffe623ca000 	C:\WINDOWS\SYSTEM32\VERSION.dll
0x00007ffe6c820000 - 0x00007ffe6c88b000 	C:\WINDOWS\System32\WS2_32.dll
0x00007ffe68c70000 - 0x00007ffe68c82000 	C:\WINDOWS\SYSTEM32\kernel.appcore.dll
0x00007ffe65710000 - 0x00007ffe65720000 	C:\Program Files\Android\Android Studio\jbr\bin\verify.dll
0x00007ffe681a0000 - 0x00007ffe68384000 	C:\WINDOWS\SYSTEM32\DBGHELP.DLL
0x00007ffe51bc0000 - 0x00007ffe51bec000 	C:\WINDOWS\SYSTEM32\dbgcore.DLL
0x00007ffe6a720000 - 0x00007ffe6a7a2000 	C:\WINDOWS\System32\bcryptPrimitives.dll
0x00007ffe53550000 - 0x00007ffe53578000 	C:\Program Files\Android\Android Studio\jbr\bin\java.dll
0x00007ffe65690000 - 0x00007ffe6569a000 	C:\Program Files\Android\Android Studio\jbr\bin\jimage.dll
0x00007ffe64290000 - 0x00007ffe642a8000 	C:\Program Files\Android\Android Studio\jbr\bin\zip.dll
0x00007ffe6bb10000 - 0x00007ffe6c254000 	C:\WINDOWS\System32\SHELL32.dll
0x00007ffe68490000 - 0x00007ffe68c24000 	C:\WINDOWS\SYSTEM32\windows.storage.dll
0x00007ffe6b740000 - 0x00007ffe6ba94000 	C:\WINDOWS\System32\combase.dll
0x00007ffe69e10000 - 0x00007ffe69e3c000 	C:\WINDOWS\SYSTEM32\Wldp.dll
0x00007ffe6b320000 - 0x00007ffe6b3cd000 	C:\WINDOWS\System32\SHCORE.dll
0x00007ffe6ad50000 - 0x00007ffe6ada5000 	C:\WINDOWS\System32\shlwapi.dll
0x00007ffe6a2f0000 - 0x00007ffe6a30f000 	C:\WINDOWS\SYSTEM32\profapi.dll
0x00007ffe63f90000 - 0x00007ffe63fa9000 	C:\Program Files\Android\Android Studio\jbr\bin\net.dll
0x00007ffe65b80000 - 0x00007ffe65c8a000 	C:\WINDOWS\SYSTEM32\WINHTTP.dll
0x00007ffe69b70000 - 0x00007ffe69bda000 	C:\WINDOWS\system32\mswsock.dll
0x00007ffe63f00000 - 0x00007ffe63f13000 	C:\Program Files\Android\Android Studio\jbr\bin\nio.dll
0x00007ffe3ee10000 - 0x00007ffe3ee37000 	C:\Users\julia\.gradle\native\e1d6ef7f7dcc3fd88c89a11ec53ec762bb8ba0a96d01ffa2cd45eb1d1d8dd5c5\windows-amd64\native-platform.dll
0x00007ffe1f540000 - 0x00007ffe1f684000 	C:\Users\julia\.gradle\native\0d407fdbe67a94daf76414ababcb853783967236a71b16ec16e742cd7a986fd3\windows-amd64\native-platform-file-events.dll
0x00007ffe65680000 - 0x00007ffe6568a000 	C:\Program Files\Android\Android Studio\jbr\bin\management.dll
0x00007ffe642f0000 - 0x00007ffe642fb000 	C:\Program Files\Android\Android Studio\jbr\bin\management_ext.dll
0x00007ffe69d60000 - 0x00007ffe69d78000 	C:\WINDOWS\SYSTEM32\CRYPTSP.dll
0x00007ffe69480000 - 0x00007ffe694b4000 	C:\WINDOWS\system32\rsaenh.dll
0x00007ffe6ab00000 - 0x00007ffe6ab27000 	C:\WINDOWS\System32\bcrypt.dll
0x00007ffe6a2b0000 - 0x00007ffe6a2de000 	C:\WINDOWS\SYSTEM32\USERENV.dll
0x00007ffe69d80000 - 0x00007ffe69d8c000 	C:\WINDOWS\SYSTEM32\CRYPTBASE.dll
0x00007ffe69810000 - 0x00007ffe6984b000 	C:\WINDOWS\SYSTEM32\IPHLPAPI.DLL
0x00007ffe6baa0000 - 0x00007ffe6baa8000 	C:\WINDOWS\System32\NSI.dll
0x00007ffe623a0000 - 0x00007ffe623b7000 	C:\WINDOWS\SYSTEM32\dhcpcsvc6.DLL
0x00007ffe62380000 - 0x00007ffe6239d000 	C:\WINDOWS\SYSTEM32\dhcpcsvc.DLL
0x00007ffe69850000 - 0x00007ffe6991b000 	C:\WINDOWS\SYSTEM32\DNSAPI.dll

dbghelp: loaded successfully - version: 4.0.5 - missing functions: none
symbol engine: initialized successfully - sym options: 0x614 - pdb path: .;C:\Program Files\Android\Android Studio\jbr\bin;C:\WINDOWS\SYSTEM32;C:\WINDOWS\WinSxS\amd64_microsoft.windows.common-controls_6595b64144ccf1df_6.0.19041.1110_none_60b5254171f9507e;C:\Program Files\Android\Android Studio\jbr\bin\server;C:\Users\julia\.gradle\native\e1d6ef7f7dcc3fd88c89a11ec53ec762bb8ba0a96d01ffa2cd45eb1d1d8dd5c5\windows-amd64;C:\Users\julia\.gradle\native\0d407fdbe67a94daf76414ababcb853783967236a71b16ec16e742cd7a986fd3\windows-amd64

VM Arguments:
jvm_args: --add-opens=java.base/java.util=ALL-UNNAMED --add-opens=java.base/java.lang=ALL-UNNAMED --add-opens=java.base/java.lang.invoke=ALL-UNNAMED --add-opens=java.base/java.util=ALL-UNNAMED --add-opens=java.prefs/java.util.prefs=ALL-UNNAMED --add-opens=java.prefs/java.util.prefs=ALL-UNNAMED --add-opens=java.base/java.nio.charset=ALL-UNNAMED --add-opens=java.base/java.net=ALL-UNNAMED --add-opens=java.base/java.util.concurrent.atomic=ALL-UNNAMED -Xmx2048m -Dfile.encoding=UTF-8 -Duser.country=DK -Duser.language=da -Duser.variant 
java_command: org.gradle.launcher.daemon.bootstrap.GradleDaemon 7.5
java_class_path (initial): C:\Users\julia\.gradle\wrapper\dists\gradle-7.5-bin\f1w0cc9nuo0eivz97x2xlu9sv\gradle-7.5\lib\gradle-launcher-7.5.jar
Launcher Type: SUN_STANDARD

[Global flags]
     intx CICompilerCount                          = 4                                         {product} {ergonomic}
     uint ConcGCThreads                            = 2                                         {product} {ergonomic}
     uint G1ConcRefinementThreads                  = 8                                         {product} {ergonomic}
   size_t G1HeapRegionSize                         = 1048576                                   {product} {ergonomic}
    uintx GCDrainStackTargetSize                   = 64                                        {product} {ergonomic}
   size_t InitialHeapSize                          = 134217728                                 {product} {ergonomic}
   size_t MarkStackSize                            = 4194304                                   {product} {ergonomic}
   size_t MaxHeapSize                              = 2147483648                                {product} {command line}
   size_t MaxNewSize                               = 1287651328                                {product} {ergonomic}
   size_t MinHeapDeltaBytes                        = 1048576                                   {product} {ergonomic}
    uintx NonNMethodCodeHeapSize                   = 5836300                                {pd product} {ergonomic}
    uintx NonProfiledCodeHeapSize                  = 122910970                              {pd product} {ergonomic}
    uintx ProfiledCodeHeapSize                     = 122910970                              {pd product} {ergonomic}
    uintx ReservedCodeCacheSize                    = 251658240                              {pd product} {ergonomic}
     bool SegmentedCodeCache                       = true                                      {product} {ergonomic}
     bool UseCompressedClassPointers               = true                                 {lp64_product} {ergonomic}
     bool UseCompressedOops                        = true                                 {lp64_product} {ergonomic}
     bool UseG1GC                                  = true                                      {product} {ergonomic}
     bool UseLargePagesIndividualAllocation        = false                                  {pd product} {ergonomic}

Logging:
Log output configuration:
 #0: stdout all=warning uptime,level,tags
 #1: stderr all=off uptime,level,tags

Environment Variables:
PATH=C:\Program Files\Zulu\zulu-8\bin\;C:\Program Files\Common Files\Oracle\Java\javapath;C:\Program Files (x86)\Common Files\Oracle\Java\javapath;C:\Program Files (x86)\Intel\Intel(R) Management Engine Components\iCLS\;C:\Program Files\Intel\Intel(R) Management Engine Components\iCLS\;C:\WINDOWS\system32;C:\WINDOWS;C:\WINDOWS\System32\Wbem;C:\WINDOWS\System32\WindowsPowerShell\v1.0\;C:\WINDOWS\System32\OpenSSH\;C:\Program Files (x86)\Intel\Intel(R) Management Engine Components\DAL;C:\Program Files\Intel\Intel(R) Management Engine Components\DAL;C:\Program Files\Intel\WiFi\bin\;C:\Program Files\Common Files\Intel\WirelessCommon\;C:\Program Files\jEdit;C:\Program Files\Git\cmd;C:\Program Files\MATLAB\R2022a\bin;C:\Users\julia\AppData\Local\Microsoft\WindowsApps;C:\Users\julia\AppData\Local\Programs\Microsoft VS Code\bin;C:\Program Files\JetBrains\IntelliJ IDEA 2021.3.2\bin;;C:\Users\julia\AppData\Local\Programs\MiKTeX\miktex\bin\x64\
USERNAME=julia
OS=Windows_NT
PROCESSOR_IDENTIFIER=Intel64 Family 6 Model 142 Stepping 10, GenuineIntel



---------------  S Y S T E M  ---------------

OS: Windows 10 , 64 bit Build 19041 (10.0.19041.1741)
OS uptime: 15 days 11:29 hours

CPU:total 8 (initial active 8) (4 cores per cpu, 2 threads per core) family 6 model 142 stepping 10 microcode 0xb4, cmov, cx8, fxsr, mmx, sse, sse2, sse3, ssse3, sse4.1, sse4.2, popcnt, avx, avx2, aes, clmul, erms, 3dnowpref, lzcnt, ht, tsc, tscinvbit, bmi1, bmi2, adx, fma

Memory: 4k page, system-wide physical 8074M (493M free)
TotalPageFile size 32650M (AvailPageFile size 34M)
current process WorkingSet (physical memory assigned to process): 499M, peak: 502M
current process commit charge ("private bytes"): 538M, peak: 576M

vm_info: OpenJDK 64-Bit Server VM (11.0.15+0-b2043.56-9505619) for windows-amd64 JRE (11.0.15+0-b2043.56-9505619), built on Jan 19 2023 02:48:00 by "builduser" with unknown MS VC++:1929

END.
