#
# There is insufficient memory for the Java Runtime Environment to continue.
# Native memory allocation (malloc) failed to allocate 800896 bytes for Chunk::new
# Possible reasons:
#   The system is out of physical RAM or swap space
#   The process is running with CompressedOops enabled, and the Java Heap may be blocking the growth of the native heap
# Possible solutions:
#   Reduce memory load on the system
#   Increase physical memory or swap space
#   Check if swap backing store is full
#   Decrease Java heap size (-Xmx/-Xms)
#   Decrease number of Java threads
#   Decrease Java thread stack sizes (-Xss)
#   Set larger code cache with -XX:ReservedCodeCacheSize=
#   JVM is running with Unscaled Compressed Oops mode in which the Java heap is
#     placed in the first 4GB address space. The Java Heap base address is the
#     maximum limit for the native heap growth. Please use -XX:HeapBaseMinAddress
#     to set the Java Heap base and to place the Java Heap above 4GB virtual address.
# This output file may be truncated or incomplete.
#
#  Out of Memory Error (src/hotspot/share/memory/arena.cpp:197), pid=13532, tid=23148
#
# JRE version: OpenJDK Runtime Environment (11.0.15) (build 11.0.15+0-b2043.56-9505619)
# Java VM: OpenJDK 64-Bit Server VM (11.0.15+0-b2043.56-9505619, mixed mode, tiered, compressed oops, g1 gc, windows-amd64)
# No core dump will be written. Minidumps are not enabled by default on client versions of Windows
#

---------------  S U M M A R Y ------------

Command Line: --add-opens=java.base/java.util=ALL-UNNAMED --add-opens=java.base/java.lang=ALL-UNNAMED --add-opens=java.base/java.lang.invoke=ALL-UNNAMED --add-opens=java.base/java.util=ALL-UNNAMED --add-opens=java.prefs/java.util.prefs=ALL-UNNAMED --add-opens=java.prefs/java.util.prefs=ALL-UNNAMED --add-opens=java.base/java.nio.charset=ALL-UNNAMED --add-opens=java.base/java.net=ALL-UNNAMED --add-opens=java.base/java.util.concurrent.atomic=ALL-UNNAMED -Xmx2048m -Dfile.encoding=UTF-8 -Duser.country=DK -Duser.language=da -Duser.variant org.gradle.launcher.daemon.bootstrap.GradleDaemon 7.5

Host: Intel(R) Core(TM) i5-8250U CPU @ 1.60GHz, 8 cores, 7G,  Windows 10 , 64 bit Build 19041 (10.0.19041.1741)
Time: Thu Apr 20 09:01:11 2023 Rom, sommertid elapsed time: 62.527208 seconds (0d 0h 1m 2s)

---------------  T H R E A D  ---------------

Current thread (0x000001ead872e000):  JavaThread "C2 CompilerThread0" daemon [_thread_in_native, id=23148, stack(0x0000009245f00000,0x0000009246000000)]


Current CompileTask:
C2:  62527 14138 %     4       com.android.tools.r8.dex.i::l @ 64 (2158 bytes)

Stack: [0x0000009245f00000,0x0000009246000000]
Native frames: (J=compiled Java code, j=interpreted, Vv=VM code, C=native code)
V  [jvm.dll+0x64135a]
V  [jvm.dll+0x7d39f9]
V  [jvm.dll+0x7d51b9]
V  [jvm.dll+0x7d58a3]
V  [jvm.dll+0x2691c5]
V  [jvm.dll+0xc1a5c]
V  [jvm.dll+0xc200c]
V  [jvm.dll+0x2da2c2]
V  [jvm.dll+0x54cad9]
V  [jvm.dll+0x22a011]
V  [jvm.dll+0x223809]
V  [jvm.dll+0x220384]
V  [jvm.dll+0x19e851]
V  [jvm.dll+0x230479]
V  [jvm.dll+0x22e5ef]
V  [jvm.dll+0x794de1]
V  [jvm.dll+0x78dc24]
V  [jvm.dll+0x6400f6]
C  [ucrtbase.dll+0x21bb2]
C  [KERNEL32.DLL+0x17034]
C  [ntdll.dll+0x52651]


---------------  P R O C E S S  ---------------

Threads class SMR info:
_java_thread_list=0x000001eadfa0f060, length=147, elements={
0x000001eabd8e1800, 0x000001ead7d9a800, 0x000001ead7da3800, 0x000001ead8724800,
0x000001ead8727800, 0x000001ead8728800, 0x000001ead872e000, 0x000001ead872f000,
0x000001ead8732800, 0x000001ead8880800, 0x000001eadb054000, 0x000001ead8958000,
0x000001ead8ade000, 0x000001ead9e5a000, 0x000001eada593000, 0x000001eadac9c000,
0x000001eadac9d800, 0x000001eadac98800, 0x000001eadac9e800, 0x000001eadac9b000,
0x000001eadac9f000, 0x000001eadbd14000, 0x000001eadbd13000, 0x000001eadbd18000,
0x000001eadbd1b800, 0x000001eadbd15800, 0x000001eadbd16800, 0x000001eadfd62000,
0x000001eadc6c6000, 0x000001eadc6c4800, 0x000001eadc6c7000, 0x000001eadc6c8000,
0x000001eadfd59000, 0x000001eadfd53800, 0x000001eadfd55000, 0x000001eadfd5a000,
0x000001eadfd54000, 0x000001eadfd55800, 0x000001eadfd5c800, 0x000001eadfd57800,
0x000001eadfd56800, 0x000001eadfd5a800, 0x000001ead9759800, 0x000001eadfd58000,
0x000001eadfef1800, 0x000001eadfd61000, 0x000001eadfd5f800, 0x000001eadfd5d000,
0x000001eadfd5e800, 0x000001eadfd5e000, 0x000001eadfd60800, 0x000001eadfd5b800,
0x000001eadc6c2000, 0x000001eadc6c8800, 0x000001eadc6c3000, 0x000001eadc6c9800,
0x000001eadc6c3800, 0x000001eadc6ca800, 0x000001eadc6cf000, 0x000001eadc6cb000,
0x000001eadc6d0000, 0x000001eadc6cc800, 0x000001eadc6ce800, 0x000001eadc6cc000,
0x000001eadc6cd800, 0x000001eadbd1c000, 0x000001eadbd17800, 0x000001eadbd21000,
0x000001eadbd1e800, 0x000001eadbd20800, 0x000001eadbd22000, 0x000001eadbd1e000,
0x000001eadbd1f800, 0x000001eadac99800, 0x000001eadac9d000, 0x000001eadac9a800,
0x000001eae1f6a800, 0x000001eae1f6b800, 0x000001eae1f68000, 0x000001eae1f6c000,
0x000001eae1f6d000, 0x000001eae1f67800, 0x000001eae1f6e000, 0x000001eae1f6e800,
0x000001eae1f69000, 0x000001eae1f6f800, 0x000001eae1f69800, 0x000001eae1f72000,
0x000001eae1f73800, 0x000001eae1f72800, 0x000001eae1f74800, 0x000001eae1f75000,
0x000001eae1f76000, 0x000001eae1f70800, 0x000001eae1f71000, 0x000001eae1cdb800,
0x000001eae1cdd000, 0x000001eae1cd9800, 0x000001eae1cd9000, 0x000001eae1cdd800,
0x000001eae1cdc000, 0x000001eae1cda800, 0x000001eae1cd8000, 0x000001eae1ce2000,
0x000001eae1ce1000, 0x000001eae1ce2800, 0x000001eae1cde800, 0x000001eae1ce3800,
0x000001eae1ce0000, 0x000001eae1ce4800, 0x000001eae1ce5000, 0x000001eae1cdf800,
0x000001eae1ce6000, 0x000001eae1ce6800, 0x000001eae22cb800, 0x000001eae22c9000,
0x000001eae22ca000, 0x000001eae22cc800, 0x000001eae22ce000, 0x000001eae22c8000,
0x000001eae22cf000, 0x000001eae22cd000, 0x000001eae22cf800, 0x000001eae22d0800,
0x000001eae22ca800, 0x000001eae22d7000, 0x000001eae22d5800, 0x000001eae22d3000,
0x000001eae22d3800, 0x000001eae22d2000, 0x000001eae22d4800, 0x000001eae22d6000,
0x000001eae22d1000, 0x000001eadb3c8800, 0x000001eadb3cb000, 0x000001eadb3c8000,
0x000001eadb3cd800, 0x000001eadb3cc800, 0x000001eadb3cf000, 0x000001eadb3ce800,
0x000001eadb3c9800, 0x000001eadb3cc000, 0x000001eadb3d0000, 0x000001eadb3ca800,
0x000001eadb3d3800, 0x000001eadb3d4000, 0x000001eadb3d5000
}

Java Threads: ( => current thread )
  0x000001eabd8e1800 JavaThread "main" [_thread_blocked, id=12912, stack(0x0000009245300000,0x0000009245400000)]
  0x000001ead7d9a800 JavaThread "Reference Handler" daemon [_thread_blocked, id=23916, stack(0x0000009245a00000,0x0000009245b00000)]
  0x000001ead7da3800 JavaThread "Finalizer" daemon [_thread_blocked, id=3532, stack(0x0000009245b00000,0x0000009245c00000)]
  0x000001ead8724800 JavaThread "Signal Dispatcher" daemon [_thread_blocked, id=15908, stack(0x0000009245c00000,0x0000009245d00000)]
  0x000001ead8727800 JavaThread "Attach Listener" daemon [_thread_blocked, id=20728, stack(0x0000009245d00000,0x0000009245e00000)]
  0x000001ead8728800 JavaThread "Service Thread" daemon [_thread_blocked, id=27060, stack(0x0000009245e00000,0x0000009245f00000)]
=>0x000001ead872e000 JavaThread "C2 CompilerThread0" daemon [_thread_in_native, id=23148, stack(0x0000009245f00000,0x0000009246000000)]
  0x000001ead872f000 JavaThread "C1 CompilerThread0" daemon [_thread_blocked, id=15756, stack(0x0000009246000000,0x0000009246100000)]
  0x000001ead8732800 JavaThread "Sweeper thread" daemon [_thread_blocked, id=15520, stack(0x0000009246100000,0x0000009246200000)]
  0x000001ead8880800 JavaThread "Common-Cleaner" daemon [_thread_blocked, id=7860, stack(0x0000009246200000,0x0000009246300000)]
  0x000001eadb054000 JavaThread "Daemon health stats" [_thread_blocked, id=27128, stack(0x0000009246800000,0x0000009246900000)]
  0x000001ead8958000 JavaThread "Incoming local TCP Connector on port 59948" [_thread_in_native, id=20404, stack(0x0000009246400000,0x0000009246500000)]
  0x000001ead8ade000 JavaThread "Daemon periodic checks" [_thread_blocked, id=9544, stack(0x0000009246500000,0x0000009246600000)]
  0x000001ead9e5a000 JavaThread "Daemon" [_thread_blocked, id=24764, stack(0x0000009246900000,0x0000009246a00000)]
  0x000001eada593000 JavaThread "Daemon worker" [_thread_blocked, id=27436, stack(0x0000009246c00000,0x0000009246d00000)]
  0x000001eadac9c000 JavaThread "Cache worker for journal cache (C:\Users\julia\.gradle\caches\journal-1)" [_thread_blocked, id=26428, stack(0x0000009247000000,0x0000009247100000)]
  0x000001eadac9d800 JavaThread "File lock request listener" [_thread_in_native, id=408, stack(0x0000009247700000,0x0000009247800000)]
  0x000001eadac98800 JavaThread "Cache worker for file hash cache (C:\Users\julia\.gradle\caches\7.5\fileHashes)" [_thread_blocked, id=14628, stack(0x0000009247800000,0x0000009247900000)]
  0x000001eadac9e800 JavaThread "File watcher server" daemon [_thread_in_native, id=19192, stack(0x0000009247b00000,0x0000009247c00000)]
  0x000001eadac9b000 JavaThread "File watcher consumer" daemon [_thread_blocked, id=16468, stack(0x0000009247c00000,0x0000009247d00000)]
  0x000001eadac9f000 JavaThread "Cache worker for file content cache (C:\Users\julia\.gradle\caches\7.5\fileContent)" [_thread_blocked, id=12828, stack(0x0000009247f00000,0x0000009248000000)]
  0x000001eadbd14000 JavaThread "Cache worker for execution history cache (C:\Users\julia\.gradle\caches\7.5\executionHistory)" [_thread_blocked, id=19900, stack(0x0000009248100000,0x0000009248200000)]
  0x000001eadbd13000 JavaThread "jar transforms" [_thread_blocked, id=14476, stack(0x0000009248200000,0x0000009248300000)]
  0x000001eadbd18000 JavaThread "jar transforms Thread 2" [_thread_blocked, id=13544, stack(0x0000009248300000,0x0000009248400000)]
  0x000001eadbd1b800 JavaThread "jar transforms Thread 3" [_thread_blocked, id=21424, stack(0x0000009248500000,0x0000009248600000)]
  0x000001eadbd15800 JavaThread "jar transforms Thread 4" [_thread_blocked, id=26436, stack(0x0000009248600000,0x0000009248700000)]
  0x000001eadbd16800 JavaThread "jar transforms Thread 5" [_thread_blocked, id=14692, stack(0x0000009248800000,0x0000009248900000)]
  0x000001eadfd62000 JavaThread "jar transforms Thread 6" [_thread_blocked, id=22188, stack(0x000000924da00000,0x000000924db00000)]
  0x000001eadc6c6000 JavaThread "jar transforms Thread 7" [_thread_blocked, id=14936, stack(0x000000924db00000,0x000000924dc00000)]
  0x000001eadc6c4800 JavaThread "jar transforms Thread 8" [_thread_blocked, id=26300, stack(0x000000924dc00000,0x000000924dd00000)]
  0x000001eadc6c7000 JavaThread "Memory manager" [_thread_blocked, id=11776, stack(0x000000924de00000,0x000000924df00000)]
  0x000001eadc6c8000 JavaThread "included builds" [_thread_blocked, id=10876, stack(0x000000924df00000,0x000000924e000000)]
  0x000001eadfd59000 JavaThread "Handler for socket connection from /127.0.0.1:59948 to /127.0.0.1:59961" [_thread_in_native, id=10092, stack(0x0000009246d00000,0x0000009246e00000)]
  0x000001eadfd53800 JavaThread "Cancel handler" [_thread_blocked, id=13700, stack(0x0000009246e00000,0x0000009246f00000)]
  0x000001eadfd55000 JavaThread "Asynchronous log dispatcher for DefaultDaemonConnection: socket connection from /127.0.0.1:59948 to /127.0.0.1:59961" [_thread_blocked, id=11540, stack(0x0000009246f00000,0x0000009247000000)]
  0x000001eadfd5a000 JavaThread "Stdin handler" [_thread_blocked, id=16616, stack(0x0000009247a00000,0x0000009247b00000)]
  0x000001eadfd54000 JavaThread "Daemon client event forwarder" [_thread_blocked, id=17040, stack(0x0000009247d00000,0x0000009247e00000)]
  0x000001eadfd55800 JavaThread "Cache worker for checksums cache (C:\Users\julia\OneDrive\DTU\4. semester\project kursus\AndroidStudioProjects\.gradle\7.5\checksums)" [_thread_blocked, id=2108, stack(0x0000009247e00000,0x0000009247f00000)]
  0x000001eadfd5c800 JavaThread "Cache worker for cache directory md-rule (C:\Users\julia\.gradle\caches\7.5\md-rule)" [_thread_blocked, id=22152, stack(0x0000009248000000,0x0000009248100000)]
  0x000001eadfd57800 JavaThread "Cache worker for file hash cache (C:\Users\julia\OneDrive\DTU\4. semester\project kursus\AndroidStudioProjects\.gradle\7.5\fileHashes)" [_thread_blocked, id=1384, stack(0x0000009248400000,0x0000009248500000)]
  0x000001eadfd56800 JavaThread "Cache worker for cache directory md-supplier (C:\Users\julia\.gradle\caches\7.5\md-supplier)" [_thread_blocked, id=23928, stack(0x0000009248700000,0x0000009248800000)]
  0x000001eadfd5a800 JavaThread "Cache worker for dependencies-accessors (C:\Users\julia\OneDrive\DTU\4. semester\project kursus\AndroidStudioProjects\.gradle\7.5\dependencies-accessors)" [_thread_blocked, id=17500, stack(0x0000009248900000,0x0000009248a00000)]
  0x000001ead9759800 JavaThread "C2 CompilerThread1" daemon [_thread_blocked, id=18340, stack(0x0000009248a00000,0x0000009248b00000)]
  0x000001eadfd58000 JavaThread "Cache worker for Build Output Cleanup Cache (C:\Users\julia\OneDrive\DTU\4. semester\project kursus\AndroidStudioProjects\.gradle\buildOutputCleanup)" [_thread_blocked, id=10248, stack(0x0000009248b00000,0x0000009248c00000)]
  0x000001eadfef1800 JavaThread "C2 CompilerThread2" daemon [_thread_blocked, id=12824, stack(0x0000009248c00000,0x0000009248d00000)]
  0x000001eadfd61000 JavaThread "Unconstrained build operations" [_thread_blocked, id=23764, stack(0x0000009248d00000,0x0000009248e00000)]
  0x000001eadfd5f800 JavaThread "Unconstrained build operations Thread 2" [_thread_blocked, id=7164, stack(0x0000009248e00000,0x0000009248f00000)]
  0x000001eadfd5d000 JavaThread "Unconstrained build operations Thread 3" [_thread_blocked, id=24216, stack(0x0000009248f00000,0x0000009249000000)]
  0x000001eadfd5e800 JavaThread "Unconstrained build operations Thread 4" [_thread_blocked, id=6872, stack(0x0000009249000000,0x0000009249100000)]
  0x000001eadfd5e000 JavaThread "Unconstrained build operations Thread 5" [_thread_blocked, id=5844, stack(0x0000009249100000,0x0000009249200000)]
  0x000001eadfd60800 JavaThread "Unconstrained build operations Thread 6" [_thread_blocked, id=24728, stack(0x0000009249200000,0x0000009249300000)]
  0x000001eadfd5b800 JavaThread "Unconstrained build operations Thread 7" [_thread_blocked, id=26280, stack(0x0000009249300000,0x0000009249400000)]
  0x000001eadc6c2000 JavaThread "Unconstrained build operations Thread 8" [_thread_blocked, id=25956, stack(0x0000009249400000,0x0000009249500000)]
  0x000001eadc6c8800 JavaThread "Unconstrained build operations Thread 9" [_thread_blocked, id=13852, stack(0x0000009249500000,0x0000009249600000)]
  0x000001eadc6c3000 JavaThread "Unconstrained build operations Thread 10" [_thread_blocked, id=25916, stack(0x0000009249600000,0x0000009249700000)]
  0x000001eadc6c9800 JavaThread "Unconstrained build operations Thread 11" [_thread_blocked, id=24648, stack(0x0000009249700000,0x0000009249800000)]
  0x000001eadc6c3800 JavaThread "Unconstrained build operations Thread 12" [_thread_blocked, id=26420, stack(0x0000009249800000,0x0000009249900000)]
  0x000001eadc6ca800 JavaThread "Unconstrained build operations Thread 13" [_thread_blocked, id=25220, stack(0x0000009249900000,0x0000009249a00000)]
  0x000001eadc6cf000 JavaThread "Unconstrained build operations Thread 14" [_thread_blocked, id=20632, stack(0x0000009249a00000,0x0000009249b00000)]
  0x000001eadc6cb000 JavaThread "Unconstrained build operations Thread 15" [_thread_blocked, id=19264, stack(0x0000009249b00000,0x0000009249c00000)]
  0x000001eadc6d0000 JavaThread "Unconstrained build operations Thread 16" [_thread_blocked, id=18520, stack(0x0000009249c00000,0x0000009249d00000)]
  0x000001eadc6cc800 JavaThread "Unconstrained build operations Thread 17" [_thread_blocked, id=25988, stack(0x0000009249d00000,0x0000009249e00000)]
  0x000001eadc6ce800 JavaThread "Unconstrained build operations Thread 18" [_thread_blocked, id=14100, stack(0x0000009249e00000,0x0000009249f00000)]
  0x000001eadc6cc000 JavaThread "Unconstrained build operations Thread 19" [_thread_blocked, id=13364, stack(0x0000009249f00000,0x000000924a000000)]
  0x000001eadc6cd800 JavaThread "Unconstrained build operations Thread 20" [_thread_blocked, id=3132, stack(0x000000924a000000,0x000000924a100000)]
  0x000001eadbd1c000 JavaThread "Unconstrained build operations Thread 21" [_thread_blocked, id=22280, stack(0x000000924a100000,0x000000924a200000)]
  0x000001eadbd17800 JavaThread "Unconstrained build operations Thread 22" [_thread_blocked, id=24916, stack(0x000000924a200000,0x000000924a300000)]
  0x000001eadbd21000 JavaThread "Unconstrained build operations Thread 23" [_thread_blocked, id=7496, stack(0x000000924a300000,0x000000924a400000)]
  0x000001eadbd1e800 JavaThread "Unconstrained build operations Thread 24" [_thread_blocked, id=2668, stack(0x000000924a400000,0x000000924a500000)]
  0x000001eadbd20800 JavaThread "Unconstrained build operations Thread 25" [_thread_blocked, id=5208, stack(0x000000924a500000,0x000000924a600000)]
  0x000001eadbd22000 JavaThread "Unconstrained build operations Thread 26" [_thread_blocked, id=25496, stack(0x000000924a600000,0x000000924a700000)]
  0x000001eadbd1e000 JavaThread "Unconstrained build operations Thread 27" [_thread_blocked, id=6920, stack(0x000000924a700000,0x000000924a800000)]
  0x000001eadbd1f800 JavaThread "Unconstrained build operations Thread 28" [_thread_blocked, id=5904, stack(0x000000924a800000,0x000000924a900000)]
  0x000001eadac99800 JavaThread "Unconstrained build operations Thread 29" [_thread_blocked, id=14132, stack(0x000000924a900000,0x000000924aa00000)]
  0x000001eadac9d000 JavaThread "Unconstrained build operations Thread 30" [_thread_blocked, id=10044, stack(0x000000924aa00000,0x000000924ab00000)]
  0x000001eadac9a800 JavaThread "Unconstrained build operations Thread 31" [_thread_blocked, id=20836, stack(0x000000924ab00000,0x000000924ac00000)]
  0x000001eae1f6a800 JavaThread "Unconstrained build operations Thread 32" [_thread_blocked, id=19600, stack(0x000000924ac00000,0x000000924ad00000)]
  0x000001eae1f6b800 JavaThread "Unconstrained build operations Thread 33" [_thread_blocked, id=2468, stack(0x000000924ad00000,0x000000924ae00000)]
  0x000001eae1f68000 JavaThread "Unconstrained build operations Thread 34" [_thread_blocked, id=17116, stack(0x000000924ae00000,0x000000924af00000)]
  0x000001eae1f6c000 JavaThread "Unconstrained build operations Thread 35" [_thread_blocked, id=14236, stack(0x000000924af00000,0x000000924b000000)]
  0x000001eae1f6d000 JavaThread "Unconstrained build operations Thread 36" [_thread_blocked, id=3188, stack(0x000000924b000000,0x000000924b100000)]
  0x000001eae1f67800 JavaThread "Unconstrained build operations Thread 37" [_thread_blocked, id=24304, stack(0x000000924b100000,0x000000924b200000)]
  0x000001eae1f6e000 JavaThread "Unconstrained build operations Thread 38" [_thread_blocked, id=8492, stack(0x000000924b200000,0x000000924b300000)]
  0x000001eae1f6e800 JavaThread "Unconstrained build operations Thread 39" [_thread_blocked, id=24876, stack(0x000000924b300000,0x000000924b400000)]
  0x000001eae1f69000 JavaThread "Unconstrained build operations Thread 40" [_thread_blocked, id=26188, stack(0x000000924b400000,0x000000924b500000)]
  0x000001eae1f6f800 JavaThread "Unconstrained build operations Thread 41" [_thread_blocked, id=18744, stack(0x000000924b500000,0x000000924b600000)]
  0x000001eae1f69800 JavaThread "Unconstrained build operations Thread 42" [_thread_blocked, id=26784, stack(0x000000924b600000,0x000000924b700000)]
  0x000001eae1f72000 JavaThread "Unconstrained build operations Thread 43" [_thread_blocked, id=12044, stack(0x000000924b700000,0x000000924b800000)]
  0x000001eae1f73800 JavaThread "Unconstrained build operations Thread 44" [_thread_blocked, id=19636, stack(0x000000924b800000,0x000000924b900000)]
  0x000001eae1f72800 JavaThread "Unconstrained build operations Thread 45" [_thread_blocked, id=24136, stack(0x000000924b900000,0x000000924ba00000)]
  0x000001eae1f74800 JavaThread "Unconstrained build operations Thread 46" [_thread_blocked, id=8356, stack(0x000000924ba00000,0x000000924bb00000)]
  0x000001eae1f75000 JavaThread "Unconstrained build operations Thread 47" [_thread_blocked, id=24592, stack(0x000000924bb00000,0x000000924bc00000)]
  0x000001eae1f76000 JavaThread "Unconstrained build operations Thread 48" [_thread_blocked, id=18408, stack(0x000000924bc00000,0x000000924bd00000)]
  0x000001eae1f70800 JavaThread "Unconstrained build operations Thread 49" [_thread_blocked, id=16720, stack(0x000000924bd00000,0x000000924be00000)]
  0x000001eae1f71000 JavaThread "Unconstrained build operations Thread 50" [_thread_blocked, id=24452, stack(0x000000924be00000,0x000000924bf00000)]
  0x000001eae1cdb800 JavaThread "Unconstrained build operations Thread 51" [_thread_blocked, id=20888, stack(0x000000924bf00000,0x000000924c000000)]
  0x000001eae1cdd000 JavaThread "Unconstrained build operations Thread 52" [_thread_blocked, id=19412, stack(0x000000924c000000,0x000000924c100000)]
  0x000001eae1cd9800 JavaThread "Unconstrained build operations Thread 53" [_thread_blocked, id=24744, stack(0x000000924c100000,0x000000924c200000)]
  0x000001eae1cd9000 JavaThread "Unconstrained build operations Thread 54" [_thread_blocked, id=24448, stack(0x000000924c200000,0x000000924c300000)]
  0x000001eae1cdd800 JavaThread "Unconstrained build operations Thread 55" [_thread_blocked, id=19036, stack(0x000000924c300000,0x000000924c400000)]
  0x000001eae1cdc000 JavaThread "Unconstrained build operations Thread 56" [_thread_blocked, id=11452, stack(0x000000924c400000,0x000000924c500000)]
  0x000001eae1cda800 JavaThread "Unconstrained build operations Thread 57" [_thread_blocked, id=27276, stack(0x000000924c500000,0x000000924c600000)]
  0x000001eae1cd8000 JavaThread "Unconstrained build operations Thread 58" [_thread_blocked, id=25972, stack(0x000000924c600000,0x000000924c700000)]
  0x000001eae1ce2000 JavaThread "Unconstrained build operations Thread 59" [_thread_blocked, id=1948, stack(0x000000924c700000,0x000000924c800000)]
  0x000001eae1ce1000 JavaThread "Unconstrained build operations Thread 60" [_thread_blocked, id=996, stack(0x000000924c800000,0x000000924c900000)]
  0x000001eae1ce2800 JavaThread "Unconstrained build operations Thread 61" [_thread_blocked, id=22608, stack(0x000000924c900000,0x000000924ca00000)]
  0x000001eae1cde800 JavaThread "Unconstrained build operations Thread 62" [_thread_blocked, id=17796, stack(0x000000924ca00000,0x000000924cb00000)]
  0x000001eae1ce3800 JavaThread "Unconstrained build operations Thread 63" [_thread_blocked, id=3428, stack(0x000000924cb00000,0x000000924cc00000)]
  0x000001eae1ce0000 JavaThread "Unconstrained build operations Thread 64" [_thread_blocked, id=15284, stack(0x000000924cc00000,0x000000924cd00000)]
  0x000001eae1ce4800 JavaThread "Unconstrained build operations Thread 65" [_thread_blocked, id=16708, stack(0x000000924cd00000,0x000000924ce00000)]
  0x000001eae1ce5000 JavaThread "Unconstrained build operations Thread 66" [_thread_blocked, id=4952, stack(0x000000924ce00000,0x000000924cf00000)]
  0x000001eae1cdf800 JavaThread "Unconstrained build operations Thread 67" [_thread_blocked, id=6888, stack(0x000000924cf00000,0x000000924d000000)]
  0x000001eae1ce6000 JavaThread "Unconstrained build operations Thread 68" [_thread_blocked, id=11916, stack(0x000000924d000000,0x000000924d100000)]
  0x000001eae1ce6800 JavaThread "Unconstrained build operations Thread 69" [_thread_blocked, id=12056, stack(0x000000924d100000,0x000000924d200000)]
  0x000001eae22cb800 JavaThread "Unconstrained build operations Thread 70" [_thread_blocked, id=19340, stack(0x000000924d200000,0x000000924d300000)]
  0x000001eae22c9000 JavaThread "Unconstrained build operations Thread 71" [_thread_blocked, id=12296, stack(0x000000924d300000,0x000000924d400000)]
  0x000001eae22ca000 JavaThread "Unconstrained build operations Thread 72" [_thread_blocked, id=16464, stack(0x000000924d400000,0x000000924d500000)]
  0x000001eae22cc800 JavaThread "Unconstrained build operations Thread 73" [_thread_blocked, id=14552, stack(0x000000924d500000,0x000000924d600000)]
  0x000001eae22ce000 JavaThread "Unconstrained build operations Thread 74" [_thread_blocked, id=26608, stack(0x000000924d600000,0x000000924d700000)]
  0x000001eae22c8000 JavaThread "Unconstrained build operations Thread 75" [_thread_blocked, id=6252, stack(0x000000924d700000,0x000000924d800000)]
  0x000001eae22cf000 JavaThread "Unconstrained build operations Thread 76" [_thread_blocked, id=7116, stack(0x000000924d800000,0x000000924d900000)]
  0x000001eae22cd000 JavaThread "Unconstrained build operations Thread 77" [_thread_blocked, id=1612, stack(0x000000924d900000,0x000000924da00000)]
  0x000001eae22cf800 JavaThread "Unconstrained build operations Thread 78" [_thread_blocked, id=13876, stack(0x000000924dd00000,0x000000924de00000)]
  0x000001eae22d0800 JavaThread "Unconstrained build operations Thread 79" [_thread_blocked, id=16932, stack(0x000000924e000000,0x000000924e100000)]
  0x000001eae22ca800 JavaThread "Unconstrained build operations Thread 80" [_thread_blocked, id=24044, stack(0x000000924e100000,0x000000924e200000)]
  0x000001eae22d7000 JavaThread "build event listener" [_thread_blocked, id=20900, stack(0x000000924e200000,0x000000924e300000)]
  0x000001eae22d5800 JavaThread "included builds" [_thread_blocked, id=16796, stack(0x000000924e300000,0x000000924e400000)]
  0x000001eae22d3000 JavaThread "Execution worker" [_thread_blocked, id=21316, stack(0x000000924e400000,0x000000924e500000)]
  0x000001eae22d3800 JavaThread "Execution worker Thread 2" [_thread_blocked, id=20924, stack(0x000000924e500000,0x000000924e600000)]
  0x000001eae22d2000 JavaThread "Execution worker Thread 3" [_thread_blocked, id=24868, stack(0x000000924e600000,0x000000924e700000)]
  0x000001eae22d4800 JavaThread "Execution worker Thread 4" [_thread_blocked, id=7988, stack(0x000000924e700000,0x000000924e800000)]
  0x000001eae22d6000 JavaThread "Execution worker Thread 5" [_thread_blocked, id=17616, stack(0x000000924e800000,0x000000924e900000)]
  0x000001eae22d1000 JavaThread "Execution worker Thread 6" [_thread_blocked, id=604, stack(0x000000924e900000,0x000000924ea00000)]
  0x000001eadb3c8800 JavaThread "Execution worker Thread 7" [_thread_blocked, id=16244, stack(0x000000924ea00000,0x000000924eb00000)]
  0x000001eadb3cb000 JavaThread "Cache worker for execution history cache (C:\Users\julia\OneDrive\DTU\4. semester\project kursus\AndroidStudioProjects\.gradle\7.5\executionHistory)" [_thread_blocked, id=26140, stack(0x000000924eb00000,0x000000924ec00000)]
  0x000001eadb3c8000 JavaThread "WorkerExecutor Queue" [_thread_blocked, id=12872, stack(0x0000009245000000,0x0000009245100000)]
  0x000001eadb3cd800 JavaThread "WorkerExecutor Queue Thread 2" [_thread_blocked, id=7464, stack(0x0000009245100000,0x0000009245200000)]
  0x000001eadb3cc800 JavaThread "WorkerExecutor Queue Thread 3" [_thread_blocked, id=24280, stack(0x0000009245200000,0x0000009245300000)]
  0x000001eadb3cf000 JavaThread "WorkerExecutor Queue Thread 4" [_thread_blocked, id=2308, stack(0x000000924ec00000,0x000000924ed00000)]
  0x000001eadb3ce800 JavaThread "WorkerExecutor Queue Thread 5" [_thread_blocked, id=10264, stack(0x000000924ed00000,0x000000924ee00000)]
  0x000001eadb3c9800 JavaThread "WorkerExecutor Queue Thread 6" [_thread_blocked, id=17964, stack(0x000000924ee00000,0x000000924ef00000)]
  0x000001eadb3cc000 JavaThread "WorkerExecutor Queue Thread 7" [_thread_blocked, id=9888, stack(0x000000924ef00000,0x000000924f000000)]
  0x000001eadb3d0000 JavaThread "WorkerExecutor Queue Thread 8" [_thread_blocked, id=20776, stack(0x000000924f000000,0x000000924f100000)]
  0x000001eadb3ca800 JavaThread "WorkerExecutor Queue Thread 9" [_thread_blocked, id=27592, stack(0x000000924f100000,0x000000924f200000)]
  0x000001eadb3d3800 JavaThread "pool-4-thread-1" [_thread_blocked, id=7024, stack(0x000000924f200000,0x000000924f300000)]
  0x000001eadb3d4000 JavaThread "stderr" [_thread_in_native, id=9468, stack(0x000000924f300000,0x000000924f400000)]
  0x000001eadb3d5000 JavaThread "stdout" [_thread_in_native, id=13808, stack(0x000000924f400000,0x000000924f500000)]

Other Threads:
  0x000001ead7d96800 VMThread "VM Thread" [stack: 0x0000009245900000,0x0000009245a00000] [id=22432]
  0x000001ead8883800 WatcherThread [stack: 0x0000009246300000,0x0000009246400000] [id=17972]
  0x000001eabd8fc000 GCTaskThread "GC Thread#0" [stack: 0x0000009245400000,0x0000009245500000] [id=13812]
  0x000001ead94b7000 GCTaskThread "GC Thread#1" [stack: 0x0000009246600000,0x0000009246700000] [id=12156]
  0x000001ead98ec800 GCTaskThread "GC Thread#2" [stack: 0x0000009246700000,0x0000009246800000] [id=8000]
  0x000001ead9a83800 GCTaskThread "GC Thread#3" [stack: 0x0000009247100000,0x0000009247200000] [id=7492]
  0x000001eadae6e800 GCTaskThread "GC Thread#4" [stack: 0x0000009247200000,0x0000009247300000] [id=7076]
  0x000001ead94b6000 GCTaskThread "GC Thread#5" [stack: 0x0000009247300000,0x0000009247400000] [id=15432]
  0x000001eadab42000 GCTaskThread "GC Thread#6" [stack: 0x0000009247400000,0x0000009247500000] [id=23948]
  0x000001eada1ee800 GCTaskThread "GC Thread#7" [stack: 0x0000009247500000,0x0000009247600000] [id=4532]
  0x000001eabd92f000 ConcurrentGCThread "G1 Main Marker" [stack: 0x0000009245500000,0x0000009245600000] [id=26468]
  0x000001eabd931000 ConcurrentGCThread "G1 Conc#0" [stack: 0x0000009245600000,0x0000009245700000] [id=24112]
  0x000001eadac73000 ConcurrentGCThread "G1 Conc#1" [stack: 0x0000009247900000,0x0000009247a00000] [id=2860]
  0x000001eabd9be000 ConcurrentGCThread "G1 Refine#0" [stack: 0x0000009245700000,0x0000009245800000] [id=24264]
  0x000001ead9248000 ConcurrentGCThread "G1 Refine#1" [stack: 0x0000009247600000,0x0000009247700000] [id=22172]
  0x000001ead7be4800 ConcurrentGCThread "G1 Young RemSet Sampling" [stack: 0x0000009245800000,0x0000009245900000] [id=7508]

Threads with active compile tasks:
C2 CompilerThread0    62590 14138 %     4       com.android.tools.r8.dex.i::l @ 64 (2158 bytes)

VM state:at safepoint (normal execution)

VM Mutex/Monitor currently owned by a thread:  ([mutex/lock_event])
[0x000001eabd8dda80] Threads_lock - owner thread: 0x000001ead7d96800
[0x000001eabd8dd060] Heap_lock - owner thread: 0x000001eadb3d0000

Heap address: 0x0000000080000000, size: 2048 MB, Compressed Oops mode: 32-bit
Narrow klass base: 0x0000000000000000, Narrow klass shift: 3
Compressed class space size: 1073741824 Address: 0x0000000100000000

Heap:
 garbage-first heap   total 211968K, used 156474K [0x0000000080000000, 0x0000000100000000)
  region size 1024K, 1 young (1024K), 1 survivors (1024K)
 Metaspace       used 106552K, capacity 109471K, committed 109864K, reserved 1144832K
  class space    used 13665K, capacity 14728K, committed 14872K, reserved 1048576K
Heap Regions: E=young(eden), S=young(survivor), O=old, HS=humongous(starts), HC=humongous(continues), CS=collection set, F=free, A=archive, TAMS=top-at-mark-start (previous, next)
|   0|0x0000000080000000, 0x0000000080100000, 0x0000000080100000|100%| O|  |TAMS 0x0000000080100000, 0x0000000080100000| Untracked 
|   1|0x0000000080100000, 0x0000000080200000, 0x0000000080200000|100%| O|  |TAMS 0x0000000080200000, 0x0000000080200000| Untracked 
|   2|0x0000000080200000, 0x0000000080300000, 0x0000000080300000|100%| O|  |TAMS 0x0000000080300000, 0x0000000080300000| Untracked 
|   3|0x0000000080300000, 0x0000000080400000, 0x0000000080400000|100%|HS|  |TAMS 0x0000000080400000, 0x0000000080400000| Complete 
|   4|0x0000000080400000, 0x0000000080500000, 0x0000000080500000|100%|HC|  |TAMS 0x0000000080500000, 0x0000000080500000| Complete 
|   5|0x0000000080500000, 0x0000000080600000, 0x0000000080600000|100%|HC|  |TAMS 0x0000000080600000, 0x0000000080600000| Complete 
|   6|0x0000000080600000, 0x0000000080700000, 0x0000000080700000|100%| O|  |TAMS 0x0000000080700000, 0x0000000080700000| Untracked 
|   7|0x0000000080700000, 0x0000000080800000, 0x0000000080800000|100%| O|  |TAMS 0x0000000080800000, 0x0000000080800000| Untracked 
|   8|0x0000000080800000, 0x0000000080900000, 0x0000000080900000|100%| O|  |TAMS 0x0000000080900000, 0x0000000080900000| Untracked 
|   9|0x0000000080900000, 0x0000000080a00000, 0x0000000080a00000|100%| O|  |TAMS 0x0000000080a00000, 0x0000000080a00000| Untracked 
|  10|0x0000000080a00000, 0x0000000080b00000, 0x0000000080b00000|100%| O|  |TAMS 0x0000000080b00000, 0x0000000080b00000| Untracked 
|  11|0x0000000080b00000, 0x0000000080c00000, 0x0000000080c00000|100%| O|  |TAMS 0x0000000080c00000, 0x0000000080c00000| Untracked 
|  12|0x0000000080c00000, 0x0000000080d00000, 0x0000000080d00000|100%| O|  |TAMS 0x0000000080d00000, 0x0000000080d00000| Untracked 
|  13|0x0000000080d00000, 0x0000000080e00000, 0x0000000080e00000|100%| O|  |TAMS 0x0000000080e00000, 0x0000000080e00000| Untracked 
|  14|0x0000000080e00000, 0x0000000080f00000, 0x0000000080f00000|100%| O|  |TAMS 0x0000000080f00000, 0x0000000080f00000| Untracked 
|  15|0x0000000080f00000, 0x0000000081000000, 0x0000000081000000|100%| O|  |TAMS 0x0000000081000000, 0x0000000081000000| Untracked 
|  16|0x0000000081000000, 0x0000000081100000, 0x0000000081100000|100%|HS|  |TAMS 0x0000000081100000, 0x0000000081100000| Complete 
|  17|0x0000000081100000, 0x0000000081200000, 0x0000000081200000|100%| O|  |TAMS 0x0000000081200000, 0x0000000081200000| Untracked 
|  18|0x0000000081200000, 0x0000000081300000, 0x0000000081300000|100%| O|  |TAMS 0x0000000081300000, 0x0000000081300000| Untracked 
|  19|0x0000000081300000, 0x0000000081400000, 0x0000000081400000|100%| O|  |TAMS 0x0000000081400000, 0x0000000081400000| Untracked 
|  20|0x0000000081400000, 0x0000000081500000, 0x0000000081500000|100%| O|  |TAMS 0x0000000081500000, 0x0000000081500000| Untracked 
|  21|0x0000000081500000, 0x0000000081600000, 0x0000000081600000|100%| O|  |TAMS 0x0000000081600000, 0x0000000081600000| Untracked 
|  22|0x0000000081600000, 0x0000000081700000, 0x0000000081700000|100%| O|  |TAMS 0x0000000081700000, 0x0000000081700000| Untracked 
|  23|0x0000000081700000, 0x0000000081800000, 0x0000000081800000|100%| O|  |TAMS 0x0000000081800000, 0x0000000081800000| Untracked 
|  24|0x0000000081800000, 0x0000000081900000, 0x0000000081900000|100%| O|  |TAMS 0x0000000081900000, 0x0000000081900000| Untracked 
|  25|0x0000000081900000, 0x0000000081a00000, 0x0000000081a00000|100%| O|  |TAMS 0x0000000081a00000, 0x0000000081a00000| Untracked 
|  26|0x0000000081a00000, 0x0000000081b00000, 0x0000000081b00000|100%| O|  |TAMS 0x0000000081b00000, 0x0000000081b00000| Untracked 
|  27|0x0000000081b00000, 0x0000000081c00000, 0x0000000081c00000|100%| O|  |TAMS 0x0000000081c00000, 0x0000000081c00000| Untracked 
|  28|0x0000000081c00000, 0x0000000081d00000, 0x0000000081d00000|100%| O|  |TAMS 0x0000000081d00000, 0x0000000081d00000| Untracked 
|  29|0x0000000081d00000, 0x0000000081e00000, 0x0000000081e00000|100%|HS|  |TAMS 0x0000000081e00000, 0x0000000081e00000| Complete 
|  30|0x0000000081e00000, 0x0000000081f00000, 0x0000000081f00000|100%|HS|  |TAMS 0x0000000081f00000, 0x0000000081f00000| Complete 
|  31|0x0000000081f00000, 0x0000000082000000, 0x0000000082000000|100%|HS|  |TAMS 0x0000000082000000, 0x0000000082000000| Complete 
|  32|0x0000000082000000, 0x0000000082100000, 0x0000000082100000|100%|HC|  |TAMS 0x0000000082100000, 0x0000000082100000| Complete 
|  33|0x0000000082100000, 0x0000000082200000, 0x0000000082200000|100%|HC|  |TAMS 0x0000000082200000, 0x0000000082200000| Complete 
|  34|0x0000000082200000, 0x0000000082300000, 0x0000000082300000|100%| O|  |TAMS 0x0000000082300000, 0x0000000082300000| Untracked 
|  35|0x0000000082300000, 0x0000000082400000, 0x0000000082400000|100%| O|  |TAMS 0x0000000082400000, 0x0000000082400000| Untracked 
|  36|0x0000000082400000, 0x0000000082500000, 0x0000000082500000|100%| O|  |TAMS 0x0000000082500000, 0x0000000082500000| Untracked 
|  37|0x0000000082500000, 0x0000000082600000, 0x0000000082600000|100%| O|  |TAMS 0x0000000082600000, 0x0000000082600000| Untracked 
|  38|0x0000000082600000, 0x0000000082700000, 0x0000000082700000|100%| O|  |TAMS 0x0000000082700000, 0x0000000082700000| Untracked 
|  39|0x0000000082700000, 0x0000000082800000, 0x0000000082800000|100%| O|  |TAMS 0x0000000082800000, 0x0000000082800000| Untracked 
|  40|0x0000000082800000, 0x0000000082900000, 0x0000000082900000|100%| O|  |TAMS 0x0000000082900000, 0x0000000082900000| Untracked 
|  41|0x0000000082900000, 0x0000000082a00000, 0x0000000082a00000|100%| O|  |TAMS 0x0000000082a00000, 0x0000000082a00000| Untracked 
|  42|0x0000000082a00000, 0x0000000082b00000, 0x0000000082b00000|100%| O|  |TAMS 0x0000000082b00000, 0x0000000082b00000| Untracked 
|  43|0x0000000082b00000, 0x0000000082c00000, 0x0000000082c00000|100%| O|  |TAMS 0x0000000082c00000, 0x0000000082c00000| Untracked 
|  44|0x0000000082c00000, 0x0000000082d00000, 0x0000000082d00000|100%| O|  |TAMS 0x0000000082d00000, 0x0000000082d00000| Untracked 
|  45|0x0000000082d00000, 0x0000000082e00000, 0x0000000082e00000|100%| O|  |TAMS 0x0000000082e00000, 0x0000000082e00000| Untracked 
|  46|0x0000000082e00000, 0x0000000082f00000, 0x0000000082f00000|100%| O|  |TAMS 0x0000000082f00000, 0x0000000082f00000| Untracked 
|  47|0x0000000082f00000, 0x0000000083000000, 0x0000000083000000|100%| O|  |TAMS 0x0000000083000000, 0x0000000083000000| Untracked 
|  48|0x0000000083000000, 0x0000000083100000, 0x0000000083100000|100%| O|  |TAMS 0x0000000083100000, 0x0000000083100000| Untracked 
|  49|0x0000000083100000, 0x0000000083200000, 0x0000000083200000|100%| O|  |TAMS 0x0000000083200000, 0x0000000083200000| Untracked 
|  50|0x0000000083200000, 0x0000000083300000, 0x0000000083300000|100%| O|  |TAMS 0x0000000083300000, 0x0000000083300000| Untracked 
|  51|0x0000000083300000, 0x0000000083400000, 0x0000000083400000|100%| O|  |TAMS 0x0000000083400000, 0x0000000083400000| Untracked 
|  52|0x0000000083400000, 0x0000000083500000, 0x0000000083500000|100%| O|  |TAMS 0x0000000083500000, 0x0000000083500000| Untracked 
|  53|0x0000000083500000, 0x0000000083600000, 0x0000000083600000|100%| O|  |TAMS 0x0000000083600000, 0x0000000083600000| Untracked 
|  54|0x0000000083600000, 0x0000000083700000, 0x0000000083700000|100%| O|  |TAMS 0x0000000083700000, 0x0000000083700000| Untracked 
|  55|0x0000000083700000, 0x0000000083800000, 0x0000000083800000|100%| O|  |TAMS 0x0000000083800000, 0x0000000083800000| Untracked 
|  56|0x0000000083800000, 0x0000000083900000, 0x0000000083900000|100%| O|  |TAMS 0x0000000083900000, 0x0000000083900000| Untracked 
|  57|0x0000000083900000, 0x0000000083a00000, 0x0000000083a00000|100%| O|  |TAMS 0x0000000083a00000, 0x0000000083a00000| Untracked 
|  58|0x0000000083a00000, 0x0000000083b00000, 0x0000000083b00000|100%| O|  |TAMS 0x0000000083b00000, 0x0000000083b00000| Untracked 
|  59|0x0000000083b00000, 0x0000000083c00000, 0x0000000083c00000|100%| O|  |TAMS 0x0000000083c00000, 0x0000000083c00000| Untracked 
|  60|0x0000000083c00000, 0x0000000083d00000, 0x0000000083d00000|100%| O|  |TAMS 0x0000000083d00000, 0x0000000083d00000| Untracked 
|  61|0x0000000083d00000, 0x0000000083e00000, 0x0000000083e00000|100%| O|  |TAMS 0x0000000083e00000, 0x0000000083e00000| Untracked 
|  62|0x0000000083e00000, 0x0000000083f00000, 0x0000000083f00000|100%| O|  |TAMS 0x0000000083f00000, 0x0000000083f00000| Untracked 
|  63|0x0000000083f00000, 0x0000000084000000, 0x0000000084000000|100%| O|  |TAMS 0x0000000084000000, 0x0000000084000000| Untracked 
|  64|0x0000000084000000, 0x0000000084100000, 0x0000000084100000|100%| O|  |TAMS 0x0000000084100000, 0x0000000084100000| Untracked 
|  65|0x0000000084100000, 0x0000000084200000, 0x0000000084200000|100%| O|  |TAMS 0x0000000084200000, 0x0000000084200000| Untracked 
|  66|0x0000000084200000, 0x0000000084300000, 0x0000000084300000|100%| O|  |TAMS 0x0000000084300000, 0x0000000084300000| Untracked 
|  67|0x0000000084300000, 0x0000000084400000, 0x0000000084400000|100%| O|  |TAMS 0x0000000084400000, 0x0000000084400000| Untracked 
|  68|0x0000000084400000, 0x0000000084500000, 0x0000000084500000|100%| O|  |TAMS 0x0000000084500000, 0x0000000084500000| Untracked 
|  69|0x0000000084500000, 0x0000000084600000, 0x0000000084600000|100%| O|  |TAMS 0x0000000084600000, 0x0000000084600000| Untracked 
|  70|0x0000000084600000, 0x0000000084700000, 0x0000000084700000|100%| O|  |TAMS 0x0000000084700000, 0x0000000084700000| Untracked 
|  71|0x0000000084700000, 0x0000000084800000, 0x0000000084800000|100%| O|  |TAMS 0x0000000084800000, 0x0000000084800000| Untracked 
|  72|0x0000000084800000, 0x0000000084900000, 0x0000000084900000|100%| O|  |TAMS 0x0000000084900000, 0x0000000084900000| Untracked 
|  73|0x0000000084900000, 0x0000000084a00000, 0x0000000084a00000|100%| O|  |TAMS 0x0000000084a00000, 0x0000000084a00000| Untracked 
|  74|0x0000000084a00000, 0x0000000084b00000, 0x0000000084b00000|100%| O|  |TAMS 0x0000000084b00000, 0x0000000084b00000| Untracked 
|  75|0x0000000084b00000, 0x0000000084c00000, 0x0000000084c00000|100%| O|  |TAMS 0x0000000084c00000, 0x0000000084c00000| Untracked 
|  76|0x0000000084c00000, 0x0000000084d00000, 0x0000000084d00000|100%| O|  |TAMS 0x0000000084d00000, 0x0000000084d00000| Untracked 
|  77|0x0000000084d00000, 0x0000000084e00000, 0x0000000084e00000|100%| O|  |TAMS 0x0000000084e00000, 0x0000000084e00000| Untracked 
|  78|0x0000000084e00000, 0x0000000084f00000, 0x0000000084f00000|100%|HS|  |TAMS 0x0000000084f00000, 0x0000000084f00000| Complete 
|  79|0x0000000084f00000, 0x0000000085000000, 0x0000000085000000|100%| O|  |TAMS 0x0000000085000000, 0x0000000085000000| Untracked 
|  80|0x0000000085000000, 0x0000000085100000, 0x0000000085100000|100%| O|  |TAMS 0x0000000085100000, 0x0000000085100000| Untracked 
|  81|0x0000000085100000, 0x0000000085200000, 0x0000000085200000|100%| O|  |TAMS 0x0000000085200000, 0x0000000085200000| Untracked 
|  82|0x0000000085200000, 0x0000000085300000, 0x0000000085300000|100%| O|  |TAMS 0x0000000085300000, 0x0000000085300000| Untracked 
|  83|0x0000000085300000, 0x0000000085400000, 0x0000000085400000|100%| O|  |TAMS 0x0000000085400000, 0x0000000085400000| Untracked 
|  84|0x0000000085400000, 0x0000000085500000, 0x0000000085500000|100%| O|  |TAMS 0x0000000085500000, 0x0000000085500000| Untracked 
|  85|0x0000000085500000, 0x0000000085600000, 0x0000000085600000|100%| O|  |TAMS 0x0000000085600000, 0x0000000085600000| Untracked 
|  86|0x0000000085600000, 0x0000000085700000, 0x0000000085700000|100%| O|  |TAMS 0x0000000085700000, 0x0000000085700000| Untracked 
|  87|0x0000000085700000, 0x0000000085800000, 0x0000000085800000|100%| O|  |TAMS 0x0000000085800000, 0x0000000085800000| Untracked 
|  88|0x0000000085800000, 0x0000000085900000, 0x0000000085900000|100%| O|  |TAMS 0x0000000085900000, 0x0000000085900000| Untracked 
|  89|0x0000000085900000, 0x0000000085a00000, 0x0000000085a00000|100%| O|  |TAMS 0x0000000085a00000, 0x0000000085a00000| Untracked 
|  90|0x0000000085a00000, 0x0000000085b00000, 0x0000000085b00000|100%| O|  |TAMS 0x0000000085b00000, 0x0000000085b00000| Untracked 
|  91|0x0000000085b00000, 0x0000000085c00000, 0x0000000085c00000|100%| O|  |TAMS 0x0000000085c00000, 0x0000000085c00000| Untracked 
|  92|0x0000000085c00000, 0x0000000085d00000, 0x0000000085d00000|100%|HS|  |TAMS 0x0000000085d00000, 0x0000000085d00000| Complete 
|  93|0x0000000085d00000, 0x0000000085e00000, 0x0000000085e00000|100%| O|  |TAMS 0x0000000085e00000, 0x0000000085e00000| Untracked 
|  94|0x0000000085e00000, 0x0000000085f00000, 0x0000000085f00000|100%| O|  |TAMS 0x0000000085f00000, 0x0000000085f00000| Untracked 
|  95|0x0000000085f00000, 0x0000000086000000, 0x0000000086000000|100%| O|  |TAMS 0x0000000086000000, 0x0000000086000000| Untracked 
|  96|0x0000000086000000, 0x0000000086100000, 0x0000000086100000|100%| O|  |TAMS 0x0000000086100000, 0x0000000086100000| Untracked 
|  97|0x0000000086100000, 0x0000000086200000, 0x0000000086200000|100%| O|  |TAMS 0x0000000086200000, 0x0000000086200000| Untracked 
|  98|0x0000000086200000, 0x0000000086300000, 0x0000000086300000|100%| O|  |TAMS 0x0000000086300000, 0x0000000086300000| Untracked 
|  99|0x0000000086300000, 0x0000000086400000, 0x0000000086400000|100%|HS|  |TAMS 0x0000000086400000, 0x0000000086400000| Complete 
| 100|0x0000000086400000, 0x0000000086500000, 0x0000000086500000|100%| O|  |TAMS 0x0000000086500000, 0x0000000086500000| Untracked 
| 101|0x0000000086500000, 0x0000000086600000, 0x0000000086600000|100%|HS|  |TAMS 0x0000000086600000, 0x0000000086600000| Complete 
| 102|0x0000000086600000, 0x0000000086700000, 0x0000000086700000|100%|HC|  |TAMS 0x0000000086700000, 0x0000000086700000| Complete 
| 103|0x0000000086700000, 0x0000000086800000, 0x0000000086800000|100%|HS|  |TAMS 0x0000000086800000, 0x0000000086800000| Complete 
| 104|0x0000000086800000, 0x0000000086900000, 0x0000000086900000|100%|HC|  |TAMS 0x0000000086900000, 0x0000000086900000| Complete 
| 105|0x0000000086900000, 0x0000000086a00000, 0x0000000086a00000|100%|HS|  |TAMS 0x0000000086a00000, 0x0000000086a00000| Complete 
| 106|0x0000000086a00000, 0x0000000086b00000, 0x0000000086b00000|100%|HC|  |TAMS 0x0000000086b00000, 0x0000000086b00000| Complete 
| 107|0x0000000086b00000, 0x0000000086c00000, 0x0000000086c00000|100%|HS|  |TAMS 0x0000000086c00000, 0x0000000086c00000| Complete 
| 108|0x0000000086c00000, 0x0000000086d00000, 0x0000000086d00000|100%|HC|  |TAMS 0x0000000086d00000, 0x0000000086d00000| Complete 
| 109|0x0000000086d00000, 0x0000000086e00000, 0x0000000086e00000|100%|HS|  |TAMS 0x0000000086e00000, 0x0000000086e00000| Complete 
| 110|0x0000000086e00000, 0x0000000086f00000, 0x0000000086f00000|100%|HC|  |TAMS 0x0000000086f00000, 0x0000000086f00000| Complete 
| 111|0x0000000086f00000, 0x0000000087000000, 0x0000000087000000|100%|HS|  |TAMS 0x0000000087000000, 0x0000000087000000| Complete 
| 112|0x0000000087000000, 0x0000000087100000, 0x0000000087100000|100%|HC|  |TAMS 0x0000000087100000, 0x0000000087100000| Complete 
| 113|0x0000000087100000, 0x0000000087200000, 0x0000000087200000|100%|HC|  |TAMS 0x0000000087200000, 0x0000000087200000| Complete 
| 114|0x0000000087200000, 0x0000000087300000, 0x0000000087300000|100%| O|  |TAMS 0x0000000087300000, 0x0000000087300000| Untracked 
| 115|0x0000000087300000, 0x0000000087400000, 0x0000000087400000|100%| O|  |TAMS 0x0000000087400000, 0x0000000087400000| Untracked 
| 116|0x0000000087400000, 0x0000000087500000, 0x0000000087500000|100%| O|  |TAMS 0x0000000087500000, 0x0000000087500000| Untracked 
| 117|0x0000000087500000, 0x0000000087600000, 0x0000000087600000|100%| O|  |TAMS 0x00000000875c6a00, 0x0000000087600000| Untracked 
| 118|0x0000000087600000, 0x0000000087700000, 0x0000000087700000|100%| O|  |TAMS 0x0000000087600000, 0x0000000087700000| Untracked 
| 119|0x0000000087700000, 0x0000000087800000, 0x0000000087800000|100%|HS|  |TAMS 0x0000000087700000, 0x0000000087800000| Complete 
| 120|0x0000000087800000, 0x0000000087900000, 0x0000000087900000|100%| O|  |TAMS 0x0000000087800000, 0x0000000087900000| Untracked 
| 121|0x0000000087900000, 0x0000000087a00000, 0x0000000087a00000|100%|HS|  |TAMS 0x0000000087900000, 0x0000000087a00000| Complete 
| 122|0x0000000087a00000, 0x0000000087b00000, 0x0000000087b00000|100%|HC|  |TAMS 0x0000000087a00000, 0x0000000087b00000| Complete 
| 123|0x0000000087b00000, 0x0000000087c00000, 0x0000000087c00000|100%| O|  |TAMS 0x0000000087b00000, 0x0000000087c00000| Untracked 
| 124|0x0000000087c00000, 0x0000000087d00000, 0x0000000087d00000|100%| O|  |TAMS 0x0000000087c00000, 0x0000000087d00000| Untracked 
| 125|0x0000000087d00000, 0x0000000087e00000, 0x0000000087e00000|100%| O|  |TAMS 0x0000000087d00000, 0x0000000087e00000| Untracked 
| 126|0x0000000087e00000, 0x0000000087f00000, 0x0000000087f00000|100%|HS|  |TAMS 0x0000000087e00000, 0x0000000087f00000| Complete 
| 127|0x0000000087f00000, 0x0000000088000000, 0x0000000088000000|100%|HC|  |TAMS 0x0000000087f00000, 0x0000000088000000| Complete 
| 128|0x0000000088000000, 0x0000000088100000, 0x0000000088100000|100%| O|  |TAMS 0x0000000088000000, 0x0000000088100000| Untracked 
| 129|0x0000000088100000, 0x0000000088200000, 0x0000000088200000|100%|HS|  |TAMS 0x0000000088100000, 0x0000000088200000| Complete 
| 130|0x0000000088200000, 0x0000000088300000, 0x0000000088300000|100%| O|  |TAMS 0x0000000088200000, 0x0000000088300000| Untracked 
| 131|0x0000000088300000, 0x0000000088400000, 0x0000000088400000|100%| O|  |TAMS 0x0000000088300000, 0x0000000088400000| Untracked 
| 132|0x0000000088400000, 0x0000000088500000, 0x0000000088500000|100%| O|  |TAMS 0x0000000088400000, 0x0000000088500000| Untracked 
| 133|0x0000000088500000, 0x0000000088600000, 0x0000000088600000|100%|HS|  |TAMS 0x0000000088500000, 0x0000000088600000| Complete 
| 134|0x0000000088600000, 0x0000000088700000, 0x0000000088700000|100%|HC|  |TAMS 0x0000000088600000, 0x0000000088700000| Complete 
| 135|0x0000000088700000, 0x0000000088800000, 0x0000000088800000|100%| O|  |TAMS 0x0000000088700000, 0x0000000088800000| Untracked 
| 136|0x0000000088800000, 0x0000000088900000, 0x0000000088900000|100%|HS|  |TAMS 0x0000000088800000, 0x0000000088900000| Complete 
| 137|0x0000000088900000, 0x0000000088a00000, 0x0000000088a00000|100%| O|  |TAMS 0x0000000088900000, 0x0000000088a00000| Untracked 
| 138|0x0000000088a00000, 0x0000000088b00000, 0x0000000088b00000|100%| O|  |TAMS 0x0000000088a00000, 0x0000000088aabe00| Untracked 
| 139|0x0000000088b00000, 0x0000000088c00000, 0x0000000088c00000|100%| O|  |TAMS 0x0000000088b00000, 0x0000000088b00000| Untracked 
| 140|0x0000000088c00000, 0x0000000088d00000, 0x0000000088d00000|100%|HS|  |TAMS 0x0000000088c00000, 0x0000000088d00000| Complete 
| 141|0x0000000088d00000, 0x0000000088e00000, 0x0000000088e00000|100%|HC|  |TAMS 0x0000000088d00000, 0x0000000088e00000| Complete 
| 142|0x0000000088e00000, 0x0000000088f00000, 0x0000000088f00000|100%| O|  |TAMS 0x0000000088e00000, 0x0000000088e00000| Untracked 
| 143|0x0000000088f00000, 0x0000000088fce800, 0x0000000089000000| 80%| O|  |TAMS 0x0000000088f00000, 0x0000000088f00000| Untracked 
| 144|0x0000000089000000, 0x0000000089000000, 0x0000000089100000|  0%| F|  |TAMS 0x0000000089000000, 0x0000000089000000| Untracked 
| 145|0x0000000089100000, 0x0000000089100000, 0x0000000089200000|  0%| F|  |TAMS 0x0000000089100000, 0x0000000089100000| Untracked 
| 146|0x0000000089200000, 0x0000000089200000, 0x0000000089300000|  0%| F|  |TAMS 0x0000000089200000, 0x0000000089200000| Untracked 
| 147|0x0000000089300000, 0x0000000089300000, 0x0000000089400000|  0%| F|  |TAMS 0x0000000089300000, 0x0000000089300000| Untracked 
| 148|0x0000000089400000, 0x0000000089400000, 0x0000000089500000|  0%| F|  |TAMS 0x0000000089400000, 0x0000000089400000| Untracked 
| 149|0x0000000089500000, 0x0000000089500000, 0x0000000089600000|  0%| F|  |TAMS 0x0000000089500000, 0x0000000089500000| Untracked 
| 150|0x0000000089600000, 0x0000000089600000, 0x0000000089700000|  0%| F|  |TAMS 0x0000000089600000, 0x0000000089600000| Untracked 
| 151|0x0000000089700000, 0x0000000089700000, 0x0000000089800000|  0%| F|  |TAMS 0x0000000089700000, 0x0000000089700000| Untracked 
| 152|0x0000000089800000, 0x0000000089800000, 0x0000000089900000|  0%| F|  |TAMS 0x0000000089800000, 0x0000000089800000| Untracked 
| 153|0x0000000089900000, 0x0000000089900000, 0x0000000089a00000|  0%| F|  |TAMS 0x0000000089900000, 0x0000000089900000| Untracked 
| 154|0x0000000089a00000, 0x0000000089a00000, 0x0000000089b00000|  0%| F|  |TAMS 0x0000000089a00000, 0x0000000089a00000| Untracked 
| 155|0x0000000089b00000, 0x0000000089c00000, 0x0000000089c00000|100%| S|CS|TAMS 0x0000000089b00000, 0x0000000089b00000| Complete 
| 156|0x0000000089c00000, 0x0000000089d00000, 0x0000000089d00000|100%|HS|  |TAMS 0x0000000089c00000, 0x0000000089d00000| Complete 
| 157|0x0000000089d00000, 0x0000000089e00000, 0x0000000089e00000|100%|HC|  |TAMS 0x0000000089d00000, 0x0000000089e00000| Complete 
| 158|0x0000000089e00000, 0x0000000089e00000, 0x0000000089f00000|  0%| F|  |TAMS 0x0000000089e00000, 0x0000000089e00000| Untracked 
| 159|0x0000000089f00000, 0x0000000089f00000, 0x000000008a000000|  0%| F|  |TAMS 0x0000000089f00000, 0x0000000089f00000| Untracked 
| 160|0x000000008a000000, 0x000000008a000000, 0x000000008a100000|  0%| F|  |TAMS 0x000000008a000000, 0x000000008a000000| Untracked 
| 161|0x000000008a100000, 0x000000008a100000, 0x000000008a200000|  0%| F|  |TAMS 0x000000008a100000, 0x000000008a100000| Untracked 
| 162|0x000000008a200000, 0x000000008a200000, 0x000000008a300000|  0%| F|  |TAMS 0x000000008a200000, 0x000000008a200000| Untracked 
| 163|0x000000008a300000, 0x000000008a300000, 0x000000008a400000|  0%| F|  |TAMS 0x000000008a300000, 0x000000008a300000| Untracked 
| 164|0x000000008a400000, 0x000000008a500000, 0x000000008a500000|100%|HS|  |TAMS 0x000000008a400000, 0x000000008a500000| Complete 
| 165|0x000000008a500000, 0x000000008a600000, 0x000000008a600000|100%|HC|  |TAMS 0x000000008a500000, 0x000000008a600000| Complete 
| 166|0x000000008a600000, 0x000000008a700000, 0x000000008a700000|100%|HC|  |TAMS 0x000000008a600000, 0x000000008a700000| Complete 
| 167|0x000000008a700000, 0x000000008a700000, 0x000000008a800000|  0%| F|  |TAMS 0x000000008a700000, 0x000000008a700000| Untracked 
| 168|0x000000008a800000, 0x000000008a900000, 0x000000008a900000|100%| O|  |TAMS 0x000000008a800000, 0x000000008a900000| Untracked 
| 169|0x000000008a900000, 0x000000008a900000, 0x000000008aa00000|  0%| F|  |TAMS 0x000000008a900000, 0x000000008a900000| Untracked 
| 170|0x000000008aa00000, 0x000000008ab00000, 0x000000008ab00000|100%| O|  |TAMS 0x000000008aa00000, 0x000000008ab00000| Untracked 
| 171|0x000000008ab00000, 0x000000008ac00000, 0x000000008ac00000|100%| O|  |TAMS 0x000000008ab00000, 0x000000008ac00000| Untracked 

Card table byte_map: [0x000001ead0b40000,0x000001ead0f40000] _byte_map_base: 0x000001ead0740000

Marking Bits (Prev, Next): (CMBitMap*) 0x000001eabd9260d0, (CMBitMap*) 0x000001eabd926098
 Prev Bits: [0x000001ead3340000, 0x000001ead5340000)
 Next Bits: [0x000001ead1340000, 0x000001ead3340000)

Polling page: 0x000001eabb7d0000

Metaspace:

Usage:
  Non-class:     92.52 MB capacity,    90.71 MB ( 98%) used,     1.48 MB (  2%) free+waste,   343.31 KB ( <1%) overhead. 
      Class:     14.38 MB capacity,    13.34 MB ( 93%) used,   909.73 KB (  6%) free+waste,   153.00 KB (  1%) overhead. 
       Both:    106.91 MB capacity,   104.06 MB ( 97%) used,     2.37 MB (  2%) free+waste,   496.31 KB ( <1%) overhead. 

Virtual space:
  Non-class space:       94.00 MB reserved,      92.77 MB ( 99%) committed 
      Class space:        1.00 GB reserved,      14.52 MB (  1%) committed 
             Both:        1.09 GB reserved,     107.29 MB ( 10%) committed 

Chunk freelists:
   Non-Class:  57.00 KB
       Class:  24.00 KB
        Both:  81.00 KB

MaxMetaspaceSize: 17179869184.00 GB
CompressedClassSpaceSize: 1.00 GB
Initial GC threshold: 20.80 MB
Current GC threshold: 178.82 MB
CDS: off

CodeHeap 'non-profiled nmethods': size=120000Kb used=8587Kb max_used=8587Kb free=111413Kb
 bounds [0x000001eac8ee0000, 0x000001eac9750000, 0x000001ead0410000]
CodeHeap 'profiled nmethods': size=120000Kb used=31423Kb max_used=31423Kb free=88576Kb
 bounds [0x000001eac19b0000, 0x000001eac3860000, 0x000001eac8ee0000]
CodeHeap 'non-nmethods': size=5760Kb used=2436Kb max_used=2515Kb free=3323Kb
 bounds [0x000001eac1410000, 0x000001eac1690000, 0x000001eac19b0000]
 total_blobs=15022 nmethods=14053 adapters=880
 compilation: enabled
              stopped_count=0, restarted_count=0
 full_count=0

Compilation events (20 events):
Event: 62.445 Thread 0x000001eadfef1800 nmethod 14157 0x000001eac9737b90 code [0x000001eac9737d60, 0x000001eac9738698]
Event: 62.448 Thread 0x000001ead9759800 14159       4       com.android.tools.r8.graph.e1::h (45 bytes)
Event: 62.449 Thread 0x000001ead9759800 nmethod 14159 0x000001eac9738e10 code [0x000001eac9738fa0, 0x000001eac9739158]
Event: 62.450 Thread 0x000001eadfef1800 14160       4       com.android.tools.r8.internal.UD::a (276 bytes)
Event: 62.450 Thread 0x000001ead9759800 14161       4       java.lang.Long::parseLong (267 bytes)
Event: 62.471 Thread 0x000001ead9759800 nmethod 14161 0x000001eac9739210 code [0x000001eac97393e0, 0x000001eac9739b58]
Event: 62.471 Thread 0x000001ead9759800 14162       4       com.android.tools.r8.internal.ny::f (1994 bytes)
Event: 62.490 Thread 0x000001eadfef1800 nmethod 14160 0x000001eac973a110 code [0x000001eac973a300, 0x000001eac973b588]
Event: 62.493 Thread 0x000001ead872f000 14163       3       com.android.tools.r8.internal.ny::a (160 bytes)
Event: 62.493 Thread 0x000001ead872f000 nmethod 14163 0x000001eac385ba90 code [0x000001eac385bc80, 0x000001eac385c238]
Event: 62.496 Thread 0x000001eadfef1800 14164       4       java.nio.HeapByteBuffer::getInt (26 bytes)
Event: 62.496 Thread 0x000001ead9759800 nmethod 14162 0x000001eac973ba90 code [0x000001eac973bd40, 0x000001eac973c9f8]
Event: 62.496 Thread 0x000001ead9759800 14165       4       com.android.tools.r8.graph.v0::d (130 bytes)
Event: 62.498 Thread 0x000001eadfef1800 nmethod 14164 0x000001eac973d410 code [0x000001eac973d5a0, 0x000001eac973d678]
Event: 62.498 Thread 0x000001ead872f000 14166       3       com.android.tools.r8.graph.q0::h (62 bytes)
Event: 62.498 Thread 0x000001eadfef1800 14167       4       com.android.tools.r8.dex.i::k (52 bytes)
Event: 62.499 Thread 0x000001ead872f000 nmethod 14166 0x000001eac385c390 code [0x000001eac385c600, 0x000001eac385d348]
Event: 62.520 Thread 0x000001eadfef1800 nmethod 14167 0x000001eac973d790 code [0x000001eac973d960, 0x000001eac973df18]
Event: 62.520 Thread 0x000001eadfef1800 14168       4       com.android.tools.r8.graph.b1::m0 (37 bytes)
Event: 62.520 Thread 0x000001ead9759800 nmethod 14165 0x000001eac973e410 code [0x000001eac973e600, 0x000001eac973eed8]

GC Heap History (20 events):
Event: 61.148 GC heap before
{Heap before GC invocations=41 (full 0):
 garbage-first heap   total 157696K, used 106453K [0x0000000080000000, 0x0000000100000000)
  region size 1024K, 7 young (7168K), 2 survivors (2048K)
 Metaspace       used 102143K, capacity 104899K, committed 105128K, reserved 1140736K
  class space    used 13095K, capacity 14127K, committed 14232K, reserved 1048576K
}
Event: 61.155 GC heap after
{Heap after GC invocations=42 (full 0):
 garbage-first heap   total 157696K, used 100519K [0x0000000080000000, 0x0000000100000000)
  region size 1024K, 1 young (1024K), 1 survivors (1024K)
 Metaspace       used 102143K, capacity 104899K, committed 105128K, reserved 1140736K
  class space    used 13095K, capacity 14127K, committed 14232K, reserved 1048576K
}
Event: 61.340 GC heap before
{Heap before GC invocations=42 (full 0):
 garbage-first heap   total 157696K, used 109735K [0x0000000080000000, 0x0000000100000000)
  region size 1024K, 12 young (12288K), 1 survivors (1024K)
 Metaspace       used 102487K, capacity 105293K, committed 105384K, reserved 1140736K
  class space    used 13136K, capacity 14186K, committed 14232K, reserved 1048576K
}
Event: 61.344 GC heap after
{Heap after GC invocations=43 (full 0):
 garbage-first heap   total 157696K, used 101133K [0x0000000080000000, 0x0000000100000000)
  region size 1024K, 1 young (1024K), 1 survivors (1024K)
 Metaspace       used 102487K, capacity 105293K, committed 105384K, reserved 1140736K
  class space    used 13136K, capacity 14186K, committed 14232K, reserved 1048576K
}
Event: 61.597 GC heap before
{Heap before GC invocations=44 (full 0):
 garbage-first heap   total 157696K, used 119565K [0x0000000080000000, 0x0000000100000000)
  region size 1024K, 9 young (9216K), 1 survivors (1024K)
 Metaspace       used 102787K, capacity 105641K, committed 105896K, reserved 1140736K
  class space    used 13152K, capacity 14200K, committed 14232K, reserved 1048576K
}
Event: 61.601 GC heap after
{Heap after GC invocations=45 (full 0):
 garbage-first heap   total 157696K, used 116422K [0x0000000080000000, 0x0000000100000000)
  region size 1024K, 4 young (4096K), 4 survivors (4096K)
 Metaspace       used 102787K, capacity 105641K, committed 105896K, reserved 1140736K
  class space    used 13152K, capacity 14200K, committed 14232K, reserved 1048576K
}
Event: 62.084 GC heap before
{Heap before GC invocations=46 (full 0):
 garbage-first heap   total 157696K, used 132806K [0x0000000080000000, 0x0000000100000000)
  region size 1024K, 17 young (17408K), 4 survivors (4096K)
 Metaspace       used 105257K, capacity 108060K, committed 108328K, reserved 1142784K
  class space    used 13492K, capacity 14549K, committed 14616K, reserved 1048576K
}
Event: 62.089 GC heap after
{Heap after GC invocations=47 (full 0):
 garbage-first heap   total 157696K, used 121626K [0x0000000080000000, 0x0000000100000000)
  region size 1024K, 1 young (1024K), 1 survivors (1024K)
 Metaspace       used 105257K, capacity 108060K, committed 108328K, reserved 1142784K
  class space    used 13492K, capacity 14549K, committed 14616K, reserved 1048576K
}
Event: 62.169 GC heap before
{Heap before GC invocations=47 (full 0):
 garbage-first heap   total 157696K, used 124698K [0x0000000080000000, 0x0000000100000000)
  region size 1024K, 6 young (6144K), 1 survivors (1024K)
 Metaspace       used 106249K, capacity 109109K, committed 109224K, reserved 1144832K
  class space    used 13625K, capacity 14667K, committed 14744K, reserved 1048576K
}
Event: 62.173 GC heap after
{Heap after GC invocations=48 (full 0):
 garbage-first heap   total 157696K, used 122534K [0x0000000080000000, 0x0000000100000000)
  region size 1024K, 2 young (2048K), 2 survivors (2048K)
 Metaspace       used 106249K, capacity 109109K, committed 109224K, reserved 1144832K
  class space    used 13625K, capacity 14667K, committed 14744K, reserved 1048576K
}
Event: 62.193 GC heap before
{Heap before GC invocations=48 (full 0):
 garbage-first heap   total 171008K, used 169638K [0x0000000080000000, 0x0000000100000000)
  region size 1024K, 11 young (11264K), 2 survivors (2048K)
 Metaspace       used 106254K, capacity 109109K, committed 109224K, reserved 1144832K
  class space    used 13625K, capacity 14667K, committed 14744K, reserved 1048576K
}
Event: 62.196 GC heap after
{Heap after GC invocations=49 (full 0):
 garbage-first heap   total 176128K, used 141060K [0x0000000080000000, 0x0000000100000000)
  region size 1024K, 2 young (2048K), 2 survivors (2048K)
 Metaspace       used 106254K, capacity 109109K, committed 109224K, reserved 1144832K
  class space    used 13625K, capacity 14667K, committed 14744K, reserved 1048576K
}
Event: 62.353 GC heap before
{Heap before GC invocations=49 (full 0):
 garbage-first heap   total 176128K, used 150276K [0x0000000080000000, 0x0000000100000000)
  region size 1024K, 10 young (10240K), 2 survivors (2048K)
 Metaspace       used 106549K, capacity 109471K, committed 109864K, reserved 1144832K
  class space    used 13665K, capacity 14728K, committed 14872K, reserved 1048576K
}
Event: 62.359 GC heap after
{Heap after GC invocations=50 (full 0):
 garbage-first heap   total 176128K, used 144668K [0x0000000080000000, 0x0000000100000000)
  region size 1024K, 2 young (2048K), 2 survivors (2048K)
 Metaspace       used 106549K, capacity 109471K, committed 109864K, reserved 1144832K
  class space    used 13665K, capacity 14728K, committed 14872K, reserved 1048576K
}
Event: 62.414 GC heap before
{Heap before GC invocations=50 (full 0):
 garbage-first heap   total 176128K, used 149788K [0x0000000080000000, 0x0000000100000000)
  region size 1024K, 8 young (8192K), 2 survivors (2048K)
 Metaspace       used 106551K, capacity 109471K, committed 109864K, reserved 1144832K
  class space    used 13665K, capacity 14728K, committed 14872K, reserved 1048576K
}
Event: 62.419 GC heap after
{Heap after GC invocations=51 (full 0):
 garbage-first heap   total 176128K, used 147187K [0x0000000080000000, 0x0000000100000000)
  region size 1024K, 1 young (1024K), 1 survivors (1024K)
 Metaspace       used 106551K, capacity 109471K, committed 109864K, reserved 1144832K
  class space    used 13665K, capacity 14728K, committed 14872K, reserved 1048576K
}
Event: 62.466 GC heap before
{Heap before GC invocations=52 (full 0):
 garbage-first heap   total 176128K, used 153331K [0x0000000080000000, 0x0000000100000000)
  region size 1024K, 8 young (8192K), 1 survivors (1024K)
 Metaspace       used 106551K, capacity 109471K, committed 109864K, reserved 1144832K
  class space    used 13665K, capacity 14728K, committed 14872K, reserved 1048576K
}
Event: 62.471 GC heap after
{Heap after GC invocations=53 (full 0):
 garbage-first heap   total 176128K, used 150204K [0x0000000080000000, 0x0000000100000000)
  region size 1024K, 1 young (1024K), 1 survivors (1024K)
 Metaspace       used 106551K, capacity 109471K, committed 109864K, reserved 1144832K
  class space    used 13665K, capacity 14728K, committed 14872K, reserved 1048576K
}
Event: 62.512 GC heap before
{Heap before GC invocations=53 (full 0):
 garbage-first heap   total 176128K, used 157372K [0x0000000080000000, 0x0000000100000000)
  region size 1024K, 8 young (8192K), 1 survivors (1024K)
 Metaspace       used 106551K, capacity 109471K, committed 109864K, reserved 1144832K
  class space    used 13665K, capacity 14728K, committed 14872K, reserved 1048576K
}
Event: 62.520 GC heap after
{Heap after GC invocations=54 (full 0):
 garbage-first heap   total 176128K, used 153263K [0x0000000080000000, 0x0000000100000000)
  region size 1024K, 1 young (1024K), 1 survivors (1024K)
 Metaspace       used 106551K, capacity 109471K, committed 109864K, reserved 1144832K
  class space    used 13665K, capacity 14728K, committed 14872K, reserved 1048576K
}

Deoptimization events (20 events):
Event: 62.273 Thread 0x000001eadb3d0000 DEOPT PACKING pc=0x000001eac368f476 sp=0x000000924f0fd4c0
Event: 62.273 Thread 0x000001eadb3d0000 DEOPT UNPACKING pc=0x000001eac145a95e sp=0x000000924f0fc9e0 mode 0
Event: 62.300 Thread 0x000001eadb3d0000 DEOPT PACKING pc=0x000001eac368f476 sp=0x000000924f0fd520
Event: 62.300 Thread 0x000001eadb3d0000 DEOPT UNPACKING pc=0x000001eac145a95e sp=0x000000924f0fca40 mode 0
Event: 62.303 Thread 0x000001eadb3d0000 DEOPT PACKING pc=0x000001eac368f476 sp=0x000000924f0fd570
Event: 62.303 Thread 0x000001eadb3d0000 DEOPT UNPACKING pc=0x000001eac145a95e sp=0x000000924f0fca90 mode 0
Event: 62.307 Thread 0x000001eadb3d0000 DEOPT PACKING pc=0x000001eac368f476 sp=0x000000924f0fd570
Event: 62.307 Thread 0x000001eadb3d0000 DEOPT UNPACKING pc=0x000001eac145a95e sp=0x000000924f0fca90 mode 0
Event: 62.361 Thread 0x000001eadb3d0000 Uncommon trap: trap_request=0xffffff4d fr.pc=0x000001eac972cb88 relative=0x00000000000012c8
Event: 62.361 Thread 0x000001eadb3d0000 Uncommon trap: reason=unstable_if action=reinterpret pc=0x000001eac972cb88 method=com.android.tools.r8.dex.i.l()V @ 22 c2
Event: 62.361 Thread 0x000001eadb3d0000 DEOPT PACKING pc=0x000001eac972cb88 sp=0x000000924f0fda30
Event: 62.361 Thread 0x000001eadb3d0000 DEOPT UNPACKING pc=0x000001eac145a1af sp=0x000000924f0fd9f8 mode 2
Event: 62.396 Thread 0x000001eadb3d0000 Uncommon trap: trap_request=0xffffff4d fr.pc=0x000001eac9725150 relative=0x0000000000000230
Event: 62.396 Thread 0x000001eadb3d0000 Uncommon trap: reason=unstable_if action=reinterpret pc=0x000001eac9725150 method=com.android.tools.r8.graph.e1.a([C)I @ 44 c2
Event: 62.396 Thread 0x000001eadb3d0000 DEOPT PACKING pc=0x000001eac9725150 sp=0x000000924f0fd720
Event: 62.396 Thread 0x000001eadb3d0000 DEOPT UNPACKING pc=0x000001eac145a1af sp=0x000000924f0fd6a8 mode 2
Event: 62.426 Thread 0x000001eadb3d0000 DEOPT PACKING pc=0x000001eac38562fe sp=0x000000924f0fd5f0
Event: 62.426 Thread 0x000001eadb3d0000 DEOPT UNPACKING pc=0x000001eac145a95e sp=0x000000924f0fca68 mode 0
Event: 62.437 Thread 0x000001eadb3d0000 DEOPT PACKING pc=0x000001eac38562fe sp=0x000000924f0fd5f0
Event: 62.437 Thread 0x000001eadb3d0000 DEOPT UNPACKING pc=0x000001eac145a95e sp=0x000000924f0fca68 mode 0

Classes redefined (0 events):
No events

Internal exceptions (20 events):
Event: 61.304 Thread 0x000001eae22d5800 Exception <a 'sun/nio/fs/WindowsException'{0x00000000890ec1a0}> (0x00000000890ec1a0) thrown at [src/hotspot/share/prims/jni.cpp, line 617]
Event: 61.304 Thread 0x000001eae22d5800 Exception <a 'sun/nio/fs/WindowsException'{0x00000000890ec870}> (0x00000000890ec870) thrown at [src/hotspot/share/prims/jni.cpp, line 617]
Event: 61.332 Thread 0x000001eae22d5800 Exception <a 'sun/nio/fs/WindowsException'{0x0000000088fb5620}> (0x0000000088fb5620) thrown at [src/hotspot/share/prims/jni.cpp, line 617]
Event: 61.333 Thread 0x000001eae22d5800 Exception <a 'sun/nio/fs/WindowsException'{0x0000000088fb7bd0}> (0x0000000088fb7bd0) thrown at [src/hotspot/share/prims/jni.cpp, line 617]
Event: 61.602 Thread 0x000001eae22d3800 Exception <a 'sun/nio/fs/WindowsException'{0x00000000899086d0}> (0x00000000899086d0) thrown at [src/hotspot/share/prims/jni.cpp, line 617]
Event: 61.603 Thread 0x000001eae22d3800 Exception <a 'sun/nio/fs/WindowsException'{0x00000000899095c8}> (0x00000000899095c8) thrown at [src/hotspot/share/prims/jni.cpp, line 617]
Event: 61.608 Thread 0x000001eae22d3800 Exception <a 'sun/nio/fs/WindowsException'{0x00000000899099d8}> (0x00000000899099d8) thrown at [src/hotspot/share/prims/jni.cpp, line 617]
Event: 61.608 Thread 0x000001eae22d3800 Exception <a 'sun/nio/fs/WindowsException'{0x000000008990a8b8}> (0x000000008990a8b8) thrown at [src/hotspot/share/prims/jni.cpp, line 617]
Event: 61.608 Thread 0x000001eae22d3800 Exception <a 'sun/nio/fs/WindowsException'{0x000000008990ac78}> (0x000000008990ac78) thrown at [src/hotspot/share/prims/jni.cpp, line 617]
Event: 61.608 Thread 0x000001eae22d3800 Exception <a 'sun/nio/fs/WindowsException'{0x000000008990bb68}> (0x000000008990bb68) thrown at [src/hotspot/share/prims/jni.cpp, line 617]
Event: 61.608 Thread 0x000001eae22d3800 Exception <a 'sun/nio/fs/WindowsException'{0x000000008990bec8}> (0x000000008990bec8) thrown at [src/hotspot/share/prims/jni.cpp, line 617]
Event: 61.608 Thread 0x000001eae22d3800 Exception <a 'sun/nio/fs/WindowsException'{0x000000008990cd88}> (0x000000008990cd88) thrown at [src/hotspot/share/prims/jni.cpp, line 617]
Event: 61.609 Thread 0x000001eae22d3800 Exception <a 'sun/nio/fs/WindowsException'{0x000000008990d100}> (0x000000008990d100) thrown at [src/hotspot/share/prims/jni.cpp, line 617]
Event: 61.620 Thread 0x000001eae22d3800 Exception <a 'java/lang/NoSuchMethodError'{0x00000000899f5d50}: <clinit>> (0x00000000899f5d50) thrown at [src/hotspot/share/prims/jni.cpp, line 1367]
Event: 61.625 Thread 0x000001eae22d3800 Exception <a 'java/lang/NoSuchMethodError'{0x0000000089834a78}: <clinit>> (0x0000000089834a78) thrown at [src/hotspot/share/prims/jni.cpp, line 1367]
Event: 61.626 Thread 0x000001eae22d3800 Exception <a 'java/lang/NoSuchMethodError'{0x00000000898474b8}: <clinit>> (0x00000000898474b8) thrown at [src/hotspot/share/prims/jni.cpp, line 1367]
Event: 61.920 Thread 0x000001eadb3d0000 Exception <a 'sun/nio/fs/WindowsException'{0x00000000893996b0}> (0x00000000893996b0) thrown at [src/hotspot/share/prims/jni.cpp, line 617]
Event: 61.977 Thread 0x000001eadb3c8000 Exception <a 'java/lang/NoSuchMethodError'{0x0000000088c40570}: 'int java.lang.invoke.DirectMethodHandle$Holder.invokeSpecialIFC(java.lang.Object, java.lang.Object, java.lang.Object)'> (0x0000000088c40570) thrown at [src/hotspot/share/interpreter/linkResolver.cpp, line 773]
Event: 61.983 Thread 0x000001eadb3d0000 Exception <a 'java/lang/NoSuchMethodError'{0x0000000088c61c98}: 'java.lang.Object java.lang.invoke.DirectMethodHandle$Holder.newInvokeSpecial(java.lang.Object, int)'> (0x0000000088c61c98) thrown at [src/hotspot/share/interpreter/linkResolver.cpp, line 773]
Event: 62.162 Thread 0x000001eadb3d0000 Exception <a 'java/lang/NoSuchMethodError'{0x0000000089679250}: 'java.lang.Object java.lang.invoke.DirectMethodHandle$Holder.invokeStaticInit(java.lang.Object, java.lang.Object, java.lang.Object, java.lang.Object, java.lang.Object, java.lang.Object, java.lang.Object, java.lang.Object, java.lang.Object, java.lang.Object, java.lang.Object, java.lang.Object, java.lang.Object, java.lang.Object, java.lang.Object, java.lang.Object, java.lang.Object, java.lang.Object, java.lang.Object, int, java.lang.Object, java

Events (20 events):
Event: 62.242 loading class com/android/tools/r8/graph/g1
Event: 62.242 loading class com/android/tools/r8/graph/g1 done
Event: 62.242 loading class com/android/tools/r8/graph/g1
Event: 62.242 loading class com/android/tools/r8/graph/g1 done
Event: 62.242 loading class com/android/tools/r8/dex/i
Event: 62.242 loading class com/android/tools/r8/dex/i done
Event: 62.246 loading class com/android/tools/r8/graph/J
Event: 62.246 loading class com/android/tools/r8/graph/J done
Event: 62.320 Executing VM operation: CGC_Operation
Event: 62.350 Executing VM operation: CGC_Operation done
Event: 62.353 Executing VM operation: G1CollectForAllocation
Event: 62.359 Executing VM operation: G1CollectForAllocation done
Event: 62.413 Executing VM operation: G1CollectForAllocation
Event: 62.419 Executing VM operation: G1CollectForAllocation done
Event: 62.441 Executing VM operation: CGC_Operation
Event: 62.442 Executing VM operation: CGC_Operation done
Event: 62.466 Executing VM operation: G1CollectForAllocation
Event: 62.471 Executing VM operation: G1CollectForAllocation done
Event: 62.512 Executing VM operation: G1CollectForAllocation
Event: 62.520 Executing VM operation: G1CollectForAllocation done


Dynamic libraries:
0x00007ff6f8730000 - 0x00007ff6f873a000 	C:\Program Files\Android\Android Studio\jbr\bin\java.exe
0x00007ffe6cc90000 - 0x00007ffe6ce87000 	C:\WINDOWS\SYSTEM32\ntdll.dll
0x00007ffe6cb10000 - 0x00007ffe6cbcd000 	C:\WINDOWS\System32\KERNEL32.DLL
0x00007ffe6a3b0000 - 0x00007ffe6a67d000 	C:\WINDOWS\System32\KERNELBASE.dll
0x00007ffe6a910000 - 0x00007ffe6aa10000 	C:\WINDOWS\System32\ucrtbase.dll
0x00007ffe65660000 - 0x00007ffe65677000 	C:\Program Files\Android\Android Studio\jbr\bin\jli.dll
0x00007ffe64240000 - 0x00007ffe6425b000 	C:\Program Files\Android\Android Studio\jbr\bin\VCRUNTIME140.dll
0x00007ffe6b5a0000 - 0x00007ffe6b740000 	C:\WINDOWS\System32\USER32.dll
0x00007ffe6aa10000 - 0x00007ffe6aa32000 	C:\WINDOWS\System32\win32u.dll
0x00007ffe51920000 - 0x00007ffe51bba000 	C:\WINDOWS\WinSxS\amd64_microsoft.windows.common-controls_6595b64144ccf1df_6.0.19041.1110_none_60b5254171f9507e\COMCTL32.dll
0x00007ffe6c280000 - 0x00007ffe6c2aa000 	C:\WINDOWS\System32\GDI32.dll
0x00007ffe6af10000 - 0x00007ffe6afae000 	C:\WINDOWS\System32\msvcrt.dll
0x00007ffe6abe0000 - 0x00007ffe6aceb000 	C:\WINDOWS\System32\gdi32full.dll
0x00007ffe6a680000 - 0x00007ffe6a71d000 	C:\WINDOWS\System32\msvcp_win.dll
0x00007ffe6aee0000 - 0x00007ffe6af10000 	C:\WINDOWS\System32\IMM32.DLL
0x00007ffe658e0000 - 0x00007ffe658ec000 	C:\Program Files\Android\Android Studio\jbr\bin\vcruntime140_1.dll
0x00007ffe5dac0000 - 0x00007ffe5db4d000 	C:\Program Files\Android\Android Studio\jbr\bin\msvcp140.dll
0x00007ffdcaf80000 - 0x00007ffdcbb3c000 	C:\Program Files\Android\Android Studio\jbr\bin\server\jvm.dll
0x00007ffe6b3d0000 - 0x00007ffe6b47e000 	C:\WINDOWS\System32\ADVAPI32.dll
0x00007ffe6c2b0000 - 0x00007ffe6c34c000 	C:\WINDOWS\System32\sechost.dll
0x00007ffe6adb0000 - 0x00007ffe6aed5000 	C:\WINDOWS\System32\RPCRT4.dll
0x00007ffe6c260000 - 0x00007ffe6c268000 	C:\WINDOWS\System32\PSAPI.DLL
0x00007ffe58140000 - 0x00007ffe58149000 	C:\WINDOWS\SYSTEM32\WSOCK32.dll
0x00007ffe623c0000 - 0x00007ffe623ca000 	C:\WINDOWS\SYSTEM32\VERSION.dll
0x00007ffe58650000 - 0x00007ffe58677000 	C:\WINDOWS\SYSTEM32\WINMM.dll
0x00007ffe6c820000 - 0x00007ffe6c88b000 	C:\WINDOWS\System32\WS2_32.dll
0x00007ffe68c70000 - 0x00007ffe68c82000 	C:\WINDOWS\SYSTEM32\kernel.appcore.dll
0x00007ffe65710000 - 0x00007ffe65720000 	C:\Program Files\Android\Android Studio\jbr\bin\verify.dll
0x00007ffe681a0000 - 0x00007ffe68384000 	C:\WINDOWS\SYSTEM32\DBGHELP.DLL
0x00007ffe51bc0000 - 0x00007ffe51bec000 	C:\WINDOWS\SYSTEM32\dbgcore.DLL
0x00007ffe6a720000 - 0x00007ffe6a7a2000 	C:\WINDOWS\System32\bcryptPrimitives.dll
0x00007ffe53550000 - 0x00007ffe53578000 	C:\Program Files\Android\Android Studio\jbr\bin\java.dll
0x00007ffe65690000 - 0x00007ffe6569a000 	C:\Program Files\Android\Android Studio\jbr\bin\jimage.dll
0x00007ffe64290000 - 0x00007ffe642a8000 	C:\Program Files\Android\Android Studio\jbr\bin\zip.dll
0x00007ffe6bb10000 - 0x00007ffe6c254000 	C:\WINDOWS\System32\SHELL32.dll
0x00007ffe68490000 - 0x00007ffe68c24000 	C:\WINDOWS\SYSTEM32\windows.storage.dll
0x00007ffe6b740000 - 0x00007ffe6ba94000 	C:\WINDOWS\System32\combase.dll
0x00007ffe69e10000 - 0x00007ffe69e3c000 	C:\WINDOWS\SYSTEM32\Wldp.dll
0x00007ffe6b320000 - 0x00007ffe6b3cd000 	C:\WINDOWS\System32\SHCORE.dll
0x00007ffe6ad50000 - 0x00007ffe6ada5000 	C:\WINDOWS\System32\shlwapi.dll
0x00007ffe6a2f0000 - 0x00007ffe6a30f000 	C:\WINDOWS\SYSTEM32\profapi.dll
0x00007ffe63f90000 - 0x00007ffe63fa9000 	C:\Program Files\Android\Android Studio\jbr\bin\net.dll
0x00007ffe65b80000 - 0x00007ffe65c8a000 	C:\WINDOWS\SYSTEM32\WINHTTP.dll
0x00007ffe69b70000 - 0x00007ffe69bda000 	C:\WINDOWS\system32\mswsock.dll
0x00007ffe63f00000 - 0x00007ffe63f13000 	C:\Program Files\Android\Android Studio\jbr\bin\nio.dll
0x00007ffe3ee10000 - 0x00007ffe3ee37000 	C:\Users\julia\.gradle\native\e1d6ef7f7dcc3fd88c89a11ec53ec762bb8ba0a96d01ffa2cd45eb1d1d8dd5c5\windows-amd64\native-platform.dll
0x00007ffe3b730000 - 0x00007ffe3b874000 	C:\Users\julia\.gradle\native\0d407fdbe67a94daf76414ababcb853783967236a71b16ec16e742cd7a986fd3\windows-amd64\native-platform-file-events.dll
0x00007ffe65680000 - 0x00007ffe6568a000 	C:\Program Files\Android\Android Studio\jbr\bin\management.dll
0x00007ffe642f0000 - 0x00007ffe642fb000 	C:\Program Files\Android\Android Studio\jbr\bin\management_ext.dll
0x00007ffe69d60000 - 0x00007ffe69d78000 	C:\WINDOWS\SYSTEM32\CRYPTSP.dll
0x00007ffe69480000 - 0x00007ffe694b4000 	C:\WINDOWS\system32\rsaenh.dll
0x00007ffe6ab00000 - 0x00007ffe6ab27000 	C:\WINDOWS\System32\bcrypt.dll
0x00007ffe6a2b0000 - 0x00007ffe6a2de000 	C:\WINDOWS\SYSTEM32\USERENV.dll
0x00007ffe69d80000 - 0x00007ffe69d8c000 	C:\WINDOWS\SYSTEM32\CRYPTBASE.dll
0x00007ffe69810000 - 0x00007ffe6984b000 	C:\WINDOWS\SYSTEM32\IPHLPAPI.DLL
0x00007ffe6baa0000 - 0x00007ffe6baa8000 	C:\WINDOWS\System32\NSI.dll
0x00007ffe623a0000 - 0x00007ffe623b7000 	C:\WINDOWS\SYSTEM32\dhcpcsvc6.DLL
0x00007ffe62380000 - 0x00007ffe6239d000 	C:\WINDOWS\SYSTEM32\dhcpcsvc.DLL
0x00007ffe69850000 - 0x00007ffe6991b000 	C:\WINDOWS\SYSTEM32\DNSAPI.dll
0x00007ffe3edf0000 - 0x00007ffe3ee0e000 	C:\Users\julia\AppData\Local\Temp\native-platform7821576028779770160dir\native-platform.dll

dbghelp: loaded successfully - version: 4.0.5 - missing functions: none
symbol engine: initialized successfully - sym options: 0x614 - pdb path: .;C:\Program Files\Android\Android Studio\jbr\bin;C:\WINDOWS\SYSTEM32;C:\WINDOWS\WinSxS\amd64_microsoft.windows.common-controls_6595b64144ccf1df_6.0.19041.1110_none_60b5254171f9507e;C:\Program Files\Android\Android Studio\jbr\bin\server;C:\Users\julia\.gradle\native\e1d6ef7f7dcc3fd88c89a11ec53ec762bb8ba0a96d01ffa2cd45eb1d1d8dd5c5\windows-amd64;C:\Users\julia\.gradle\native\0d407fdbe67a94daf76414ababcb853783967236a71b16ec16e742cd7a986fd3\windows-amd64;C:\Users\julia\AppData\Local\Temp\native-platform7821576028779770160dir

VM Arguments:
jvm_args: --add-opens=java.base/java.util=ALL-UNNAMED --add-opens=java.base/java.lang=ALL-UNNAMED --add-opens=java.base/java.lang.invoke=ALL-UNNAMED --add-opens=java.base/java.util=ALL-UNNAMED --add-opens=java.prefs/java.util.prefs=ALL-UNNAMED --add-opens=java.prefs/java.util.prefs=ALL-UNNAMED --add-opens=java.base/java.nio.charset=ALL-UNNAMED --add-opens=java.base/java.net=ALL-UNNAMED --add-opens=java.base/java.util.concurrent.atomic=ALL-UNNAMED -Xmx2048m -Dfile.encoding=UTF-8 -Duser.country=DK -Duser.language=da -Duser.variant 
java_command: org.gradle.launcher.daemon.bootstrap.GradleDaemon 7.5
java_class_path (initial): C:\Users\julia\.gradle\wrapper\dists\gradle-7.5-bin\f1w0cc9nuo0eivz97x2xlu9sv\gradle-7.5\lib\gradle-launcher-7.5.jar
Launcher Type: SUN_STANDARD

[Global flags]
     intx CICompilerCount                          = 4                                         {product} {ergonomic}
     uint ConcGCThreads                            = 2                                         {product} {ergonomic}
     uint G1ConcRefinementThreads                  = 8                                         {product} {ergonomic}
   size_t G1HeapRegionSize                         = 1048576                                   {product} {ergonomic}
    uintx GCDrainStackTargetSize                   = 64                                        {product} {ergonomic}
   size_t InitialHeapSize                          = 134217728                                 {product} {ergonomic}
   size_t MarkStackSize                            = 4194304                                   {product} {ergonomic}
   size_t MaxHeapSize                              = 2147483648                                {product} {command line}
   size_t MaxNewSize                               = 1287651328                                {product} {ergonomic}
   size_t MinHeapDeltaBytes                        = 1048576                                   {product} {ergonomic}
    uintx NonNMethodCodeHeapSize                   = 5836300                                {pd product} {ergonomic}
    uintx NonProfiledCodeHeapSize                  = 122910970                              {pd product} {ergonomic}
    uintx ProfiledCodeHeapSize                     = 122910970                              {pd product} {ergonomic}
    uintx ReservedCodeCacheSize                    = 251658240                              {pd product} {ergonomic}
     bool SegmentedCodeCache                       = true                                      {product} {ergonomic}
     bool UseCompressedClassPointers               = true                                 {lp64_product} {ergonomic}
     bool UseCompressedOops                        = true                                 {lp64_product} {ergonomic}
     bool UseG1GC                                  = true                                      {product} {ergonomic}
     bool UseLargePagesIndividualAllocation        = false                                  {pd product} {ergonomic}

Logging:
Log output configuration:
 #0: stdout all=warning uptime,level,tags
 #1: stderr all=off uptime,level,tags

Environment Variables:
PATH=C:\Program Files\Zulu\zulu-8\bin\;C:\Program Files\Common Files\Oracle\Java\javapath;C:\Program Files (x86)\Common Files\Oracle\Java\javapath;C:\Program Files (x86)\Intel\Intel(R) Management Engine Components\iCLS\;C:\Program Files\Intel\Intel(R) Management Engine Components\iCLS\;C:\WINDOWS\system32;C:\WINDOWS;C:\WINDOWS\System32\Wbem;C:\WINDOWS\System32\WindowsPowerShell\v1.0\;C:\WINDOWS\System32\OpenSSH\;C:\Program Files (x86)\Intel\Intel(R) Management Engine Components\DAL;C:\Program Files\Intel\Intel(R) Management Engine Components\DAL;C:\Program Files\Intel\WiFi\bin\;C:\Program Files\Common Files\Intel\WirelessCommon\;C:\Program Files\jEdit;C:\Program Files\Git\cmd;C:\Program Files\MATLAB\R2022a\bin;C:\Users\julia\AppData\Local\Microsoft\WindowsApps;C:\Users\julia\AppData\Local\Programs\Microsoft VS Code\bin;C:\Program Files\JetBrains\IntelliJ IDEA 2021.3.2\bin;;C:\Users\julia\AppData\Local\Programs\MiKTeX\miktex\bin\x64\
USERNAME=julia
OS=Windows_NT
PROCESSOR_IDENTIFIER=Intel64 Family 6 Model 142 Stepping 10, GenuineIntel



---------------  S Y S T E M  ---------------

OS: Windows 10 , 64 bit Build 19041 (10.0.19041.1741)
OS uptime: 15 days 11:18 hours

CPU:total 8 (initial active 8) (4 cores per cpu, 2 threads per core) family 6 model 142 stepping 10 microcode 0xb4, cmov, cx8, fxsr, mmx, sse, sse2, sse3, ssse3, sse4.1, sse4.2, popcnt, avx, avx2, aes, clmul, erms, 3dnowpref, lzcnt, ht, tsc, tscinvbit, bmi1, bmi2, adx, fma

Memory: 4k page, system-wide physical 8074M (488M free)
TotalPageFile size 32650M (AvailPageFile size 2M)
current process WorkingSet (physical memory assigned to process): 480M, peak: 485M
current process commit charge ("private bytes"): 519M, peak: 554M

vm_info: OpenJDK 64-Bit Server VM (11.0.15+0-b2043.56-9505619) for windows-amd64 JRE (11.0.15+0-b2043.56-9505619), built on Jan 19 2023 02:48:00 by "builduser" with unknown MS VC++:1929

END.
